<?xml version="1.0" encoding="UTF-8"?>
<coverage generated="1751398702975" clover="3.2.0">
  <project timestamp="1751398702975" name="All files">
    <metrics statements="1286" coveredstatements="1286" conditionals="179" coveredconditionals="179" methods="64" coveredmethods="64" elements="1529" coveredelements="1529" complexity="0" loc="1286" ncloc="1286" packages="2" files="8" classes="8"/>
    <package name="components.ui">
      <metrics statements="1280" coveredstatements="1280" conditionals="178" coveredconditionals="178" methods="63" coveredmethods="63"/>
      <file name="button.tsx" path="/Users/alanrivera/nextjs-project-setup/components/ui/button.tsx">
        <metrics statements="59" coveredstatements="59" conditionals="3" coveredconditionals="3" methods="1" coveredmethods="1"/>
        <line num="1" count="1" type="stmt"/>
        <line num="2" count="1" type="stmt"/>
        <line num="3" count="1" type="stmt"/>
        <line num="4" count="1" type="stmt"/>
        <line num="5" count="1" type="stmt"/>
        <line num="6" count="1" type="stmt"/>
        <line num="7" count="1" type="stmt"/>
        <line num="8" count="1" type="stmt"/>
        <line num="9" count="1" type="stmt"/>
        <line num="10" count="1" type="stmt"/>
        <line num="11" count="1" type="stmt"/>
        <line num="12" count="1" type="stmt"/>
        <line num="13" count="1" type="stmt"/>
        <line num="14" count="1" type="stmt"/>
        <line num="15" count="1" type="stmt"/>
        <line num="16" count="1" type="stmt"/>
        <line num="17" count="1" type="stmt"/>
        <line num="18" count="1" type="stmt"/>
        <line num="19" count="1" type="stmt"/>
        <line num="20" count="1" type="stmt"/>
        <line num="21" count="1" type="stmt"/>
        <line num="22" count="1" type="stmt"/>
        <line num="23" count="1" type="stmt"/>
        <line num="24" count="1" type="stmt"/>
        <line num="25" count="1" type="stmt"/>
        <line num="26" count="1" type="stmt"/>
        <line num="27" count="1" type="stmt"/>
        <line num="28" count="1" type="stmt"/>
        <line num="29" count="1" type="stmt"/>
        <line num="30" count="1" type="stmt"/>
        <line num="31" count="1" type="stmt"/>
        <line num="32" count="1" type="stmt"/>
        <line num="33" count="1" type="stmt"/>
        <line num="34" count="1" type="stmt"/>
        <line num="35" count="1" type="stmt"/>
        <line num="36" count="1" type="stmt"/>
        <line num="37" count="1" type="stmt"/>
        <line num="38" count="712" type="cond" truecount="1" falsecount="0"/>
        <line num="39" count="712" type="stmt"/>
        <line num="40" count="712" type="stmt"/>
        <line num="41" count="712" type="stmt"/>
        <line num="42" count="712" type="stmt"/>
        <line num="43" count="712" type="stmt"/>
        <line num="44" count="712" type="stmt"/>
        <line num="45" count="712" type="stmt"/>
        <line num="46" count="712" type="stmt"/>
        <line num="47" count="712" type="stmt"/>
        <line num="48" count="712" type="cond" truecount="2" falsecount="0"/>
        <line num="49" count="712" type="stmt"/>
        <line num="50" count="712" type="stmt"/>
        <line num="51" count="712" type="stmt"/>
        <line num="52" count="712" type="stmt"/>
        <line num="53" count="712" type="stmt"/>
        <line num="54" count="712" type="stmt"/>
        <line num="55" count="712" type="stmt"/>
        <line num="56" count="712" type="stmt"/>
        <line num="57" count="712" type="stmt"/>
        <line num="58" count="1" type="stmt"/>
        <line num="59" count="1" type="stmt"/>
      </file>
      <file name="flight-selection.tsx" path="/Users/alanrivera/nextjs-project-setup/components/ui/flight-selection.tsx">
        <metrics statements="565" coveredstatements="565" conditionals="109" coveredconditionals="109" methods="36" coveredmethods="36"/>
        <line num="1" count="1" type="stmt"/>
        <line num="2" count="1" type="stmt"/>
        <line num="3" count="1" type="stmt"/>
        <line num="4" count="1" type="stmt"/>
        <line num="5" count="1" type="stmt"/>
        <line num="6" count="1" type="stmt"/>
        <line num="7" count="1" type="stmt"/>
        <line num="8" count="1" type="stmt"/>
        <line num="9" count="1" type="stmt"/>
        <line num="10" count="1" type="stmt"/>
        <line num="11" count="1" type="stmt"/>
        <line num="12" count="1" type="stmt"/>
        <line num="13" count="1" type="stmt"/>
        <line num="14" count="1" type="stmt"/>
        <line num="15" count="1" type="stmt"/>
        <line num="16" count="1" type="stmt"/>
        <line num="17" count="1" type="stmt"/>
        <line num="18" count="1" type="stmt"/>
        <line num="19" count="1" type="stmt"/>
        <line num="20" count="1" type="stmt"/>
        <line num="21" count="1" type="stmt"/>
        <line num="22" count="1" type="stmt"/>
        <line num="23" count="1" type="stmt"/>
        <line num="24" count="1" type="stmt"/>
        <line num="25" count="1" type="stmt"/>
        <line num="26" count="1" type="cond" truecount="1" falsecount="0"/>
        <line num="27" count="256" type="stmt"/>
        <line num="28" count="256" type="stmt"/>
        <line num="29" count="256" type="stmt"/>
        <line num="30" count="256" type="stmt"/>
        <line num="31" count="256" type="stmt"/>
        <line num="32" count="256" type="stmt"/>
        <line num="33" count="256" type="stmt"/>
        <line num="34" count="256" type="stmt"/>
        <line num="35" count="256" type="stmt"/>
        <line num="36" count="256" type="stmt"/>
        <line num="37" count="256" type="stmt"/>
        <line num="38" count="256" type="stmt"/>
        <line num="39" count="256" type="stmt"/>
        <line num="40" count="256" type="stmt"/>
        <line num="41" count="256" type="stmt"/>
        <line num="42" count="256" type="stmt"/>
        <line num="43" count="256" type="cond" truecount="1" falsecount="0"/>
        <line num="44" count="256" type="cond" truecount="1" falsecount="0"/>
        <line num="45" count="256" type="cond" truecount="1" falsecount="0"/>
        <line num="46" count="256" type="cond" truecount="1" falsecount="0"/>
        <line num="47" count="256" type="stmt"/>
        <line num="48" count="256" type="stmt"/>
        <line num="49" count="256" type="stmt"/>
        <line num="50" count="256" type="stmt"/>
        <line num="51" count="256" type="stmt"/>
        <line num="52" count="256" type="stmt"/>
        <line num="53" count="256" type="stmt"/>
        <line num="54" count="256" type="stmt"/>
        <line num="55" count="256" type="stmt"/>
        <line num="56" count="256" type="stmt"/>
        <line num="57" count="256" type="stmt"/>
        <line num="58" count="256" type="stmt"/>
        <line num="59" count="256" type="stmt"/>
        <line num="60" count="256" type="cond" truecount="1" falsecount="0"/>
        <line num="61" count="139" type="stmt"/>
        <line num="62" count="139" type="stmt"/>
        <line num="63" count="139" type="cond" truecount="1" falsecount="0"/>
        <line num="64" count="1070022" type="stmt"/>
        <line num="65" count="1070022" type="stmt"/>
        <line num="66" count="1070022" type="cond" truecount="1" falsecount="0"/>
        <line num="67" count="1070022" type="cond" truecount="1" falsecount="0"/>
        <line num="68" count="1070022" type="stmt"/>
        <line num="69" count="1070022" type="cond" truecount="1" falsecount="0"/>
        <line num="70" count="1070022" type="cond" truecount="1" falsecount="0"/>
        <line num="71" count="1070022" type="stmt"/>
        <line num="72" count="1070022" type="stmt"/>
        <line num="73" count="1070022" type="cond" truecount="1" falsecount="0"/>
        <line num="74" count="1070022" type="stmt"/>
        <line num="75" count="1070022" type="cond" truecount="1" falsecount="0"/>
        <line num="76" count="1070022" type="cond" truecount="1" falsecount="0"/>
        <line num="77" count="1070022" type="cond" truecount="1" falsecount="0"/>
        <line num="78" count="1070022" type="cond" truecount="1" falsecount="0"/>
        <line num="79" count="1070022" type="cond" truecount="1" falsecount="0"/>
        <line num="80" count="1070022" type="stmt"/>
        <line num="81" count="139" type="stmt"/>
        <line num="82" count="139" type="cond" truecount="1" falsecount="0"/>
        <line num="83" count="139" type="cond" truecount="1" falsecount="0"/>
        <line num="84" count="139" type="cond" truecount="1" falsecount="0"/>
        <line num="85" count="139" type="stmt"/>
        <line num="86" count="256" type="stmt"/>
        <line num="87" count="256" type="stmt"/>
        <line num="88" count="256" type="cond" truecount="1" falsecount="0"/>
        <line num="89" count="52" type="stmt"/>
        <line num="90" count="52" type="stmt"/>
        <line num="91" count="52" type="stmt"/>
        <line num="92" count="256" type="stmt"/>
        <line num="93" count="256" type="cond" truecount="1" falsecount="0"/>
        <line num="94" count="21" type="stmt"/>
        <line num="95" count="21" type="stmt"/>
        <line num="96" count="21" type="stmt"/>
        <line num="97" count="256" type="stmt"/>
        <line num="98" count="256" type="stmt"/>
        <line num="99" count="256" type="stmt"/>
        <line num="100" count="256" type="cond" truecount="1" falsecount="0"/>
        <line num="101" count="80" type="cond" truecount="1" falsecount="0"/>
        <line num="102" count="80" type="stmt"/>
        <line num="103" count="80" type="stmt"/>
        <line num="104" count="80" type="stmt"/>
        <line num="105" count="80" type="stmt"/>
        <line num="106" count="256" type="stmt"/>
        <line num="107" count="256" type="cond" truecount="1" falsecount="0"/>
        <line num="108" count="35" type="stmt"/>
        <line num="109" count="35" type="stmt"/>
        <line num="110" count="35" type="cond" truecount="1" falsecount="0"/>
        <line num="111" count="35" type="stmt"/>
        <line num="112" count="35" type="stmt"/>
        <line num="113" count="35" type="stmt"/>
        <line num="114" count="35" type="stmt"/>
        <line num="115" count="256" type="stmt"/>
        <line num="116" count="256" type="cond" truecount="1" falsecount="0"/>
        <line num="117" count="31" type="stmt"/>
        <line num="118" count="31" type="stmt"/>
        <line num="119" count="31" type="cond" truecount="1" falsecount="0"/>
        <line num="120" count="31" type="stmt"/>
        <line num="121" count="31" type="stmt"/>
        <line num="122" count="31" type="stmt"/>
        <line num="123" count="31" type="stmt"/>
        <line num="124" count="256" type="stmt"/>
        <line num="125" count="256" type="cond" truecount="1" falsecount="0"/>
        <line num="126" count="256" type="cond" truecount="1" falsecount="0"/>
        <line num="127" count="18" type="cond" truecount="1" falsecount="0"/>
        <line num="128" count="18" type="cond" truecount="1" falsecount="0"/>
        <line num="129" count="18" type="cond" truecount="1" falsecount="0"/>
        <line num="130" count="256" type="stmt"/>
        <line num="131" count="256" type="cond" truecount="1" falsecount="0"/>
        <line num="132" count="1" type="cond" truecount="2" falsecount="0"/>
        <line num="133" count="1" type="cond" truecount="2" falsecount="0"/>
        <line num="134" count="1" type="cond" truecount="2" falsecount="0"/>
        <line num="135" count="256" type="stmt"/>
        <line num="136" count="256" type="stmt"/>
        <line num="137" count="256" type="stmt"/>
        <line num="138" count="256" type="cond" truecount="1" falsecount="0"/>
        <line num="139" count="2" type="stmt"/>
        <line num="140" count="2" type="stmt"/>
        <line num="141" count="256" type="stmt"/>
        <line num="142" count="256" type="stmt"/>
        <line num="143" count="256" type="stmt"/>
        <line num="144" count="256" type="cond" truecount="1" falsecount="0"/>
        <line num="145" count="13" type="stmt"/>
        <line num="146" count="13" type="stmt"/>
        <line num="147" count="13" type="stmt"/>
        <line num="148" count="13" type="stmt"/>
        <line num="149" count="13" type="cond" truecount="2" falsecount="0"/>
        <line num="150" count="13" type="cond" truecount="2" falsecount="0"/>
        <line num="151" count="13" type="cond" truecount="2" falsecount="0"/>
        <line num="152" count="13" type="stmt"/>
        <line num="153" count="13" type="cond" truecount="2" falsecount="0"/>
        <line num="154" count="13" type="stmt"/>
        <line num="155" count="13" type="stmt"/>
        <line num="156" count="256" type="stmt"/>
        <line num="157" count="256" type="stmt"/>
        <line num="158" count="256" type="stmt"/>
        <line num="159" count="256" type="stmt"/>
        <line num="160" count="256" type="stmt"/>
        <line num="161" count="256" type="stmt"/>
        <line num="162" count="256" type="stmt"/>
        <line num="163" count="256" type="stmt"/>
        <line num="164" count="256" type="stmt"/>
        <line num="165" count="256" type="stmt"/>
        <line num="166" count="256" type="stmt"/>
        <line num="167" count="256" type="cond" truecount="1" falsecount="0"/>
        <line num="168" count="6" type="stmt"/>
        <line num="169" count="6" type="cond" truecount="1" falsecount="0"/>
        <line num="170" count="1" type="stmt"/>
        <line num="171" count="1" type="stmt"/>
        <line num="172" count="1" type="stmt"/>
        <line num="173" count="1" type="stmt"/>
        <line num="174" count="6" type="stmt"/>
        <line num="175" count="256" type="stmt"/>
        <line num="176" count="256" type="stmt"/>
        <line num="177" count="256" type="cond" truecount="1" falsecount="0"/>
        <line num="178" count="768" type="stmt"/>
        <line num="179" count="768" type="stmt"/>
        <line num="180" count="768" type="cond" truecount="1" falsecount="0"/>
        <line num="181" count="768" type="stmt"/>
        <line num="182" count="768" type="stmt"/>
        <line num="183" count="768" type="cond" truecount="2" falsecount="0"/>
        <line num="184" count="768" type="stmt"/>
        <line num="185" count="768" type="stmt"/>
        <line num="186" count="768" type="stmt"/>
        <line num="187" count="768" type="stmt"/>
        <line num="188" count="768" type="stmt"/>
        <line num="189" count="768" type="stmt"/>
        <line num="190" count="768" type="stmt"/>
        <line num="191" count="256" type="stmt"/>
        <line num="192" count="256" type="stmt"/>
        <line num="193" count="256" type="stmt"/>
        <line num="194" count="256" type="stmt"/>
        <line num="195" count="256" type="stmt"/>
        <line num="196" count="256" type="stmt"/>
        <line num="197" count="256" type="stmt"/>
        <line num="198" count="256" type="stmt"/>
        <line num="199" count="256" type="stmt"/>
        <line num="200" count="256" type="stmt"/>
        <line num="201" count="256" type="stmt"/>
        <line num="202" count="256" type="stmt"/>
        <line num="203" count="256" type="stmt"/>
        <line num="204" count="256" type="stmt"/>
        <line num="205" count="256" type="stmt"/>
        <line num="206" count="256" type="stmt"/>
        <line num="207" count="256" type="cond" truecount="1" falsecount="0"/>
        <line num="208" count="256" type="stmt"/>
        <line num="209" count="256" type="stmt"/>
        <line num="210" count="256" type="stmt"/>
        <line num="211" count="256" type="stmt"/>
        <line num="212" count="256" type="stmt"/>
        <line num="213" count="256" type="stmt"/>
        <line num="214" count="256" type="stmt"/>
        <line num="215" count="256" type="stmt"/>
        <line num="216" count="256" type="stmt"/>
        <line num="217" count="256" type="cond" truecount="1" falsecount="0"/>
        <line num="218" count="256" type="stmt"/>
        <line num="219" count="256" type="stmt"/>
        <line num="220" count="256" type="stmt"/>
        <line num="221" count="256" type="stmt"/>
        <line num="222" count="256" type="stmt"/>
        <line num="223" count="256" type="stmt"/>
        <line num="224" count="256" type="stmt"/>
        <line num="225" count="256" type="stmt"/>
        <line num="226" count="256" type="stmt"/>
        <line num="227" count="256" type="stmt"/>
        <line num="228" count="256" type="stmt"/>
        <line num="229" count="256" type="stmt"/>
        <line num="230" count="256" type="stmt"/>
        <line num="231" count="256" type="stmt"/>
        <line num="232" count="256" type="stmt"/>
        <line num="233" count="256" type="stmt"/>
        <line num="234" count="256" type="stmt"/>
        <line num="235" count="256" type="stmt"/>
        <line num="236" count="256" type="stmt"/>
        <line num="237" count="256" type="cond" truecount="1" falsecount="0"/>
        <line num="238" count="256" type="stmt"/>
        <line num="239" count="256" type="stmt"/>
        <line num="240" count="256" type="stmt"/>
        <line num="241" count="256" type="stmt"/>
        <line num="242" count="256" type="stmt"/>
        <line num="243" count="256" type="stmt"/>
        <line num="244" count="256" type="stmt"/>
        <line num="245" count="256" type="stmt"/>
        <line num="246" count="256" type="stmt"/>
        <line num="247" count="256" type="cond" truecount="1" falsecount="0"/>
        <line num="248" count="256" type="stmt"/>
        <line num="249" count="256" type="stmt"/>
        <line num="250" count="256" type="stmt"/>
        <line num="251" count="256" type="stmt"/>
        <line num="252" count="256" type="stmt"/>
        <line num="253" count="256" type="stmt"/>
        <line num="254" count="256" type="stmt"/>
        <line num="255" count="256" type="stmt"/>
        <line num="256" count="256" type="stmt"/>
        <line num="257" count="256" type="stmt"/>
        <line num="258" count="256" type="stmt"/>
        <line num="259" count="256" type="stmt"/>
        <line num="260" count="256" type="stmt"/>
        <line num="261" count="256" type="stmt"/>
        <line num="262" count="256" type="stmt"/>
        <line num="263" count="256" type="stmt"/>
        <line num="264" count="256" type="cond" truecount="1" falsecount="0"/>
        <line num="265" count="256" type="stmt"/>
        <line num="266" count="256" type="stmt"/>
        <line num="267" count="256" type="stmt"/>
        <line num="268" count="256" type="stmt"/>
        <line num="269" count="256" type="stmt"/>
        <line num="270" count="256" type="stmt"/>
        <line num="271" count="256" type="stmt"/>
        <line num="272" count="256" type="stmt"/>
        <line num="273" count="256" type="stmt"/>
        <line num="274" count="256" type="stmt"/>
        <line num="275" count="256" type="stmt"/>
        <line num="276" count="256" type="cond" truecount="1" falsecount="0"/>
        <line num="277" count="132" type="stmt"/>
        <line num="278" count="132" type="stmt"/>
        <line num="279" count="132" type="stmt"/>
        <line num="280" count="132" type="stmt"/>
        <line num="281" count="132" type="stmt"/>
        <line num="282" count="132" type="stmt"/>
        <line num="283" count="132" type="stmt"/>
        <line num="284" count="132" type="stmt"/>
        <line num="285" count="132" type="stmt"/>
        <line num="286" count="132" type="stmt"/>
        <line num="287" count="132" type="stmt"/>
        <line num="288" count="132" type="cond" truecount="1" falsecount="0"/>
        <line num="289" count="132" type="stmt"/>
        <line num="290" count="132" type="stmt"/>
        <line num="291" count="132" type="stmt"/>
        <line num="292" count="132" type="stmt"/>
        <line num="293" count="132" type="stmt"/>
        <line num="294" count="132" type="cond" truecount="2" falsecount="0"/>
        <line num="295" count="72" type="stmt"/>
        <line num="296" count="72" type="cond" truecount="1" falsecount="0"/>
        <line num="297" count="110329" type="stmt"/>
        <line num="298" count="110329" type="stmt"/>
        <line num="299" count="110329" type="stmt"/>
        <line num="300" count="110329" type="cond" truecount="1" falsecount="0"/>
        <line num="301" count="1" type="stmt"/>
        <line num="302" count="1" type="stmt"/>
        <line num="303" count="1" type="stmt"/>
        <line num="304" count="110329" type="stmt"/>
        <line num="305" count="110329" type="stmt"/>
        <line num="306" count="110329" type="stmt"/>
        <line num="307" count="110329" type="stmt"/>
        <line num="308" count="72" type="stmt"/>
        <line num="309" count="72" type="stmt"/>
        <line num="310" count="132" type="stmt"/>
        <line num="311" count="132" type="stmt"/>
        <line num="312" count="132" type="stmt"/>
        <line num="313" count="132" type="stmt"/>
        <line num="314" count="132" type="stmt"/>
        <line num="315" count="132" type="stmt"/>
        <line num="316" count="132" type="stmt"/>
        <line num="317" count="132" type="stmt"/>
        <line num="318" count="132" type="stmt"/>
        <line num="319" count="132" type="stmt"/>
        <line num="320" count="132" type="stmt"/>
        <line num="321" count="132" type="stmt"/>
        <line num="322" count="132" type="stmt"/>
        <line num="323" count="132" type="stmt"/>
        <line num="324" count="132" type="stmt"/>
        <line num="325" count="132" type="stmt"/>
        <line num="326" count="132" type="stmt"/>
        <line num="327" count="132" type="stmt"/>
        <line num="328" count="132" type="stmt"/>
        <line num="329" count="132" type="stmt"/>
        <line num="330" count="132" type="stmt"/>
        <line num="331" count="132" type="stmt"/>
        <line num="332" count="132" type="stmt"/>
        <line num="333" count="132" type="stmt"/>
        <line num="334" count="132" type="stmt"/>
        <line num="335" count="132" type="stmt"/>
        <line num="336" count="132" type="stmt"/>
        <line num="337" count="132" type="stmt"/>
        <line num="338" count="132" type="cond" truecount="1" falsecount="0"/>
        <line num="339" count="132" type="stmt"/>
        <line num="340" count="132" type="stmt"/>
        <line num="341" count="132" type="stmt"/>
        <line num="342" count="132" type="stmt"/>
        <line num="343" count="132" type="stmt"/>
        <line num="344" count="132" type="cond" truecount="2" falsecount="0"/>
        <line num="345" count="26" type="stmt"/>
        <line num="346" count="26" type="cond" truecount="1" falsecount="0"/>
        <line num="347" count="49702" type="stmt"/>
        <line num="348" count="49702" type="stmt"/>
        <line num="349" count="49702" type="stmt"/>
        <line num="350" count="49702" type="cond" truecount="1" falsecount="0"/>
        <line num="351" count="1" type="stmt"/>
        <line num="352" count="1" type="stmt"/>
        <line num="353" count="1" type="stmt"/>
        <line num="354" count="49702" type="stmt"/>
        <line num="355" count="49702" type="stmt"/>
        <line num="356" count="49702" type="stmt"/>
        <line num="357" count="49702" type="stmt"/>
        <line num="358" count="26" type="stmt"/>
        <line num="359" count="26" type="stmt"/>
        <line num="360" count="132" type="stmt"/>
        <line num="361" count="132" type="stmt"/>
        <line num="362" count="132" type="stmt"/>
        <line num="363" count="132" type="stmt"/>
        <line num="364" count="132" type="stmt"/>
        <line num="365" count="132" type="stmt"/>
        <line num="366" count="132" type="stmt"/>
        <line num="367" count="132" type="stmt"/>
        <line num="368" count="132" type="stmt"/>
        <line num="369" count="132" type="stmt"/>
        <line num="370" count="132" type="stmt"/>
        <line num="371" count="132" type="stmt"/>
        <line num="372" count="132" type="cond" truecount="2" falsecount="0"/>
        <line num="373" count="132" type="cond" truecount="3" falsecount="0"/>
        <line num="374" count="132" type="stmt"/>
        <line num="375" count="132" type="stmt"/>
        <line num="376" count="132" type="stmt"/>
        <line num="377" count="132" type="stmt"/>
        <line num="378" count="132" type="stmt"/>
        <line num="379" count="132" type="stmt"/>
        <line num="380" count="132" type="stmt"/>
        <line num="381" count="132" type="stmt"/>
        <line num="382" count="132" type="stmt"/>
        <line num="383" count="132" type="stmt"/>
        <line num="384" count="132" type="stmt"/>
        <line num="385" count="132" type="stmt"/>
        <line num="386" count="132" type="stmt"/>
        <line num="387" count="132" type="stmt"/>
        <line num="388" count="132" type="cond" truecount="2" falsecount="0"/>
        <line num="389" count="132" type="cond" truecount="3" falsecount="0"/>
        <line num="390" count="132" type="cond" truecount="1" falsecount="0"/>
        <line num="391" count="132" type="stmt"/>
        <line num="392" count="132" type="stmt"/>
        <line num="393" count="132" type="stmt"/>
        <line num="394" count="132" type="stmt"/>
        <line num="395" count="132" type="stmt"/>
        <line num="396" count="256" type="stmt"/>
        <line num="397" count="256" type="stmt"/>
        <line num="398" count="256" type="stmt"/>
        <line num="399" count="256" type="stmt"/>
        <line num="400" count="256" type="cond" truecount="1" falsecount="0"/>
        <line num="401" count="124" type="stmt"/>
        <line num="402" count="124" type="cond" truecount="1" falsecount="0"/>
        <line num="403" count="223" type="stmt"/>
        <line num="404" count="223" type="stmt"/>
        <line num="405" count="223" type="stmt"/>
        <line num="406" count="223" type="stmt"/>
        <line num="407" count="223" type="stmt"/>
        <line num="408" count="223" type="stmt"/>
        <line num="409" count="223" type="stmt"/>
        <line num="410" count="223" type="stmt"/>
        <line num="411" count="223" type="stmt"/>
        <line num="412" count="223" type="stmt"/>
        <line num="413" count="223" type="stmt"/>
        <line num="414" count="223" type="cond" truecount="1" falsecount="0"/>
        <line num="415" count="6" type="stmt"/>
        <line num="416" count="6" type="stmt"/>
        <line num="417" count="6" type="stmt"/>
        <line num="418" count="6" type="stmt"/>
        <line num="419" count="223" type="cond" truecount="1" falsecount="0"/>
        <line num="420" count="223" type="stmt"/>
        <line num="421" count="223" type="stmt"/>
        <line num="422" count="223" type="stmt"/>
        <line num="423" count="223" type="stmt"/>
        <line num="424" count="223" type="cond" truecount="2" falsecount="0"/>
        <line num="425" count="74" type="stmt"/>
        <line num="426" count="74" type="cond" truecount="1" falsecount="0"/>
        <line num="427" count="100574" type="stmt"/>
        <line num="428" count="100574" type="stmt"/>
        <line num="429" count="100574" type="stmt"/>
        <line num="430" count="100574" type="cond" truecount="1" falsecount="0"/>
        <line num="431" count="2" type="stmt"/>
        <line num="432" count="2" type="stmt"/>
        <line num="433" count="2" type="stmt"/>
        <line num="434" count="2" type="stmt"/>
        <line num="435" count="2" type="stmt"/>
        <line num="436" count="100574" type="stmt"/>
        <line num="437" count="100574" type="stmt"/>
        <line num="438" count="100574" type="stmt"/>
        <line num="439" count="100574" type="stmt"/>
        <line num="440" count="74" type="stmt"/>
        <line num="441" count="74" type="stmt"/>
        <line num="442" count="223" type="stmt"/>
        <line num="443" count="223" type="stmt"/>
        <line num="444" count="223" type="stmt"/>
        <line num="445" count="223" type="stmt"/>
        <line num="446" count="223" type="stmt"/>
        <line num="447" count="223" type="stmt"/>
        <line num="448" count="223" type="stmt"/>
        <line num="449" count="223" type="stmt"/>
        <line num="450" count="223" type="stmt"/>
        <line num="451" count="223" type="cond" truecount="1" falsecount="0"/>
        <line num="452" count="1" type="stmt"/>
        <line num="453" count="1" type="stmt"/>
        <line num="454" count="1" type="stmt"/>
        <line num="455" count="1" type="stmt"/>
        <line num="456" count="223" type="stmt"/>
        <line num="457" count="223" type="stmt"/>
        <line num="458" count="223" type="stmt"/>
        <line num="459" count="223" type="stmt"/>
        <line num="460" count="223" type="stmt"/>
        <line num="461" count="223" type="stmt"/>
        <line num="462" count="223" type="stmt"/>
        <line num="463" count="223" type="stmt"/>
        <line num="464" count="223" type="stmt"/>
        <line num="465" count="223" type="stmt"/>
        <line num="466" count="223" type="stmt"/>
        <line num="467" count="223" type="stmt"/>
        <line num="468" count="223" type="stmt"/>
        <line num="469" count="223" type="stmt"/>
        <line num="470" count="223" type="stmt"/>
        <line num="471" count="223" type="stmt"/>
        <line num="472" count="223" type="cond" truecount="1" falsecount="0"/>
        <line num="473" count="6" type="stmt"/>
        <line num="474" count="6" type="stmt"/>
        <line num="475" count="6" type="stmt"/>
        <line num="476" count="6" type="stmt"/>
        <line num="477" count="223" type="cond" truecount="1" falsecount="0"/>
        <line num="478" count="223" type="stmt"/>
        <line num="479" count="223" type="stmt"/>
        <line num="480" count="223" type="stmt"/>
        <line num="481" count="223" type="stmt"/>
        <line num="482" count="223" type="cond" truecount="2" falsecount="0"/>
        <line num="483" count="47" type="stmt"/>
        <line num="484" count="47" type="cond" truecount="1" falsecount="0"/>
        <line num="485" count="81499" type="stmt"/>
        <line num="486" count="81499" type="stmt"/>
        <line num="487" count="81499" type="stmt"/>
        <line num="488" count="81499" type="cond" truecount="1" falsecount="0"/>
        <line num="489" count="2" type="stmt"/>
        <line num="490" count="2" type="stmt"/>
        <line num="491" count="2" type="stmt"/>
        <line num="492" count="2" type="stmt"/>
        <line num="493" count="2" type="stmt"/>
        <line num="494" count="81499" type="stmt"/>
        <line num="495" count="81499" type="stmt"/>
        <line num="496" count="81499" type="stmt"/>
        <line num="497" count="81499" type="stmt"/>
        <line num="498" count="47" type="stmt"/>
        <line num="499" count="47" type="stmt"/>
        <line num="500" count="223" type="stmt"/>
        <line num="501" count="223" type="stmt"/>
        <line num="502" count="223" type="stmt"/>
        <line num="503" count="223" type="stmt"/>
        <line num="504" count="223" type="stmt"/>
        <line num="505" count="223" type="stmt"/>
        <line num="506" count="223" type="stmt"/>
        <line num="507" count="223" type="stmt"/>
        <line num="508" count="223" type="stmt"/>
        <line num="509" count="223" type="stmt"/>
        <line num="510" count="223" type="stmt"/>
        <line num="511" count="223" type="cond" truecount="2" falsecount="0"/>
        <line num="512" count="223" type="cond" truecount="3" falsecount="0"/>
        <line num="513" count="223" type="stmt"/>
        <line num="514" count="223" type="stmt"/>
        <line num="515" count="223" type="stmt"/>
        <line num="516" count="223" type="stmt"/>
        <line num="517" count="223" type="stmt"/>
        <line num="518" count="223" type="stmt"/>
        <line num="519" count="223" type="cond" truecount="1" falsecount="0"/>
        <line num="520" count="99" type="stmt"/>
        <line num="521" count="99" type="stmt"/>
        <line num="522" count="99" type="stmt"/>
        <line num="523" count="99" type="stmt"/>
        <line num="524" count="99" type="cond" truecount="1" falsecount="0"/>
        <line num="525" count="99" type="stmt"/>
        <line num="526" count="99" type="stmt"/>
        <line num="527" count="99" type="stmt"/>
        <line num="528" count="99" type="stmt"/>
        <line num="529" count="99" type="stmt"/>
        <line num="530" count="223" type="stmt"/>
        <line num="531" count="223" type="stmt"/>
        <line num="532" count="124" type="stmt"/>
        <line num="533" count="124" type="stmt"/>
        <line num="534" count="124" type="stmt"/>
        <line num="535" count="124" type="stmt"/>
        <line num="536" count="124" type="stmt"/>
        <line num="537" count="124" type="stmt"/>
        <line num="538" count="124" type="stmt"/>
        <line num="539" count="124" type="stmt"/>
        <line num="540" count="124" type="stmt"/>
        <line num="541" count="124" type="stmt"/>
        <line num="542" count="124" type="stmt"/>
        <line num="543" count="3" type="cond" truecount="1" falsecount="0"/>
        <line num="544" count="121" type="cond" truecount="1" falsecount="0"/>
        <line num="545" count="124" type="stmt"/>
        <line num="546" count="124" type="stmt"/>
        <line num="547" count="124" type="cond" truecount="2" falsecount="0"/>
        <line num="548" count="124" type="stmt"/>
        <line num="549" count="124" type="stmt"/>
        <line num="550" count="124" type="stmt"/>
        <line num="551" count="124" type="stmt"/>
        <line num="552" count="256" type="stmt"/>
        <line num="553" count="256" type="stmt"/>
        <line num="554" count="256" type="stmt"/>
        <line num="555" count="256" type="stmt"/>
        <line num="556" count="256" type="stmt"/>
        <line num="557" count="256" type="stmt"/>
        <line num="558" count="256" type="stmt"/>
        <line num="559" count="256" type="stmt"/>
        <line num="560" count="256" type="stmt"/>
        <line num="561" count="256" type="stmt"/>
        <line num="562" count="256" type="stmt"/>
        <line num="563" count="256" type="stmt"/>
        <line num="564" count="256" type="stmt"/>
        <line num="565" count="256" type="stmt"/>
      </file>
      <file name="label.tsx" path="/Users/alanrivera/nextjs-project-setup/components/ui/label.tsx">
        <metrics statements="24" coveredstatements="24" conditionals="1" coveredconditionals="1" methods="1" coveredmethods="1"/>
        <line num="1" count="1" type="stmt"/>
        <line num="2" count="1" type="stmt"/>
        <line num="3" count="1" type="stmt"/>
        <line num="4" count="1" type="stmt"/>
        <line num="5" count="1" type="stmt"/>
        <line num="6" count="1" type="stmt"/>
        <line num="7" count="1" type="stmt"/>
        <line num="8" count="2758" type="cond" truecount="1" falsecount="0"/>
        <line num="9" count="2758" type="stmt"/>
        <line num="10" count="2758" type="stmt"/>
        <line num="11" count="2758" type="stmt"/>
        <line num="12" count="2758" type="stmt"/>
        <line num="13" count="2758" type="stmt"/>
        <line num="14" count="2758" type="stmt"/>
        <line num="15" count="2758" type="stmt"/>
        <line num="16" count="2758" type="stmt"/>
        <line num="17" count="2758" type="stmt"/>
        <line num="18" count="2758" type="stmt"/>
        <line num="19" count="2758" type="stmt"/>
        <line num="20" count="2758" type="stmt"/>
        <line num="21" count="2758" type="stmt"/>
        <line num="22" count="2758" type="stmt"/>
        <line num="23" count="1" type="stmt"/>
        <line num="24" count="1" type="stmt"/>
      </file>
      <file name="radio-group.tsx" path="/Users/alanrivera/nextjs-project-setup/components/ui/radio-group.tsx">
        <metrics statements="45" coveredstatements="45" conditionals="2" coveredconditionals="2" methods="2" coveredmethods="2"/>
        <line num="1" count="1" type="stmt"/>
        <line num="2" count="1" type="stmt"/>
        <line num="3" count="1" type="stmt"/>
        <line num="4" count="1" type="stmt"/>
        <line num="5" count="1" type="stmt"/>
        <line num="6" count="1" type="stmt"/>
        <line num="7" count="1" type="stmt"/>
        <line num="8" count="1" type="stmt"/>
        <line num="9" count="256" type="cond" truecount="1" falsecount="0"/>
        <line num="10" count="256" type="stmt"/>
        <line num="11" count="256" type="stmt"/>
        <line num="12" count="256" type="stmt"/>
        <line num="13" count="256" type="stmt"/>
        <line num="14" count="256" type="stmt"/>
        <line num="15" count="256" type="stmt"/>
        <line num="16" count="256" type="stmt"/>
        <line num="17" count="256" type="stmt"/>
        <line num="18" count="256" type="stmt"/>
        <line num="19" count="256" type="stmt"/>
        <line num="20" count="256" type="stmt"/>
        <line num="21" count="1" type="stmt"/>
        <line num="22" count="768" type="cond" truecount="1" falsecount="0"/>
        <line num="23" count="768" type="stmt"/>
        <line num="24" count="768" type="stmt"/>
        <line num="25" count="768" type="stmt"/>
        <line num="26" count="768" type="stmt"/>
        <line num="27" count="768" type="stmt"/>
        <line num="28" count="768" type="stmt"/>
        <line num="29" count="768" type="stmt"/>
        <line num="30" count="768" type="stmt"/>
        <line num="31" count="768" type="stmt"/>
        <line num="32" count="768" type="stmt"/>
        <line num="33" count="768" type="stmt"/>
        <line num="34" count="768" type="stmt"/>
        <line num="35" count="768" type="stmt"/>
        <line num="36" count="768" type="stmt"/>
        <line num="37" count="768" type="stmt"/>
        <line num="38" count="768" type="stmt"/>
        <line num="39" count="768" type="stmt"/>
        <line num="40" count="768" type="stmt"/>
        <line num="41" count="768" type="stmt"/>
        <line num="42" count="768" type="stmt"/>
        <line num="43" count="768" type="stmt"/>
        <line num="44" count="1" type="stmt"/>
        <line num="45" count="1" type="stmt"/>
      </file>
      <file name="search-carousel.tsx" path="/Users/alanrivera/nextjs-project-setup/components/ui/search-carousel.tsx">
        <metrics statements="32" coveredstatements="32" conditionals="1" coveredconditionals="1" methods="1" coveredmethods="1"/>
        <line num="1" count="1" type="stmt"/>
        <line num="2" count="1" type="stmt"/>
        <line num="3" count="1" type="stmt"/>
        <line num="4" count="1" type="stmt"/>
        <line num="5" count="1" type="stmt"/>
        <line num="6" count="1" type="stmt"/>
        <line num="7" count="1" type="stmt"/>
        <line num="8" count="1" type="stmt"/>
        <line num="9" count="1" type="stmt"/>
        <line num="10" count="1" type="stmt"/>
        <line num="11" count="1" type="stmt"/>
        <line num="12" count="1" type="stmt"/>
        <line num="13" count="1" type="stmt"/>
        <line num="14" count="1" type="cond" truecount="1" falsecount="0"/>
        <line num="15" count="2" type="stmt"/>
        <line num="16" count="2" type="stmt"/>
        <line num="17" count="2" type="stmt"/>
        <line num="18" count="2" type="stmt"/>
        <line num="19" count="2" type="stmt"/>
        <line num="20" count="2" type="stmt"/>
        <line num="21" count="2" type="stmt"/>
        <line num="22" count="2" type="stmt"/>
        <line num="23" count="2" type="stmt"/>
        <line num="24" count="2" type="stmt"/>
        <line num="25" count="2" type="stmt"/>
        <line num="26" count="2" type="stmt"/>
        <line num="27" count="2" type="stmt"/>
        <line num="28" count="2" type="stmt"/>
        <line num="29" count="2" type="stmt"/>
        <line num="30" count="2" type="stmt"/>
        <line num="31" count="2" type="stmt"/>
        <line num="32" count="2" type="stmt"/>
      </file>
      <file name="select-hotel.tsx" path="/Users/alanrivera/nextjs-project-setup/components/ui/select-hotel.tsx">
        <metrics statements="206" coveredstatements="206" conditionals="17" coveredconditionals="17" methods="5" coveredmethods="5"/>
        <line num="1" count="1" type="stmt"/>
        <line num="2" count="1" type="stmt"/>
        <line num="3" count="1" type="stmt"/>
        <line num="4" count="1" type="stmt"/>
        <line num="5" count="1" type="stmt"/>
        <line num="6" count="1" type="stmt"/>
        <line num="7" count="1" type="cond" truecount="1" falsecount="0"/>
        <line num="8" count="26" type="stmt"/>
        <line num="9" count="26" type="stmt"/>
        <line num="10" count="26" type="stmt"/>
        <line num="11" count="26" type="stmt"/>
        <line num="12" count="26" type="stmt"/>
        <line num="13" count="26" type="stmt"/>
        <line num="14" count="26" type="stmt"/>
        <line num="15" count="26" type="stmt"/>
        <line num="16" count="26" type="cond" truecount="1" falsecount="0"/>
        <line num="17" count="8" type="stmt"/>
        <line num="18" count="8" type="stmt"/>
        <line num="19" count="8" type="stmt"/>
        <line num="20" count="8" type="cond" truecount="2" falsecount="0"/>
        <line num="21" count="8" type="cond" truecount="2" falsecount="0"/>
        <line num="22" count="8" type="stmt"/>
        <line num="23" count="8" type="stmt"/>
        <line num="24" count="8" type="stmt"/>
        <line num="25" count="8" type="stmt"/>
        <line num="26" count="8" type="stmt"/>
        <line num="27" count="26" type="stmt"/>
        <line num="28" count="26" type="stmt"/>
        <line num="29" count="26" type="stmt"/>
        <line num="30" count="26" type="stmt"/>
        <line num="31" count="26" type="stmt"/>
        <line num="32" count="26" type="stmt"/>
        <line num="33" count="26" type="stmt"/>
        <line num="34" count="26" type="stmt"/>
        <line num="35" count="26" type="stmt"/>
        <line num="36" count="26" type="stmt"/>
        <line num="37" count="26" type="stmt"/>
        <line num="38" count="26" type="stmt"/>
        <line num="39" count="26" type="stmt"/>
        <line num="40" count="26" type="stmt"/>
        <line num="41" count="26" type="stmt"/>
        <line num="42" count="26" type="stmt"/>
        <line num="43" count="26" type="stmt"/>
        <line num="44" count="26" type="stmt"/>
        <line num="45" count="26" type="stmt"/>
        <line num="46" count="26" type="stmt"/>
        <line num="47" count="26" type="stmt"/>
        <line num="48" count="26" type="stmt"/>
        <line num="49" count="26" type="stmt"/>
        <line num="50" count="26" type="stmt"/>
        <line num="51" count="26" type="stmt"/>
        <line num="52" count="26" type="stmt"/>
        <line num="53" count="26" type="stmt"/>
        <line num="54" count="26" type="stmt"/>
        <line num="55" count="26" type="stmt"/>
        <line num="56" count="26" type="stmt"/>
        <line num="57" count="26" type="stmt"/>
        <line num="58" count="26" type="stmt"/>
        <line num="59" count="26" type="cond" truecount="2" falsecount="0"/>
        <line num="60" count="26" type="cond" truecount="3" falsecount="0"/>
        <line num="61" count="26" type="stmt"/>
        <line num="62" count="26" type="stmt"/>
        <line num="63" count="26" type="stmt"/>
        <line num="64" count="26" type="stmt"/>
        <line num="65" count="26" type="stmt"/>
        <line num="66" count="26" type="stmt"/>
        <line num="67" count="26" type="stmt"/>
        <line num="68" count="26" type="stmt"/>
        <line num="69" count="26" type="stmt"/>
        <line num="70" count="26" type="stmt"/>
        <line num="71" count="26" type="stmt"/>
        <line num="72" count="26" type="stmt"/>
        <line num="73" count="26" type="stmt"/>
        <line num="74" count="26" type="cond" truecount="2" falsecount="0"/>
        <line num="75" count="26" type="cond" truecount="3" falsecount="0"/>
        <line num="76" count="26" type="stmt"/>
        <line num="77" count="26" type="stmt"/>
        <line num="78" count="26" type="stmt"/>
        <line num="79" count="26" type="stmt"/>
        <line num="80" count="26" type="stmt"/>
        <line num="81" count="26" type="stmt"/>
        <line num="82" count="26" type="stmt"/>
        <line num="83" count="26" type="stmt"/>
        <line num="84" count="26" type="stmt"/>
        <line num="85" count="26" type="stmt"/>
        <line num="86" count="26" type="stmt"/>
        <line num="87" count="26" type="stmt"/>
        <line num="88" count="26" type="stmt"/>
        <line num="89" count="26" type="stmt"/>
        <line num="90" count="26" type="stmt"/>
        <line num="91" count="26" type="stmt"/>
        <line num="92" count="26" type="stmt"/>
        <line num="93" count="26" type="stmt"/>
        <line num="94" count="26" type="stmt"/>
        <line num="95" count="26" type="stmt"/>
        <line num="96" count="26" type="stmt"/>
        <line num="97" count="26" type="stmt"/>
        <line num="98" count="26" type="stmt"/>
        <line num="99" count="26" type="stmt"/>
        <line num="100" count="26" type="stmt"/>
        <line num="101" count="26" type="stmt"/>
        <line num="102" count="26" type="stmt"/>
        <line num="103" count="26" type="stmt"/>
        <line num="104" count="26" type="stmt"/>
        <line num="105" count="26" type="stmt"/>
        <line num="106" count="26" type="stmt"/>
        <line num="107" count="26" type="stmt"/>
        <line num="108" count="26" type="stmt"/>
        <line num="109" count="26" type="stmt"/>
        <line num="110" count="26" type="stmt"/>
        <line num="111" count="26" type="stmt"/>
        <line num="112" count="26" type="stmt"/>
        <line num="113" count="26" type="stmt"/>
        <line num="114" count="26" type="stmt"/>
        <line num="115" count="26" type="stmt"/>
        <line num="116" count="26" type="stmt"/>
        <line num="117" count="26" type="stmt"/>
        <line num="118" count="26" type="stmt"/>
        <line num="119" count="26" type="stmt"/>
        <line num="120" count="26" type="stmt"/>
        <line num="121" count="26" type="stmt"/>
        <line num="122" count="26" type="stmt"/>
        <line num="123" count="26" type="stmt"/>
        <line num="124" count="26" type="stmt"/>
        <line num="125" count="26" type="stmt"/>
        <line num="126" count="26" type="stmt"/>
        <line num="127" count="26" type="stmt"/>
        <line num="128" count="26" type="stmt"/>
        <line num="129" count="26" type="stmt"/>
        <line num="130" count="26" type="stmt"/>
        <line num="131" count="26" type="stmt"/>
        <line num="132" count="26" type="stmt"/>
        <line num="133" count="26" type="stmt"/>
        <line num="134" count="26" type="stmt"/>
        <line num="135" count="26" type="stmt"/>
        <line num="136" count="26" type="stmt"/>
        <line num="137" count="26" type="stmt"/>
        <line num="138" count="26" type="stmt"/>
        <line num="139" count="26" type="stmt"/>
        <line num="140" count="26" type="stmt"/>
        <line num="141" count="26" type="stmt"/>
        <line num="142" count="26" type="stmt"/>
        <line num="143" count="26" type="stmt"/>
        <line num="144" count="26" type="stmt"/>
        <line num="145" count="26" type="stmt"/>
        <line num="146" count="26" type="stmt"/>
        <line num="147" count="26" type="stmt"/>
        <line num="148" count="26" type="stmt"/>
        <line num="149" count="26" type="stmt"/>
        <line num="150" count="26" type="stmt"/>
        <line num="151" count="26" type="stmt"/>
        <line num="152" count="26" type="stmt"/>
        <line num="153" count="26" type="stmt"/>
        <line num="154" count="26" type="stmt"/>
        <line num="155" count="26" type="stmt"/>
        <line num="156" count="26" type="stmt"/>
        <line num="157" count="26" type="stmt"/>
        <line num="158" count="26" type="stmt"/>
        <line num="159" count="26" type="stmt"/>
        <line num="160" count="26" type="stmt"/>
        <line num="161" count="26" type="stmt"/>
        <line num="162" count="26" type="stmt"/>
        <line num="163" count="26" type="stmt"/>
        <line num="164" count="26" type="stmt"/>
        <line num="165" count="26" type="stmt"/>
        <line num="166" count="26" type="stmt"/>
        <line num="167" count="26" type="stmt"/>
        <line num="168" count="26" type="stmt"/>
        <line num="169" count="26" type="stmt"/>
        <line num="170" count="26" type="stmt"/>
        <line num="171" count="26" type="stmt"/>
        <line num="172" count="26" type="stmt"/>
        <line num="173" count="26" type="stmt"/>
        <line num="174" count="26" type="stmt"/>
        <line num="175" count="26" type="stmt"/>
        <line num="176" count="26" type="stmt"/>
        <line num="177" count="26" type="stmt"/>
        <line num="178" count="26" type="stmt"/>
        <line num="179" count="26" type="stmt"/>
        <line num="180" count="26" type="stmt"/>
        <line num="181" count="26" type="stmt"/>
        <line num="182" count="26" type="stmt"/>
        <line num="183" count="26" type="stmt"/>
        <line num="184" count="26" type="stmt"/>
        <line num="185" count="26" type="stmt"/>
        <line num="186" count="26" type="stmt"/>
        <line num="187" count="26" type="stmt"/>
        <line num="188" count="26" type="stmt"/>
        <line num="189" count="26" type="stmt"/>
        <line num="190" count="26" type="stmt"/>
        <line num="191" count="26" type="stmt"/>
        <line num="192" count="26" type="stmt"/>
        <line num="193" count="26" type="stmt"/>
        <line num="194" count="26" type="stmt"/>
        <line num="195" count="26" type="stmt"/>
        <line num="196" count="26" type="cond" truecount="1" falsecount="0"/>
        <line num="197" count="8" type="stmt"/>
        <line num="198" count="8" type="stmt"/>
        <line num="199" count="8" type="stmt"/>
        <line num="200" count="26" type="stmt"/>
        <line num="201" count="26" type="stmt"/>
        <line num="202" count="26" type="stmt"/>
        <line num="203" count="26" type="stmt"/>
        <line num="204" count="26" type="stmt"/>
        <line num="205" count="26" type="stmt"/>
        <line num="206" count="26" type="stmt"/>
      </file>
      <file name="select-vehicle.tsx" path="/Users/alanrivera/nextjs-project-setup/components/ui/select-vehicle.tsx">
        <metrics statements="349" coveredstatements="349" conditionals="45" coveredconditionals="45" methods="17" coveredmethods="17"/>
        <line num="1" count="1" type="stmt"/>
        <line num="2" count="1" type="stmt"/>
        <line num="3" count="1" type="stmt"/>
        <line num="4" count="1" type="stmt"/>
        <line num="5" count="1" type="stmt"/>
        <line num="6" count="1" type="stmt"/>
        <line num="7" count="1" type="stmt"/>
        <line num="8" count="1" type="stmt"/>
        <line num="9" count="1" type="stmt"/>
        <line num="10" count="1" type="stmt"/>
        <line num="11" count="1" type="stmt"/>
        <line num="12" count="1" type="stmt"/>
        <line num="13" count="1" type="stmt"/>
        <line num="14" count="1" type="stmt"/>
        <line num="15" count="1" type="stmt"/>
        <line num="16" count="1" type="stmt"/>
        <line num="17" count="1" type="stmt"/>
        <line num="18" count="1" type="stmt"/>
        <line num="19" count="1" type="stmt"/>
        <line num="20" count="1" type="stmt"/>
        <line num="21" count="1" type="stmt"/>
        <line num="22" count="1" type="stmt"/>
        <line num="23" count="1" type="stmt"/>
        <line num="24" count="1" type="cond" truecount="1" falsecount="0"/>
        <line num="25" count="89" type="stmt"/>
        <line num="26" count="89" type="stmt"/>
        <line num="27" count="89" type="stmt"/>
        <line num="28" count="89" type="stmt"/>
        <line num="29" count="89" type="stmt"/>
        <line num="30" count="89" type="stmt"/>
        <line num="31" count="89" type="stmt"/>
        <line num="32" count="89" type="stmt"/>
        <line num="33" count="89" type="stmt"/>
        <line num="34" count="89" type="stmt"/>
        <line num="35" count="89" type="stmt"/>
        <line num="36" count="89" type="stmt"/>
        <line num="37" count="89" type="stmt"/>
        <line num="38" count="89" type="stmt"/>
        <line num="39" count="89" type="stmt"/>
        <line num="40" count="89" type="stmt"/>
        <line num="41" count="89" type="stmt"/>
        <line num="42" count="89" type="stmt"/>
        <line num="43" count="89" type="stmt"/>
        <line num="44" count="89" type="stmt"/>
        <line num="45" count="89" type="cond" truecount="1" falsecount="0"/>
        <line num="46" count="8" type="stmt"/>
        <line num="47" count="8" type="cond" truecount="1" falsecount="0"/>
        <line num="48" count="1" type="stmt"/>
        <line num="49" count="1" type="stmt"/>
        <line num="50" count="1" type="cond" truecount="1" falsecount="0"/>
        <line num="51" count="7" type="stmt"/>
        <line num="52" count="8" type="cond" truecount="1" falsecount="0"/>
        <line num="53" count="1" type="stmt"/>
        <line num="54" count="1" type="stmt"/>
        <line num="55" count="1" type="cond" truecount="1" falsecount="0"/>
        <line num="56" count="6" type="stmt"/>
        <line num="57" count="8" type="cond" truecount="1" falsecount="0"/>
        <line num="58" count="1" type="stmt"/>
        <line num="59" count="1" type="stmt"/>
        <line num="60" count="1" type="cond" truecount="1" falsecount="0"/>
        <line num="61" count="5" type="stmt"/>
        <line num="62" count="8" type="cond" truecount="1" falsecount="0"/>
        <line num="63" count="1" type="stmt"/>
        <line num="64" count="1" type="stmt"/>
        <line num="65" count="1" type="cond" truecount="1" falsecount="0"/>
        <line num="66" count="4" type="stmt"/>
        <line num="67" count="4" type="stmt"/>
        <line num="68" count="8" type="cond" truecount="1" falsecount="0"/>
        <line num="69" count="1" type="stmt"/>
        <line num="70" count="1" type="stmt"/>
        <line num="71" count="1" type="cond" truecount="1" falsecount="0"/>
        <line num="72" count="3" type="stmt"/>
        <line num="73" count="3" type="stmt"/>
        <line num="74" count="3" type="stmt"/>
        <line num="75" count="3" type="stmt"/>
        <line num="76" count="3" type="stmt"/>
        <line num="77" count="3" type="stmt"/>
        <line num="78" count="3" type="stmt"/>
        <line num="79" count="3" type="stmt"/>
        <line num="80" count="3" type="stmt"/>
        <line num="81" count="3" type="stmt"/>
        <line num="82" count="3" type="stmt"/>
        <line num="83" count="3" type="stmt"/>
        <line num="84" count="3" type="stmt"/>
        <line num="85" count="3" type="stmt"/>
        <line num="86" count="3" type="stmt"/>
        <line num="87" count="3" type="stmt"/>
        <line num="88" count="3" type="stmt"/>
        <line num="89" count="3" type="stmt"/>
        <line num="90" count="3" type="stmt"/>
        <line num="91" count="89" type="stmt"/>
        <line num="92" count="89" type="stmt"/>
        <line num="93" count="89" type="stmt"/>
        <line num="94" count="89" type="cond" truecount="1" falsecount="0"/>
        <line num="95" count="31" type="cond" truecount="1" falsecount="0"/>
        <line num="96" count="31" type="cond" truecount="1" falsecount="0"/>
        <line num="97" count="14" type="stmt"/>
        <line num="98" count="14" type="stmt"/>
        <line num="99" count="31" type="cond" truecount="1" falsecount="0"/>
        <line num="100" count="17" type="stmt"/>
        <line num="101" count="17" type="stmt"/>
        <line num="102" count="31" type="stmt"/>
        <line num="103" count="31" type="stmt"/>
        <line num="104" count="31" type="stmt"/>
        <line num="105" count="89" type="stmt"/>
        <line num="106" count="89" type="stmt"/>
        <line num="107" count="89" type="stmt"/>
        <line num="108" count="89" type="cond" truecount="1" falsecount="0"/>
        <line num="109" count="26" type="cond" truecount="1" falsecount="0"/>
        <line num="110" count="26" type="cond" truecount="1" falsecount="0"/>
        <line num="111" count="10" type="stmt"/>
        <line num="112" count="10" type="stmt"/>
        <line num="113" count="26" type="cond" truecount="1" falsecount="0"/>
        <line num="114" count="16" type="stmt"/>
        <line num="115" count="16" type="stmt"/>
        <line num="116" count="26" type="stmt"/>
        <line num="117" count="26" type="stmt"/>
        <line num="118" count="26" type="stmt"/>
        <line num="119" count="89" type="stmt"/>
        <line num="120" count="89" type="stmt"/>
        <line num="121" count="89" type="stmt"/>
        <line num="122" count="89" type="cond" truecount="1" falsecount="0"/>
        <line num="123" count="16" type="cond" truecount="1" falsecount="0"/>
        <line num="124" count="1" type="stmt"/>
        <line num="125" count="1" type="stmt"/>
        <line num="126" count="1" type="stmt"/>
        <line num="127" count="1" type="stmt"/>
        <line num="128" count="1" type="stmt"/>
        <line num="129" count="1" type="stmt"/>
        <line num="130" count="16" type="stmt"/>
        <line num="131" count="16" type="stmt"/>
        <line num="132" count="16" type="stmt"/>
        <line num="133" count="16" type="cond" truecount="1" falsecount="0"/>
        <line num="134" count="16" type="stmt"/>
        <line num="135" count="16" type="stmt"/>
        <line num="136" count="89" type="stmt"/>
        <line num="137" count="89" type="stmt"/>
        <line num="138" count="89" type="stmt"/>
        <line num="139" count="89" type="stmt"/>
        <line num="140" count="89" type="stmt"/>
        <line num="141" count="89" type="stmt"/>
        <line num="142" count="89" type="stmt"/>
        <line num="143" count="89" type="stmt"/>
        <line num="144" count="89" type="stmt"/>
        <line num="145" count="89" type="stmt"/>
        <line num="146" count="89" type="stmt"/>
        <line num="147" count="89" type="stmt"/>
        <line num="148" count="89" type="stmt"/>
        <line num="149" count="89" type="stmt"/>
        <line num="150" count="89" type="stmt"/>
        <line num="151" count="89" type="stmt"/>
        <line num="152" count="89" type="stmt"/>
        <line num="153" count="89" type="stmt"/>
        <line num="154" count="89" type="stmt"/>
        <line num="155" count="89" type="stmt"/>
        <line num="156" count="89" type="stmt"/>
        <line num="157" count="89" type="stmt"/>
        <line num="158" count="89" type="stmt"/>
        <line num="159" count="89" type="stmt"/>
        <line num="160" count="89" type="stmt"/>
        <line num="161" count="89" type="stmt"/>
        <line num="162" count="89" type="stmt"/>
        <line num="163" count="89" type="stmt"/>
        <line num="164" count="89" type="stmt"/>
        <line num="165" count="89" type="stmt"/>
        <line num="166" count="89" type="stmt"/>
        <line num="167" count="89" type="stmt"/>
        <line num="168" count="89" type="cond" truecount="1" falsecount="0"/>
        <line num="169" count="89" type="cond" truecount="1" falsecount="0"/>
        <line num="170" count="89" type="stmt"/>
        <line num="171" count="89" type="cond" truecount="2" falsecount="0"/>
        <line num="172" count="5" type="stmt"/>
        <line num="173" count="5" type="cond" truecount="1" falsecount="0"/>
        <line num="174" count="5" type="stmt"/>
        <line num="175" count="5" type="stmt"/>
        <line num="176" count="5" type="stmt"/>
        <line num="177" count="5" type="cond" truecount="1" falsecount="0"/>
        <line num="178" count="1" type="stmt"/>
        <line num="179" count="1" type="stmt"/>
        <line num="180" count="1" type="stmt"/>
        <line num="181" count="5" type="stmt"/>
        <line num="182" count="5" type="stmt"/>
        <line num="183" count="5" type="stmt"/>
        <line num="184" count="5" type="stmt"/>
        <line num="185" count="5" type="stmt"/>
        <line num="186" count="5" type="stmt"/>
        <line num="187" count="5" type="stmt"/>
        <line num="188" count="5" type="stmt"/>
        <line num="189" count="89" type="stmt"/>
        <line num="190" count="89" type="stmt"/>
        <line num="191" count="89" type="stmt"/>
        <line num="192" count="89" type="stmt"/>
        <line num="193" count="89" type="stmt"/>
        <line num="194" count="89" type="stmt"/>
        <line num="195" count="89" type="stmt"/>
        <line num="196" count="89" type="stmt"/>
        <line num="197" count="89" type="stmt"/>
        <line num="198" count="89" type="stmt"/>
        <line num="199" count="89" type="stmt"/>
        <line num="200" count="89" type="stmt"/>
        <line num="201" count="89" type="stmt"/>
        <line num="202" count="89" type="stmt"/>
        <line num="203" count="89" type="stmt"/>
        <line num="204" count="89" type="stmt"/>
        <line num="205" count="89" type="stmt"/>
        <line num="206" count="89" type="stmt"/>
        <line num="207" count="89" type="stmt"/>
        <line num="208" count="89" type="stmt"/>
        <line num="209" count="89" type="cond" truecount="1" falsecount="0"/>
        <line num="210" count="89" type="cond" truecount="1" falsecount="0"/>
        <line num="211" count="89" type="stmt"/>
        <line num="212" count="89" type="cond" truecount="2" falsecount="0"/>
        <line num="213" count="1" type="stmt"/>
        <line num="214" count="1" type="cond" truecount="1" falsecount="0"/>
        <line num="215" count="1" type="stmt"/>
        <line num="216" count="1" type="stmt"/>
        <line num="217" count="1" type="stmt"/>
        <line num="218" count="1" type="cond" truecount="1" falsecount="0"/>
        <line num="219" count="1" type="stmt"/>
        <line num="220" count="1" type="stmt"/>
        <line num="221" count="1" type="stmt"/>
        <line num="222" count="1" type="stmt"/>
        <line num="223" count="1" type="stmt"/>
        <line num="224" count="1" type="stmt"/>
        <line num="225" count="1" type="stmt"/>
        <line num="226" count="1" type="stmt"/>
        <line num="227" count="1" type="stmt"/>
        <line num="228" count="1" type="stmt"/>
        <line num="229" count="1" type="stmt"/>
        <line num="230" count="89" type="stmt"/>
        <line num="231" count="89" type="stmt"/>
        <line num="232" count="89" type="stmt"/>
        <line num="233" count="89" type="stmt"/>
        <line num="234" count="89" type="stmt"/>
        <line num="235" count="89" type="stmt"/>
        <line num="236" count="89" type="stmt"/>
        <line num="237" count="89" type="stmt"/>
        <line num="238" count="89" type="stmt"/>
        <line num="239" count="89" type="stmt"/>
        <line num="240" count="89" type="stmt"/>
        <line num="241" count="89" type="stmt"/>
        <line num="242" count="89" type="stmt"/>
        <line num="243" count="89" type="stmt"/>
        <line num="244" count="89" type="stmt"/>
        <line num="245" count="89" type="stmt"/>
        <line num="246" count="89" type="stmt"/>
        <line num="247" count="89" type="stmt"/>
        <line num="248" count="89" type="cond" truecount="1" falsecount="0"/>
        <line num="249" count="89" type="stmt"/>
        <line num="250" count="89" type="stmt"/>
        <line num="251" count="89" type="stmt"/>
        <line num="252" count="89" type="stmt"/>
        <line num="253" count="89" type="stmt"/>
        <line num="254" count="89" type="stmt"/>
        <line num="255" count="89" type="stmt"/>
        <line num="256" count="89" type="stmt"/>
        <line num="257" count="89" type="stmt"/>
        <line num="258" count="89" type="stmt"/>
        <line num="259" count="89" type="stmt"/>
        <line num="260" count="89" type="stmt"/>
        <line num="261" count="89" type="stmt"/>
        <line num="262" count="89" type="stmt"/>
        <line num="263" count="89" type="stmt"/>
        <line num="264" count="89" type="stmt"/>
        <line num="265" count="89" type="stmt"/>
        <line num="266" count="89" type="cond" truecount="1" falsecount="0"/>
        <line num="267" count="89" type="stmt"/>
        <line num="268" count="89" type="stmt"/>
        <line num="269" count="89" type="stmt"/>
        <line num="270" count="89" type="stmt"/>
        <line num="271" count="89" type="stmt"/>
        <line num="272" count="89" type="stmt"/>
        <line num="273" count="89" type="stmt"/>
        <line num="274" count="89" type="stmt"/>
        <line num="275" count="89" type="stmt"/>
        <line num="276" count="89" type="stmt"/>
        <line num="277" count="89" type="stmt"/>
        <line num="278" count="89" type="cond" truecount="1" falsecount="0"/>
        <line num="279" count="89" type="stmt"/>
        <line num="280" count="89" type="stmt"/>
        <line num="281" count="89" type="stmt"/>
        <line num="282" count="89" type="stmt"/>
        <line num="283" count="89" type="stmt"/>
        <line num="284" count="89" type="stmt"/>
        <line num="285" count="89" type="stmt"/>
        <line num="286" count="89" type="stmt"/>
        <line num="287" count="89" type="stmt"/>
        <line num="288" count="89" type="stmt"/>
        <line num="289" count="89" type="stmt"/>
        <line num="290" count="89" type="stmt"/>
        <line num="291" count="89" type="stmt"/>
        <line num="292" count="89" type="stmt"/>
        <line num="293" count="89" type="stmt"/>
        <line num="294" count="89" type="cond" truecount="1" falsecount="0"/>
        <line num="295" count="89" type="stmt"/>
        <line num="296" count="89" type="stmt"/>
        <line num="297" count="89" type="stmt"/>
        <line num="298" count="89" type="cond" truecount="2" falsecount="0"/>
        <line num="299" count="534" type="stmt"/>
        <line num="300" count="534" type="stmt"/>
        <line num="301" count="534" type="stmt"/>
        <line num="302" count="89" type="stmt"/>
        <line num="303" count="89" type="stmt"/>
        <line num="304" count="89" type="stmt"/>
        <line num="305" count="89" type="stmt"/>
        <line num="306" count="89" type="stmt"/>
        <line num="307" count="89" type="stmt"/>
        <line num="308" count="89" type="stmt"/>
        <line num="309" count="89" type="stmt"/>
        <line num="310" count="89" type="stmt"/>
        <line num="311" count="89" type="stmt"/>
        <line num="312" count="89" type="stmt"/>
        <line num="313" count="89" type="stmt"/>
        <line num="314" count="89" type="cond" truecount="1" falsecount="0"/>
        <line num="315" count="89" type="stmt"/>
        <line num="316" count="89" type="stmt"/>
        <line num="317" count="89" type="stmt"/>
        <line num="318" count="89" type="stmt"/>
        <line num="319" count="89" type="stmt"/>
        <line num="320" count="89" type="stmt"/>
        <line num="321" count="89" type="stmt"/>
        <line num="322" count="89" type="stmt"/>
        <line num="323" count="89" type="stmt"/>
        <line num="324" count="89" type="stmt"/>
        <line num="325" count="89" type="stmt"/>
        <line num="326" count="89" type="stmt"/>
        <line num="327" count="89" type="stmt"/>
        <line num="328" count="89" type="stmt"/>
        <line num="329" count="89" type="stmt"/>
        <line num="330" count="89" type="stmt"/>
        <line num="331" count="89" type="cond" truecount="2" falsecount="0"/>
        <line num="332" count="23" type="stmt"/>
        <line num="333" count="23" type="stmt"/>
        <line num="334" count="23" type="cond" truecount="1" falsecount="0"/>
        <line num="335" count="1" type="stmt"/>
        <line num="336" count="1" type="stmt"/>
        <line num="337" count="1" type="stmt"/>
        <line num="338" count="23" type="stmt"/>
        <line num="339" count="23" type="stmt"/>
        <line num="340" count="23" type="stmt"/>
        <line num="341" count="23" type="stmt"/>
        <line num="342" count="23" type="stmt"/>
        <line num="343" count="23" type="stmt"/>
        <line num="344" count="23" type="stmt"/>
        <line num="345" count="23" type="stmt"/>
        <line num="346" count="89" type="stmt"/>
        <line num="347" count="89" type="stmt"/>
        <line num="348" count="89" type="stmt"/>
        <line num="349" count="89" type="stmt"/>
      </file>
    </package>
    <package name="lib">
      <metrics statements="6" coveredstatements="6" conditionals="1" coveredconditionals="1" methods="1" coveredmethods="1"/>
      <file name="utils.ts" path="/Users/alanrivera/nextjs-project-setup/lib/utils.ts">
        <metrics statements="6" coveredstatements="6" conditionals="1" coveredconditionals="1" methods="1" coveredmethods="1"/>
        <line num="1" count="1" type="stmt"/>
        <line num="2" count="1" type="stmt"/>
        <line num="3" count="1" type="stmt"/>
        <line num="4" count="1" type="cond" truecount="1" falsecount="0"/>
        <line num="5" count="5386" type="stmt"/>
        <line num="6" count="5386" type="stmt"/>
      </file>
    </package>
  </project>
</coverage>
