{"/Users/alanrivera/nextjs-project-setup/components/ui/button.tsx": {"path":"/Users/alanrivera/nextjs-project-setup/components/ui/button.tsx","all":false,"statementMap":{"0":{"start":{"line":1,"column":0},"end":{"line":1,"column":30}},"1":{"start":{"line":2,"column":0},"end":{"line":2,"column":43}},"2":{"start":{"line":3,"column":0},"end":{"line":3,"column":65}},"3":{"start":{"line":4,"column":0},"end":{"line":4,"column":0}},"4":{"start":{"line":5,"column":0},"end":{"line":5,"column":32}},"5":{"start":{"line":6,"column":0},"end":{"line":6,"column":0}},"6":{"start":{"line":7,"column":0},"end":{"line":7,"column":27}},"7":{"start":{"line":8,"column":0},"end":{"line":8,"column":448}},"8":{"start":{"line":9,"column":0},"end":{"line":9,"column":3}},"9":{"start":{"line":10,"column":0},"end":{"line":10,"column":15}},"10":{"start":{"line":11,"column":0},"end":{"line":11,"column":16}},"11":{"start":{"line":12,"column":0},"end":{"line":12,"column":16}},"12":{"start":{"line":13,"column":0},"end":{"line":13,"column":77}},"13":{"start":{"line":14,"column":0},"end":{"line":14,"column":20}},"14":{"start":{"line":15,"column":0},"end":{"line":15,"column":168}},"15":{"start":{"line":16,"column":0},"end":{"line":16,"column":16}},"16":{"start":{"line":17,"column":0},"end":{"line":17,"column":146}},"17":{"start":{"line":18,"column":0},"end":{"line":18,"column":18}},"18":{"start":{"line":19,"column":0},"end":{"line":19,"column":83}},"19":{"start":{"line":20,"column":0},"end":{"line":20,"column":14}},"20":{"start":{"line":21,"column":0},"end":{"line":21,"column":81}},"21":{"start":{"line":22,"column":0},"end":{"line":22,"column":64}},"22":{"start":{"line":23,"column":0},"end":{"line":23,"column":8}},"23":{"start":{"line":24,"column":0},"end":{"line":24,"column":13}},"24":{"start":{"line":25,"column":0},"end":{"line":25,"column":49}},"25":{"start":{"line":26,"column":0},"end":{"line":26,"column":60}},"26":{"start":{"line":27,"column":0},"end":{"line":27,"column":51}},"27":{"start":{"line":28,"column":0},"end":{"line":28,"column":23}},"28":{"start":{"line":29,"column":0},"end":{"line":29,"column":8}},"29":{"start":{"line":30,"column":0},"end":{"line":30,"column":6}},"30":{"start":{"line":31,"column":0},"end":{"line":31,"column":22}},"31":{"start":{"line":32,"column":0},"end":{"line":32,"column":25}},"32":{"start":{"line":33,"column":0},"end":{"line":33,"column":22}},"33":{"start":{"line":34,"column":0},"end":{"line":34,"column":6}},"34":{"start":{"line":35,"column":0},"end":{"line":35,"column":3}},"35":{"start":{"line":36,"column":0},"end":{"line":36,"column":1}},"36":{"start":{"line":37,"column":0},"end":{"line":37,"column":0}},"37":{"start":{"line":38,"column":0},"end":{"line":38,"column":17}},"38":{"start":{"line":39,"column":0},"end":{"line":39,"column":12}},"39":{"start":{"line":40,"column":0},"end":{"line":40,"column":10}},"40":{"start":{"line":41,"column":0},"end":{"line":41,"column":7}},"41":{"start":{"line":42,"column":0},"end":{"line":42,"column":18}},"42":{"start":{"line":43,"column":0},"end":{"line":43,"column":10}},"43":{"start":{"line":44,"column":0},"end":{"line":44,"column":35}},"44":{"start":{"line":45,"column":0},"end":{"line":45,"column":41}},"45":{"start":{"line":46,"column":0},"end":{"line":46,"column":21}},"46":{"start":{"line":47,"column":0},"end":{"line":47,"column":6}},"47":{"start":{"line":48,"column":0},"end":{"line":48,"column":40}},"48":{"start":{"line":49,"column":0},"end":{"line":49,"column":0}},"49":{"start":{"line":50,"column":0},"end":{"line":50,"column":10}},"50":{"start":{"line":51,"column":0},"end":{"line":51,"column":9}},"51":{"start":{"line":52,"column":0},"end":{"line":52,"column":24}},"52":{"start":{"line":53,"column":0},"end":{"line":53,"column":66}},"53":{"start":{"line":54,"column":0},"end":{"line":54,"column":16}},"54":{"start":{"line":55,"column":0},"end":{"line":55,"column":6}},"55":{"start":{"line":56,"column":0},"end":{"line":56,"column":3}},"56":{"start":{"line":57,"column":0},"end":{"line":57,"column":1}},"57":{"start":{"line":58,"column":0},"end":{"line":58,"column":0}},"58":{"start":{"line":59,"column":0},"end":{"line":59,"column":33}}},"s":{"0":1,"1":1,"2":1,"3":1,"4":1,"5":1,"6":1,"7":1,"8":1,"9":1,"10":1,"11":1,"12":1,"13":1,"14":1,"15":1,"16":1,"17":1,"18":1,"19":1,"20":1,"21":1,"22":1,"23":1,"24":1,"25":1,"26":1,"27":1,"28":1,"29":1,"30":1,"31":1,"32":1,"33":1,"34":1,"35":1,"36":1,"37":712,"38":712,"39":712,"40":712,"41":712,"42":712,"43":712,"44":712,"45":712,"46":712,"47":712,"48":712,"49":712,"50":712,"51":712,"52":712,"53":712,"54":712,"55":712,"56":712,"57":1,"58":1},"branchMap":{"0":{"type":"branch","line":38,"loc":{"start":{"line":38,"column":0},"end":{"line":57,"column":1}},"locations":[{"start":{"line":38,"column":0},"end":{"line":57,"column":1}}]},"1":{"type":"branch","line":48,"loc":{"start":{"line":48,"column":22},"end":{"line":48,"column":29}},"locations":[{"start":{"line":48,"column":22},"end":{"line":48,"column":29}}]},"2":{"type":"branch","line":48,"loc":{"start":{"line":48,"column":29},"end":{"line":48,"column":40}},"locations":[{"start":{"line":48,"column":29},"end":{"line":48,"column":40}}]}},"b":{"0":[712],"1":[1],"2":[711]},"fnMap":{"0":{"name":"Button","decl":{"start":{"line":38,"column":0},"end":{"line":57,"column":1}},"loc":{"start":{"line":38,"column":0},"end":{"line":57,"column":1}},"line":38}},"f":{"0":712}}
,"/Users/alanrivera/nextjs-project-setup/components/ui/flight-selection.tsx": {"path":"/Users/alanrivera/nextjs-project-setup/components/ui/flight-selection.tsx","all":false,"statementMap":{"0":{"start":{"line":1,"column":0},"end":{"line":1,"column":13}},"1":{"start":{"line":2,"column":0},"end":{"line":2,"column":0}},"2":{"start":{"line":3,"column":0},"end":{"line":3,"column":40}},"3":{"start":{"line":4,"column":0},"end":{"line":4,"column":44}},"4":{"start":{"line":5,"column":0},"end":{"line":5,"column":34}},"5":{"start":{"line":6,"column":0},"end":{"line":6,"column":46}},"6":{"start":{"line":7,"column":0},"end":{"line":7,"column":33}},"7":{"start":{"line":8,"column":0},"end":{"line":8,"column":46}},"8":{"start":{"line":9,"column":0},"end":{"line":9,"column":48}},"9":{"start":{"line":10,"column":0},"end":{"line":10,"column":73}},"10":{"start":{"line":11,"column":0},"end":{"line":11,"column":82}},"11":{"start":{"line":12,"column":0},"end":{"line":12,"column":45}},"12":{"start":{"line":13,"column":0},"end":{"line":13,"column":8}},"13":{"start":{"line":14,"column":0},"end":{"line":14,"column":9}},"14":{"start":{"line":15,"column":0},"end":{"line":15,"column":8}},"15":{"start":{"line":16,"column":0},"end":{"line":16,"column":11}},"16":{"start":{"line":17,"column":0},"end":{"line":17,"column":15}},"17":{"start":{"line":18,"column":0},"end":{"line":18,"column":15}},"18":{"start":{"line":19,"column":0},"end":{"line":19,"column":17}},"19":{"start":{"line":20,"column":0},"end":{"line":20,"column":9}},"20":{"start":{"line":21,"column":0},"end":{"line":21,"column":22}},"21":{"start":{"line":22,"column":0},"end":{"line":22,"column":0}},"22":{"start":{"line":23,"column":0},"end":{"line":23,"column":91}},"23":{"start":{"line":24,"column":0},"end":{"line":24,"column":53}},"24":{"start":{"line":25,"column":0},"end":{"line":25,"column":0}},"25":{"start":{"line":26,"column":0},"end":{"line":26,"column":35}},"26":{"start":{"line":27,"column":0},"end":{"line":27,"column":29}},"27":{"start":{"line":28,"column":0},"end":{"line":28,"column":21}},"28":{"start":{"line":29,"column":0},"end":{"line":29,"column":0}},"29":{"start":{"line":30,"column":0},"end":{"line":30,"column":16}},"30":{"start":{"line":31,"column":0},"end":{"line":31,"column":88}},"31":{"start":{"line":32,"column":0},"end":{"line":32,"column":16}},"32":{"start":{"line":33,"column":0},"end":{"line":33,"column":4}},"33":{"start":{"line":34,"column":0},"end":{"line":34,"column":0}},"34":{"start":{"line":35,"column":0},"end":{"line":35,"column":22}},"35":{"start":{"line":36,"column":0},"end":{"line":36,"column":39}},"36":{"start":{"line":37,"column":0},"end":{"line":37,"column":35}},"37":{"start":{"line":38,"column":0},"end":{"line":38,"column":76}},"38":{"start":{"line":39,"column":0},"end":{"line":39,"column":76}},"39":{"start":{"line":40,"column":0},"end":{"line":40,"column":0}},"40":{"start":{"line":41,"column":0},"end":{"line":41,"column":21}},"41":{"start":{"line":42,"column":0},"end":{"line":42,"column":67}},"42":{"start":{"line":43,"column":0},"end":{"line":43,"column":45}},"43":{"start":{"line":44,"column":0},"end":{"line":44,"column":50}},"44":{"start":{"line":45,"column":0},"end":{"line":45,"column":45}},"45":{"start":{"line":46,"column":0},"end":{"line":46,"column":63}},"46":{"start":{"line":47,"column":0},"end":{"line":47,"column":0}},"47":{"start":{"line":48,"column":0},"end":{"line":48,"column":56}},"48":{"start":{"line":49,"column":0},"end":{"line":49,"column":0}},"49":{"start":{"line":50,"column":0},"end":{"line":50,"column":29}},"50":{"start":{"line":51,"column":0},"end":{"line":51,"column":78}},"51":{"start":{"line":52,"column":0},"end":{"line":52,"column":82}},"52":{"start":{"line":53,"column":0},"end":{"line":53,"column":0}},"53":{"start":{"line":54,"column":0},"end":{"line":54,"column":20}},"54":{"start":{"line":55,"column":0},"end":{"line":55,"column":83}},"55":{"start":{"line":56,"column":0},"end":{"line":56,"column":82}},"56":{"start":{"line":57,"column":0},"end":{"line":57,"column":78}},"57":{"start":{"line":58,"column":0},"end":{"line":58,"column":0}},"58":{"start":{"line":59,"column":0},"end":{"line":59,"column":36}},"59":{"start":{"line":60,"column":0},"end":{"line":60,"column":46}},"60":{"start":{"line":61,"column":0},"end":{"line":61,"column":34}},"61":{"start":{"line":62,"column":0},"end":{"line":62,"column":19}},"62":{"start":{"line":63,"column":0},"end":{"line":63,"column":19}},"63":{"start":{"line":64,"column":0},"end":{"line":64,"column":22}},"64":{"start":{"line":65,"column":0},"end":{"line":65,"column":30}},"65":{"start":{"line":66,"column":0},"end":{"line":66,"column":57}},"66":{"start":{"line":67,"column":0},"end":{"line":67,"column":57}},"67":{"start":{"line":68,"column":0},"end":{"line":68,"column":33}},"68":{"start":{"line":69,"column":0},"end":{"line":69,"column":72}},"69":{"start":{"line":70,"column":0},"end":{"line":70,"column":67}},"70":{"start":{"line":71,"column":0},"end":{"line":71,"column":29}},"71":{"start":{"line":72,"column":0},"end":{"line":72,"column":141}},"72":{"start":{"line":73,"column":0},"end":{"line":73,"column":68}},"73":{"start":{"line":74,"column":0},"end":{"line":74,"column":26}},"74":{"start":{"line":75,"column":0},"end":{"line":75,"column":62}},"75":{"start":{"line":76,"column":0},"end":{"line":76,"column":62}},"76":{"start":{"line":77,"column":0},"end":{"line":77,"column":62}},"77":{"start":{"line":78,"column":0},"end":{"line":78,"column":62}},"78":{"start":{"line":79,"column":0},"end":{"line":79,"column":65}},"79":{"start":{"line":80,"column":0},"end":{"line":80,"column":37}},"80":{"start":{"line":81,"column":0},"end":{"line":81,"column":8}},"81":{"start":{"line":82,"column":0},"end":{"line":82,"column":33}},"82":{"start":{"line":83,"column":0},"end":{"line":83,"column":40}},"83":{"start":{"line":84,"column":0},"end":{"line":84,"column":29}},"84":{"start":{"line":85,"column":0},"end":{"line":85,"column":3}},"85":{"start":{"line":86,"column":0},"end":{"line":86,"column":0}},"86":{"start":{"line":87,"column":0},"end":{"line":87,"column":24}},"87":{"start":{"line":88,"column":0},"end":{"line":88,"column":68}},"88":{"start":{"line":89,"column":0},"end":{"line":89,"column":29}},"89":{"start":{"line":90,"column":0},"end":{"line":90,"column":15}},"90":{"start":{"line":91,"column":0},"end":{"line":91,"column":42}},"91":{"start":{"line":92,"column":0},"end":{"line":92,"column":4}},"92":{"start":{"line":93,"column":0},"end":{"line":93,"column":66}},"93":{"start":{"line":94,"column":0},"end":{"line":94,"column":29}},"94":{"start":{"line":95,"column":0},"end":{"line":95,"column":13}},"95":{"start":{"line":96,"column":0},"end":{"line":96,"column":44}},"96":{"start":{"line":97,"column":0},"end":{"line":97,"column":4}},"97":{"start":{"line":98,"column":0},"end":{"line":98,"column":0}},"98":{"start":{"line":99,"column":0},"end":{"line":99,"column":24}},"99":{"start":{"line":100,"column":0},"end":{"line":100,"column":58}},"100":{"start":{"line":101,"column":0},"end":{"line":101,"column":23}},"101":{"start":{"line":102,"column":0},"end":{"line":102,"column":29}},"102":{"start":{"line":103,"column":0},"end":{"line":103,"column":44}},"103":{"start":{"line":104,"column":0},"end":{"line":104,"column":18}},"104":{"start":{"line":105,"column":0},"end":{"line":105,"column":7}},"105":{"start":{"line":106,"column":0},"end":{"line":106,"column":4}},"106":{"start":{"line":107,"column":0},"end":{"line":107,"column":84}},"107":{"start":{"line":108,"column":0},"end":{"line":108,"column":29}},"108":{"start":{"line":109,"column":0},"end":{"line":109,"column":32}},"109":{"start":{"line":110,"column":0},"end":{"line":110,"column":34}},"110":{"start":{"line":111,"column":0},"end":{"line":111,"column":26}},"111":{"start":{"line":112,"column":0},"end":{"line":112,"column":33}},"112":{"start":{"line":113,"column":0},"end":{"line":113,"column":18}},"113":{"start":{"line":114,"column":0},"end":{"line":114,"column":7}},"114":{"start":{"line":115,"column":0},"end":{"line":115,"column":4}},"115":{"start":{"line":116,"column":0},"end":{"line":116,"column":82}},"116":{"start":{"line":117,"column":0},"end":{"line":117,"column":29}},"117":{"start":{"line":118,"column":0},"end":{"line":118,"column":30}},"118":{"start":{"line":119,"column":0},"end":{"line":119,"column":32}},"119":{"start":{"line":120,"column":0},"end":{"line":120,"column":26}},"120":{"start":{"line":121,"column":0},"end":{"line":121,"column":33}},"121":{"start":{"line":122,"column":0},"end":{"line":122,"column":18}},"122":{"start":{"line":123,"column":0},"end":{"line":123,"column":7}},"123":{"start":{"line":124,"column":0},"end":{"line":124,"column":4}},"124":{"start":{"line":125,"column":0},"end":{"line":125,"column":81}},"125":{"start":{"line":126,"column":0},"end":{"line":126,"column":24}},"126":{"start":{"line":127,"column":0},"end":{"line":127,"column":72}},"127":{"start":{"line":128,"column":0},"end":{"line":128,"column":45}},"128":{"start":{"line":129,"column":0},"end":{"line":129,"column":43}},"129":{"start":{"line":130,"column":0},"end":{"line":130,"column":4}},"130":{"start":{"line":131,"column":0},"end":{"line":131,"column":38}},"131":{"start":{"line":132,"column":0},"end":{"line":132,"column":56}},"132":{"start":{"line":133,"column":0},"end":{"line":133,"column":64}},"133":{"start":{"line":134,"column":0},"end":{"line":134,"column":62}},"134":{"start":{"line":135,"column":0},"end":{"line":135,"column":4}},"135":{"start":{"line":136,"column":0},"end":{"line":136,"column":0}},"136":{"start":{"line":137,"column":0},"end":{"line":137,"column":24}},"137":{"start":{"line":138,"column":0},"end":{"line":138,"column":28}},"138":{"start":{"line":139,"column":0},"end":{"line":139,"column":16}},"139":{"start":{"line":140,"column":0},"end":{"line":140,"column":16}},"140":{"start":{"line":141,"column":0},"end":{"line":141,"column":4}},"141":{"start":{"line":142,"column":0},"end":{"line":142,"column":0}},"142":{"start":{"line":143,"column":0},"end":{"line":143,"column":11}},"143":{"start":{"line":144,"column":0},"end":{"line":144,"column":30}},"144":{"start":{"line":145,"column":0},"end":{"line":145,"column":40}},"145":{"start":{"line":146,"column":0},"end":{"line":146,"column":17}},"146":{"start":{"line":147,"column":0},"end":{"line":147,"column":11}},"147":{"start":{"line":148,"column":0},"end":{"line":148,"column":9}},"148":{"start":{"line":149,"column":0},"end":{"line":149,"column":69}},"149":{"start":{"line":150,"column":0},"end":{"line":150,"column":69}},"150":{"start":{"line":151,"column":0},"end":{"line":151,"column":73}},"151":{"start":{"line":152,"column":0},"end":{"line":152,"column":16}},"152":{"start":{"line":153,"column":0},"end":{"line":153,"column":68}},"153":{"start":{"line":154,"column":0},"end":{"line":154,"column":7}},"154":{"start":{"line":155,"column":0},"end":{"line":155,"column":55}},"155":{"start":{"line":156,"column":0},"end":{"line":156,"column":4}},"156":{"start":{"line":157,"column":0},"end":{"line":157,"column":0}},"157":{"start":{"line":158,"column":0},"end":{"line":158,"column":10}},"158":{"start":{"line":159,"column":0},"end":{"line":159,"column":110}},"159":{"start":{"line":160,"column":0},"end":{"line":160,"column":0}},"160":{"start":{"line":161,"column":0},"end":{"line":161,"column":26}},"161":{"start":{"line":162,"column":0},"end":{"line":162,"column":28}},"162":{"start":{"line":163,"column":0},"end":{"line":163,"column":85}},"163":{"start":{"line":164,"column":0},"end":{"line":164,"column":80}},"164":{"start":{"line":165,"column":0},"end":{"line":165,"column":19}},"165":{"start":{"line":166,"column":0},"end":{"line":166,"column":28}},"166":{"start":{"line":167,"column":0},"end":{"line":167,"column":35}},"167":{"start":{"line":168,"column":0},"end":{"line":168,"column":38}},"168":{"start":{"line":169,"column":0},"end":{"line":169,"column":39}},"169":{"start":{"line":170,"column":0},"end":{"line":170,"column":63}},"170":{"start":{"line":171,"column":0},"end":{"line":171,"column":42}},"171":{"start":{"line":172,"column":0},"end":{"line":172,"column":40}},"172":{"start":{"line":173,"column":0},"end":{"line":173,"column":13}},"173":{"start":{"line":174,"column":0},"end":{"line":174,"column":12}},"174":{"start":{"line":175,"column":0},"end":{"line":175,"column":49}},"175":{"start":{"line":176,"column":0},"end":{"line":176,"column":9}},"176":{"start":{"line":177,"column":0},"end":{"line":177,"column":76}},"177":{"start":{"line":178,"column":0},"end":{"line":178,"column":16}},"178":{"start":{"line":179,"column":0},"end":{"line":179,"column":23}},"179":{"start":{"line":180,"column":0},"end":{"line":180,"column":48}},"180":{"start":{"line":181,"column":0},"end":{"line":181,"column":28}},"181":{"start":{"line":182,"column":0},"end":{"line":182,"column":88}},"182":{"start":{"line":183,"column":0},"end":{"line":183,"column":85}},"183":{"start":{"line":184,"column":0},"end":{"line":184,"column":16}},"184":{"start":{"line":185,"column":0},"end":{"line":185,"column":13}},"185":{"start":{"line":186,"column":0},"end":{"line":186,"column":73}},"186":{"start":{"line":187,"column":0},"end":{"line":187,"column":93}},"187":{"start":{"line":188,"column":0},"end":{"line":188,"column":39}},"188":{"start":{"line":189,"column":0},"end":{"line":189,"column":22}},"189":{"start":{"line":190,"column":0},"end":{"line":190,"column":18}},"190":{"start":{"line":191,"column":0},"end":{"line":191,"column":13}},"191":{"start":{"line":192,"column":0},"end":{"line":192,"column":21}},"192":{"start":{"line":193,"column":0},"end":{"line":193,"column":12}},"193":{"start":{"line":194,"column":0},"end":{"line":194,"column":0}},"194":{"start":{"line":195,"column":0},"end":{"line":195,"column":1}},"195":{"start":{"line":196,"column":0},"end":{"line":196,"column":54}},"196":{"start":{"line":197,"column":0},"end":{"line":197,"column":16}},"197":{"start":{"line":198,"column":0},"end":{"line":198,"column":81}},"198":{"start":{"line":199,"column":0},"end":{"line":199,"column":86}},"199":{"start":{"line":200,"column":0},"end":{"line":200,"column":56}},"200":{"start":{"line":201,"column":0},"end":{"line":201,"column":12}},"201":{"start":{"line":202,"column":0},"end":{"line":202,"column":49}},"202":{"start":{"line":203,"column":0},"end":{"line":203,"column":45}},"203":{"start":{"line":204,"column":0},"end":{"line":204,"column":13}},"204":{"start":{"line":205,"column":0},"end":{"line":205,"column":21}},"205":{"start":{"line":206,"column":0},"end":{"line":206,"column":38}},"206":{"start":{"line":207,"column":0},"end":{"line":207,"column":37}},"207":{"start":{"line":208,"column":0},"end":{"line":208,"column":81}},"208":{"start":{"line":209,"column":0},"end":{"line":209,"column":41}},"209":{"start":{"line":210,"column":0},"end":{"line":210,"column":7}},"210":{"start":{"line":211,"column":0},"end":{"line":211,"column":9}},"211":{"start":{"line":212,"column":0},"end":{"line":212,"column":15}},"212":{"start":{"line":213,"column":0},"end":{"line":213,"column":97}},"213":{"start":{"line":214,"column":0},"end":{"line":214,"column":13}},"214":{"start":{"line":215,"column":0},"end":{"line":215,"column":21}},"215":{"start":{"line":216,"column":0},"end":{"line":216,"column":38}},"216":{"start":{"line":217,"column":0},"end":{"line":217,"column":37}},"217":{"start":{"line":218,"column":0},"end":{"line":218,"column":81}},"218":{"start":{"line":219,"column":0},"end":{"line":219,"column":41}},"219":{"start":{"line":220,"column":0},"end":{"line":220,"column":7}},"220":{"start":{"line":221,"column":0},"end":{"line":221,"column":9}},"221":{"start":{"line":222,"column":0},"end":{"line":222,"column":15}},"222":{"start":{"line":223,"column":0},"end":{"line":223,"column":45}},"223":{"start":{"line":224,"column":0},"end":{"line":224,"column":10}},"224":{"start":{"line":225,"column":0},"end":{"line":225,"column":8}},"225":{"start":{"line":226,"column":0},"end":{"line":226,"column":0}},"226":{"start":{"line":227,"column":0},"end":{"line":227,"column":18}},"227":{"start":{"line":228,"column":0},"end":{"line":228,"column":83}},"228":{"start":{"line":229,"column":0},"end":{"line":229,"column":86}},"229":{"start":{"line":230,"column":0},"end":{"line":230,"column":58}},"230":{"start":{"line":231,"column":0},"end":{"line":231,"column":12}},"231":{"start":{"line":232,"column":0},"end":{"line":232,"column":49}},"232":{"start":{"line":233,"column":0},"end":{"line":233,"column":47}},"233":{"start":{"line":234,"column":0},"end":{"line":234,"column":13}},"234":{"start":{"line":235,"column":0},"end":{"line":235,"column":21}},"235":{"start":{"line":236,"column":0},"end":{"line":236,"column":40}},"236":{"start":{"line":237,"column":0},"end":{"line":237,"column":39}},"237":{"start":{"line":238,"column":0},"end":{"line":238,"column":81}},"238":{"start":{"line":239,"column":0},"end":{"line":239,"column":44}},"239":{"start":{"line":240,"column":0},"end":{"line":240,"column":7}},"240":{"start":{"line":241,"column":0},"end":{"line":241,"column":9}},"241":{"start":{"line":242,"column":0},"end":{"line":242,"column":15}},"242":{"start":{"line":243,"column":0},"end":{"line":243,"column":101}},"243":{"start":{"line":244,"column":0},"end":{"line":244,"column":13}},"244":{"start":{"line":245,"column":0},"end":{"line":245,"column":21}},"245":{"start":{"line":246,"column":0},"end":{"line":246,"column":40}},"246":{"start":{"line":247,"column":0},"end":{"line":247,"column":39}},"247":{"start":{"line":248,"column":0},"end":{"line":248,"column":81}},"248":{"start":{"line":249,"column":0},"end":{"line":249,"column":44}},"249":{"start":{"line":250,"column":0},"end":{"line":250,"column":7}},"250":{"start":{"line":251,"column":0},"end":{"line":251,"column":9}},"251":{"start":{"line":252,"column":0},"end":{"line":252,"column":15}},"252":{"start":{"line":253,"column":0},"end":{"line":253,"column":47}},"253":{"start":{"line":254,"column":0},"end":{"line":254,"column":10}},"254":{"start":{"line":255,"column":0},"end":{"line":255,"column":8}},"255":{"start":{"line":256,"column":0},"end":{"line":256,"column":0}},"256":{"start":{"line":257,"column":0},"end":{"line":257,"column":15}},"257":{"start":{"line":258,"column":0},"end":{"line":258,"column":26}},"258":{"start":{"line":259,"column":0},"end":{"line":259,"column":86}},"259":{"start":{"line":260,"column":0},"end":{"line":260,"column":11}},"260":{"start":{"line":261,"column":0},"end":{"line":261,"column":12}},"261":{"start":{"line":262,"column":0},"end":{"line":262,"column":11}},"262":{"start":{"line":263,"column":0},"end":{"line":263,"column":23}},"263":{"start":{"line":264,"column":0},"end":{"line":264,"column":50}},"264":{"start":{"line":265,"column":0},"end":{"line":265,"column":109}},"265":{"start":{"line":266,"column":0},"end":{"line":266,"column":5}},"266":{"start":{"line":267,"column":0},"end":{"line":267,"column":30}},"267":{"start":{"line":268,"column":0},"end":{"line":268,"column":38}},"268":{"start":{"line":269,"column":0},"end":{"line":269,"column":31}},"269":{"start":{"line":270,"column":0},"end":{"line":270,"column":28}},"270":{"start":{"line":271,"column":0},"end":{"line":271,"column":13}},"271":{"start":{"line":272,"column":0},"end":{"line":272,"column":8}},"272":{"start":{"line":273,"column":0},"end":{"line":273,"column":6}},"273":{"start":{"line":274,"column":0},"end":{"line":274,"column":0}},"274":{"start":{"line":275,"column":0},"end":{"line":275,"column":37}},"275":{"start":{"line":276,"column":0},"end":{"line":276,"column":39}},"276":{"start":{"line":277,"column":0},"end":{"line":277,"column":104}},"277":{"start":{"line":278,"column":0},"end":{"line":278,"column":10}},"278":{"start":{"line":279,"column":0},"end":{"line":279,"column":22}},"279":{"start":{"line":280,"column":0},"end":{"line":280,"column":67}},"280":{"start":{"line":281,"column":0},"end":{"line":281,"column":94}},"281":{"start":{"line":282,"column":0},"end":{"line":282,"column":69}},"282":{"start":{"line":283,"column":0},"end":{"line":283,"column":20}},"283":{"start":{"line":284,"column":0},"end":{"line":284,"column":38}},"284":{"start":{"line":285,"column":0},"end":{"line":285,"column":20}},"285":{"start":{"line":286,"column":0},"end":{"line":286,"column":27}},"286":{"start":{"line":287,"column":0},"end":{"line":287,"column":28}},"287":{"start":{"line":288,"column":0},"end":{"line":288,"column":57}},"288":{"start":{"line":289,"column":0},"end":{"line":289,"column":39}},"289":{"start":{"line":290,"column":0},"end":{"line":290,"column":44}},"290":{"start":{"line":291,"column":0},"end":{"line":291,"column":119}},"291":{"start":{"line":292,"column":0},"end":{"line":292,"column":16}},"292":{"start":{"line":293,"column":0},"end":{"line":293,"column":100}},"293":{"start":{"line":294,"column":0},"end":{"line":294,"column":57}},"294":{"start":{"line":295,"column":0},"end":{"line":295,"column":153}},"295":{"start":{"line":296,"column":0},"end":{"line":296,"column":54}},"296":{"start":{"line":297,"column":0},"end":{"line":297,"column":24}},"297":{"start":{"line":298,"column":0},"end":{"line":298,"column":29}},"298":{"start":{"line":299,"column":0},"end":{"line":299,"column":75}},"299":{"start":{"line":300,"column":0},"end":{"line":300,"column":38}},"300":{"start":{"line":301,"column":0},"end":{"line":301,"column":58}},"301":{"start":{"line":302,"column":0},"end":{"line":302,"column":50}},"302":{"start":{"line":303,"column":0},"end":{"line":303,"column":24}},"303":{"start":{"line":304,"column":0},"end":{"line":304,"column":21}},"304":{"start":{"line":305,"column":0},"end":{"line":305,"column":86}},"305":{"start":{"line":306,"column":0},"end":{"line":306,"column":90}},"306":{"start":{"line":307,"column":0},"end":{"line":307,"column":26}},"307":{"start":{"line":308,"column":0},"end":{"line":308,"column":21}},"308":{"start":{"line":309,"column":0},"end":{"line":309,"column":22}},"309":{"start":{"line":310,"column":0},"end":{"line":310,"column":16}},"310":{"start":{"line":311,"column":0},"end":{"line":311,"column":18}},"311":{"start":{"line":312,"column":0},"end":{"line":312,"column":16}},"312":{"start":{"line":313,"column":0},"end":{"line":313,"column":0}},"313":{"start":{"line":314,"column":0},"end":{"line":314,"column":22}},"314":{"start":{"line":315,"column":0},"end":{"line":315,"column":43}},"315":{"start":{"line":316,"column":0},"end":{"line":316,"column":63}},"316":{"start":{"line":317,"column":0},"end":{"line":317,"column":21}},"317":{"start":{"line":318,"column":0},"end":{"line":318,"column":33}},"318":{"start":{"line":319,"column":0},"end":{"line":319,"column":25}},"319":{"start":{"line":320,"column":0},"end":{"line":320,"column":36}},"320":{"start":{"line":321,"column":0},"end":{"line":321,"column":59}},"321":{"start":{"line":322,"column":0},"end":{"line":322,"column":108}},"322":{"start":{"line":323,"column":0},"end":{"line":323,"column":15}},"323":{"start":{"line":324,"column":0},"end":{"line":324,"column":68}},"324":{"start":{"line":325,"column":0},"end":{"line":325,"column":23}},"325":{"start":{"line":326,"column":0},"end":{"line":326,"column":18}},"326":{"start":{"line":327,"column":0},"end":{"line":327,"column":12}},"327":{"start":{"line":328,"column":0},"end":{"line":328,"column":0}},"328":{"start":{"line":329,"column":0},"end":{"line":329,"column":20}},"329":{"start":{"line":330,"column":0},"end":{"line":330,"column":67}},"330":{"start":{"line":331,"column":0},"end":{"line":331,"column":94}},"331":{"start":{"line":332,"column":0},"end":{"line":332,"column":67}},"332":{"start":{"line":333,"column":0},"end":{"line":333,"column":20}},"333":{"start":{"line":334,"column":0},"end":{"line":334,"column":38}},"334":{"start":{"line":335,"column":0},"end":{"line":335,"column":20}},"335":{"start":{"line":336,"column":0},"end":{"line":336,"column":27}},"336":{"start":{"line":337,"column":0},"end":{"line":337,"column":26}},"337":{"start":{"line":338,"column":0},"end":{"line":338,"column":59}},"338":{"start":{"line":339,"column":0},"end":{"line":339,"column":37}},"339":{"start":{"line":340,"column":0},"end":{"line":340,"column":46}},"340":{"start":{"line":341,"column":0},"end":{"line":341,"column":119}},"341":{"start":{"line":342,"column":0},"end":{"line":342,"column":16}},"342":{"start":{"line":343,"column":0},"end":{"line":343,"column":100}},"343":{"start":{"line":344,"column":0},"end":{"line":344,"column":57}},"344":{"start":{"line":345,"column":0},"end":{"line":345,"column":153}},"345":{"start":{"line":346,"column":0},"end":{"line":346,"column":56}},"346":{"start":{"line":347,"column":0},"end":{"line":347,"column":24}},"347":{"start":{"line":348,"column":0},"end":{"line":348,"column":29}},"348":{"start":{"line":349,"column":0},"end":{"line":349,"column":75}},"349":{"start":{"line":350,"column":0},"end":{"line":350,"column":38}},"350":{"start":{"line":351,"column":0},"end":{"line":351,"column":56}},"351":{"start":{"line":352,"column":0},"end":{"line":352,"column":52}},"352":{"start":{"line":353,"column":0},"end":{"line":353,"column":24}},"353":{"start":{"line":354,"column":0},"end":{"line":354,"column":21}},"354":{"start":{"line":355,"column":0},"end":{"line":355,"column":86}},"355":{"start":{"line":356,"column":0},"end":{"line":356,"column":90}},"356":{"start":{"line":357,"column":0},"end":{"line":357,"column":26}},"357":{"start":{"line":358,"column":0},"end":{"line":358,"column":21}},"358":{"start":{"line":359,"column":0},"end":{"line":359,"column":22}},"359":{"start":{"line":360,"column":0},"end":{"line":360,"column":16}},"360":{"start":{"line":361,"column":0},"end":{"line":361,"column":18}},"361":{"start":{"line":362,"column":0},"end":{"line":362,"column":16}},"362":{"start":{"line":363,"column":0},"end":{"line":363,"column":0}},"363":{"start":{"line":364,"column":0},"end":{"line":364,"column":24}},"364":{"start":{"line":365,"column":0},"end":{"line":365,"column":41}},"365":{"start":{"line":366,"column":0},"end":{"line":366,"column":114}},"366":{"start":{"line":367,"column":0},"end":{"line":367,"column":75}},"367":{"start":{"line":368,"column":0},"end":{"line":368,"column":20}},"368":{"start":{"line":369,"column":0},"end":{"line":369,"column":18}},"369":{"start":{"line":370,"column":0},"end":{"line":370,"column":25}},"370":{"start":{"line":371,"column":0},"end":{"line":371,"column":28}},"371":{"start":{"line":372,"column":0},"end":{"line":372,"column":78}},"372":{"start":{"line":373,"column":0},"end":{"line":373,"column":98}},"373":{"start":{"line":374,"column":0},"end":{"line":374,"column":58}},"374":{"start":{"line":375,"column":0},"end":{"line":375,"column":161}},"375":{"start":{"line":376,"column":0},"end":{"line":376,"column":14}},"376":{"start":{"line":377,"column":0},"end":{"line":377,"column":16}},"377":{"start":{"line":378,"column":0},"end":{"line":378,"column":0}},"378":{"start":{"line":379,"column":0},"end":{"line":379,"column":24}},"379":{"start":{"line":380,"column":0},"end":{"line":380,"column":43}},"380":{"start":{"line":381,"column":0},"end":{"line":381,"column":43}},"381":{"start":{"line":382,"column":0},"end":{"line":382,"column":113}},"382":{"start":{"line":383,"column":0},"end":{"line":383,"column":74}},"383":{"start":{"line":384,"column":0},"end":{"line":384,"column":22}},"384":{"start":{"line":385,"column":0},"end":{"line":385,"column":20}},"385":{"start":{"line":386,"column":0},"end":{"line":386,"column":27}},"386":{"start":{"line":387,"column":0},"end":{"line":387,"column":27}},"387":{"start":{"line":388,"column":0},"end":{"line":388,"column":80}},"388":{"start":{"line":389,"column":0},"end":{"line":389,"column":100}},"389":{"start":{"line":390,"column":0},"end":{"line":390,"column":76}},"390":{"start":{"line":391,"column":0},"end":{"line":391,"column":163}},"391":{"start":{"line":392,"column":0},"end":{"line":392,"column":16}},"392":{"start":{"line":393,"column":0},"end":{"line":393,"column":18}},"393":{"start":{"line":394,"column":0},"end":{"line":394,"column":12}},"394":{"start":{"line":395,"column":0},"end":{"line":395,"column":14}},"395":{"start":{"line":396,"column":0},"end":{"line":396,"column":8}},"396":{"start":{"line":397,"column":0},"end":{"line":397,"column":0}},"397":{"start":{"line":398,"column":0},"end":{"line":398,"column":6}},"398":{"start":{"line":399,"column":0},"end":{"line":399,"column":29}},"399":{"start":{"line":400,"column":0},"end":{"line":400,"column":39}},"400":{"start":{"line":401,"column":0},"end":{"line":401,"column":30}},"401":{"start":{"line":402,"column":0},"end":{"line":402,"column":35}},"402":{"start":{"line":403,"column":0},"end":{"line":403,"column":93}},"403":{"start":{"line":404,"column":0},"end":{"line":404,"column":26}},"404":{"start":{"line":405,"column":0},"end":{"line":405,"column":71}},"405":{"start":{"line":406,"column":0},"end":{"line":406,"column":122}},"406":{"start":{"line":407,"column":0},"end":{"line":407,"column":73}},"407":{"start":{"line":408,"column":0},"end":{"line":408,"column":24}},"408":{"start":{"line":409,"column":0},"end":{"line":409,"column":42}},"409":{"start":{"line":410,"column":0},"end":{"line":410,"column":24}},"410":{"start":{"line":411,"column":0},"end":{"line":411,"column":38}},"411":{"start":{"line":412,"column":0},"end":{"line":412,"column":31}},"412":{"start":{"line":413,"column":0},"end":{"line":413,"column":36}},"413":{"start":{"line":414,"column":0},"end":{"line":414,"column":36}},"414":{"start":{"line":415,"column":0},"end":{"line":415,"column":56}},"415":{"start":{"line":416,"column":0},"end":{"line":416,"column":34}},"416":{"start":{"line":417,"column":0},"end":{"line":417,"column":47}},"417":{"start":{"line":418,"column":0},"end":{"line":418,"column":22}},"418":{"start":{"line":419,"column":0},"end":{"line":419,"column":61}},"419":{"start":{"line":420,"column":0},"end":{"line":420,"column":48}},"420":{"start":{"line":421,"column":0},"end":{"line":421,"column":123}},"421":{"start":{"line":422,"column":0},"end":{"line":422,"column":20}},"422":{"start":{"line":423,"column":0},"end":{"line":423,"column":104}},"423":{"start":{"line":424,"column":0},"end":{"line":424,"column":70}},"424":{"start":{"line":425,"column":0},"end":{"line":425,"column":157}},"425":{"start":{"line":426,"column":0},"end":{"line":426,"column":63}},"426":{"start":{"line":427,"column":0},"end":{"line":427,"column":28}},"427":{"start":{"line":428,"column":0},"end":{"line":428,"column":33}},"428":{"start":{"line":429,"column":0},"end":{"line":429,"column":79}},"429":{"start":{"line":430,"column":0},"end":{"line":430,"column":42}},"430":{"start":{"line":431,"column":0},"end":{"line":431,"column":79}},"431":{"start":{"line":432,"column":0},"end":{"line":432,"column":62}},"432":{"start":{"line":433,"column":0},"end":{"line":433,"column":40}},"433":{"start":{"line":434,"column":0},"end":{"line":434,"column":53}},"434":{"start":{"line":435,"column":0},"end":{"line":435,"column":28}},"435":{"start":{"line":436,"column":0},"end":{"line":436,"column":25}},"436":{"start":{"line":437,"column":0},"end":{"line":437,"column":90}},"437":{"start":{"line":438,"column":0},"end":{"line":438,"column":94}},"438":{"start":{"line":439,"column":0},"end":{"line":439,"column":30}},"439":{"start":{"line":440,"column":0},"end":{"line":440,"column":25}},"440":{"start":{"line":441,"column":0},"end":{"line":441,"column":26}},"441":{"start":{"line":442,"column":0},"end":{"line":442,"column":20}},"442":{"start":{"line":443,"column":0},"end":{"line":443,"column":22}},"443":{"start":{"line":444,"column":0},"end":{"line":444,"column":20}},"444":{"start":{"line":445,"column":0},"end":{"line":445,"column":14}},"445":{"start":{"line":446,"column":0},"end":{"line":446,"column":30}},"446":{"start":{"line":447,"column":0},"end":{"line":447,"column":65}},"447":{"start":{"line":448,"column":0},"end":{"line":448,"column":23}},"448":{"start":{"line":449,"column":0},"end":{"line":449,"column":35}},"449":{"start":{"line":450,"column":0},"end":{"line":450,"column":27}},"450":{"start":{"line":451,"column":0},"end":{"line":451,"column":34}},"451":{"start":{"line":452,"column":0},"end":{"line":452,"column":40}},"452":{"start":{"line":453,"column":0},"end":{"line":453,"column":72}},"453":{"start":{"line":454,"column":0},"end":{"line":454,"column":31}},"454":{"start":{"line":455,"column":0},"end":{"line":455,"column":20}},"455":{"start":{"line":456,"column":0},"end":{"line":456,"column":61}},"456":{"start":{"line":457,"column":0},"end":{"line":457,"column":110}},"457":{"start":{"line":458,"column":0},"end":{"line":458,"column":17}},"458":{"start":{"line":459,"column":0},"end":{"line":459,"column":70}},"459":{"start":{"line":460,"column":0},"end":{"line":460,"column":25}},"460":{"start":{"line":461,"column":0},"end":{"line":461,"column":20}},"461":{"start":{"line":462,"column":0},"end":{"line":462,"column":24}},"462":{"start":{"line":463,"column":0},"end":{"line":463,"column":71}},"463":{"start":{"line":464,"column":0},"end":{"line":464,"column":120}},"464":{"start":{"line":465,"column":0},"end":{"line":465,"column":71}},"465":{"start":{"line":466,"column":0},"end":{"line":466,"column":24}},"466":{"start":{"line":467,"column":0},"end":{"line":467,"column":42}},"467":{"start":{"line":468,"column":0},"end":{"line":468,"column":24}},"468":{"start":{"line":469,"column":0},"end":{"line":469,"column":36}},"469":{"start":{"line":470,"column":0},"end":{"line":470,"column":31}},"470":{"start":{"line":471,"column":0},"end":{"line":471,"column":34}},"471":{"start":{"line":472,"column":0},"end":{"line":472,"column":36}},"472":{"start":{"line":473,"column":0},"end":{"line":473,"column":54}},"473":{"start":{"line":474,"column":0},"end":{"line":474,"column":34}},"474":{"start":{"line":475,"column":0},"end":{"line":475,"column":45}},"475":{"start":{"line":476,"column":0},"end":{"line":476,"column":22}},"476":{"start":{"line":477,"column":0},"end":{"line":477,"column":59}},"477":{"start":{"line":478,"column":0},"end":{"line":478,"column":50}},"478":{"start":{"line":479,"column":0},"end":{"line":479,"column":123}},"479":{"start":{"line":480,"column":0},"end":{"line":480,"column":20}},"480":{"start":{"line":481,"column":0},"end":{"line":481,"column":104}},"481":{"start":{"line":482,"column":0},"end":{"line":482,"column":66}},"482":{"start":{"line":483,"column":0},"end":{"line":483,"column":157}},"483":{"start":{"line":484,"column":0},"end":{"line":484,"column":61}},"484":{"start":{"line":485,"column":0},"end":{"line":485,"column":28}},"485":{"start":{"line":486,"column":0},"end":{"line":486,"column":33}},"486":{"start":{"line":487,"column":0},"end":{"line":487,"column":79}},"487":{"start":{"line":488,"column":0},"end":{"line":488,"column":42}},"488":{"start":{"line":489,"column":0},"end":{"line":489,"column":77}},"489":{"start":{"line":490,"column":0},"end":{"line":490,"column":60}},"490":{"start":{"line":491,"column":0},"end":{"line":491,"column":40}},"491":{"start":{"line":492,"column":0},"end":{"line":492,"column":51}},"492":{"start":{"line":493,"column":0},"end":{"line":493,"column":28}},"493":{"start":{"line":494,"column":0},"end":{"line":494,"column":25}},"494":{"start":{"line":495,"column":0},"end":{"line":495,"column":90}},"495":{"start":{"line":496,"column":0},"end":{"line":496,"column":94}},"496":{"start":{"line":497,"column":0},"end":{"line":497,"column":30}},"497":{"start":{"line":498,"column":0},"end":{"line":498,"column":25}},"498":{"start":{"line":499,"column":0},"end":{"line":499,"column":26}},"499":{"start":{"line":500,"column":0},"end":{"line":500,"column":20}},"500":{"start":{"line":501,"column":0},"end":{"line":501,"column":22}},"501":{"start":{"line":502,"column":0},"end":{"line":502,"column":20}},"502":{"start":{"line":503,"column":0},"end":{"line":503,"column":32}},"503":{"start":{"line":504,"column":0},"end":{"line":504,"column":45}},"504":{"start":{"line":505,"column":0},"end":{"line":505,"column":126}},"505":{"start":{"line":506,"column":0},"end":{"line":506,"column":79}},"506":{"start":{"line":507,"column":0},"end":{"line":507,"column":24}},"507":{"start":{"line":508,"column":0},"end":{"line":508,"column":22}},"508":{"start":{"line":509,"column":0},"end":{"line":509,"column":29}},"509":{"start":{"line":510,"column":0},"end":{"line":510,"column":40}},"510":{"start":{"line":511,"column":0},"end":{"line":511,"column":78}},"511":{"start":{"line":512,"column":0},"end":{"line":512,"column":109}},"512":{"start":{"line":513,"column":0},"end":{"line":513,"column":62}},"513":{"start":{"line":514,"column":0},"end":{"line":514,"column":165}},"514":{"start":{"line":515,"column":0},"end":{"line":515,"column":18}},"515":{"start":{"line":516,"column":0},"end":{"line":516,"column":20}},"516":{"start":{"line":517,"column":0},"end":{"line":517,"column":0}},"517":{"start":{"line":518,"column":0},"end":{"line":518,"column":32}},"518":{"start":{"line":519,"column":0},"end":{"line":519,"column":27}},"519":{"start":{"line":520,"column":0},"end":{"line":520,"column":67}},"520":{"start":{"line":521,"column":0},"end":{"line":521,"column":25}},"521":{"start":{"line":522,"column":0},"end":{"line":522,"column":37}},"522":{"start":{"line":523,"column":0},"end":{"line":523,"column":29}},"523":{"start":{"line":524,"column":0},"end":{"line":524,"column":50}},"524":{"start":{"line":525,"column":0},"end":{"line":525,"column":125}},"525":{"start":{"line":526,"column":0},"end":{"line":526,"column":19}},"526":{"start":{"line":527,"column":0},"end":{"line":527,"column":21}},"527":{"start":{"line":528,"column":0},"end":{"line":528,"column":27}},"528":{"start":{"line":529,"column":0},"end":{"line":529,"column":22}},"529":{"start":{"line":530,"column":0},"end":{"line":530,"column":16}},"530":{"start":{"line":531,"column":0},"end":{"line":531,"column":18}},"531":{"start":{"line":532,"column":0},"end":{"line":532,"column":13}},"532":{"start":{"line":533,"column":0},"end":{"line":533,"column":0}},"533":{"start":{"line":534,"column":0},"end":{"line":534,"column":38}},"534":{"start":{"line":535,"column":0},"end":{"line":535,"column":102}},"535":{"start":{"line":536,"column":0},"end":{"line":536,"column":13}},"536":{"start":{"line":537,"column":0},"end":{"line":537,"column":21}},"537":{"start":{"line":538,"column":0},"end":{"line":538,"column":24}},"538":{"start":{"line":539,"column":0},"end":{"line":539,"column":42}},"539":{"start":{"line":540,"column":0},"end":{"line":540,"column":22}},"540":{"start":{"line":541,"column":0},"end":{"line":541,"column":32}},"541":{"start":{"line":542,"column":0},"end":{"line":542,"column":33}},"542":{"start":{"line":543,"column":0},"end":{"line":543,"column":48}},"543":{"start":{"line":544,"column":0},"end":{"line":544,"column":45}},"544":{"start":{"line":545,"column":0},"end":{"line":545,"column":10}},"545":{"start":{"line":546,"column":0},"end":{"line":546,"column":7}},"546":{"start":{"line":547,"column":0},"end":{"line":547,"column":96}},"547":{"start":{"line":548,"column":0},"end":{"line":548,"column":15}},"548":{"start":{"line":549,"column":0},"end":{"line":549,"column":10}},"549":{"start":{"line":550,"column":0},"end":{"line":550,"column":4}},"550":{"start":{"line":551,"column":0},"end":{"line":551,"column":8}},"551":{"start":{"line":552,"column":0},"end":{"line":552,"column":2}},"552":{"start":{"line":553,"column":0},"end":{"line":553,"column":0}},"553":{"start":{"line":554,"column":0},"end":{"line":554,"column":27}},"554":{"start":{"line":555,"column":0},"end":{"line":555,"column":28}},"555":{"start":{"line":556,"column":0},"end":{"line":556,"column":15}},"556":{"start":{"line":557,"column":0},"end":{"line":557,"column":32}},"557":{"start":{"line":558,"column":0},"end":{"line":558,"column":133}},"558":{"start":{"line":559,"column":0},"end":{"line":559,"column":9}},"559":{"start":{"line":560,"column":0},"end":{"line":560,"column":52}},"560":{"start":{"line":561,"column":0},"end":{"line":561,"column":17}},"561":{"start":{"line":562,"column":0},"end":{"line":562,"column":12}},"562":{"start":{"line":563,"column":0},"end":{"line":563,"column":10}},"563":{"start":{"line":564,"column":0},"end":{"line":564,"column":4}},"564":{"start":{"line":565,"column":0},"end":{"line":565,"column":1}}},"s":{"0":1,"1":1,"2":1,"3":1,"4":1,"5":1,"6":1,"7":1,"8":1,"9":1,"10":1,"11":1,"12":1,"13":1,"14":1,"15":1,"16":1,"17":1,"18":1,"19":1,"20":1,"21":1,"22":1,"23":1,"24":1,"25":1,"26":256,"27":256,"28":256,"29":256,"30":256,"31":256,"32":256,"33":256,"34":256,"35":256,"36":256,"37":256,"38":256,"39":256,"40":256,"41":256,"42":256,"43":256,"44":256,"45":256,"46":256,"47":256,"48":256,"49":256,"50":256,"51":256,"52":256,"53":256,"54":256,"55":256,"56":256,"57":256,"58":256,"59":256,"60":139,"61":139,"62":139,"63":1070022,"64":1070022,"65":1070022,"66":1070022,"67":1070022,"68":1070022,"69":1070022,"70":1070022,"71":1070022,"72":1070022,"73":1070022,"74":1070022,"75":1070022,"76":1070022,"77":1070022,"78":1070022,"79":1070022,"80":139,"81":139,"82":139,"83":139,"84":139,"85":256,"86":256,"87":256,"88":52,"89":52,"90":52,"91":256,"92":256,"93":21,"94":21,"95":21,"96":256,"97":256,"98":256,"99":256,"100":80,"101":80,"102":80,"103":80,"104":80,"105":256,"106":256,"107":35,"108":35,"109":35,"110":35,"111":35,"112":35,"113":35,"114":256,"115":256,"116":31,"117":31,"118":31,"119":31,"120":31,"121":31,"122":31,"123":256,"124":256,"125":256,"126":18,"127":18,"128":18,"129":256,"130":256,"131":1,"132":1,"133":1,"134":256,"135":256,"136":256,"137":256,"138":2,"139":2,"140":256,"141":256,"142":256,"143":256,"144":13,"145":13,"146":13,"147":13,"148":13,"149":13,"150":13,"151":13,"152":13,"153":13,"154":13,"155":256,"156":256,"157":256,"158":256,"159":256,"160":256,"161":256,"162":256,"163":256,"164":256,"165":256,"166":256,"167":6,"168":6,"169":1,"170":1,"171":1,"172":1,"173":6,"174":256,"175":256,"176":256,"177":768,"178":768,"179":768,"180":768,"181":768,"182":768,"183":768,"184":768,"185":768,"186":768,"187":768,"188":768,"189":768,"190":256,"191":256,"192":256,"193":256,"194":256,"195":256,"196":256,"197":256,"198":256,"199":256,"200":256,"201":256,"202":256,"203":256,"204":256,"205":256,"206":256,"207":256,"208":256,"209":256,"210":256,"211":256,"212":256,"213":256,"214":256,"215":256,"216":256,"217":256,"218":256,"219":256,"220":256,"221":256,"222":256,"223":256,"224":256,"225":256,"226":256,"227":256,"228":256,"229":256,"230":256,"231":256,"232":256,"233":256,"234":256,"235":256,"236":256,"237":256,"238":256,"239":256,"240":256,"241":256,"242":256,"243":256,"244":256,"245":256,"246":256,"247":256,"248":256,"249":256,"250":256,"251":256,"252":256,"253":256,"254":256,"255":256,"256":256,"257":256,"258":256,"259":256,"260":256,"261":256,"262":256,"263":256,"264":256,"265":256,"266":256,"267":256,"268":256,"269":256,"270":256,"271":256,"272":256,"273":256,"274":256,"275":256,"276":132,"277":132,"278":132,"279":132,"280":132,"281":132,"282":132,"283":132,"284":132,"285":132,"286":132,"287":132,"288":132,"289":132,"290":132,"291":132,"292":132,"293":132,"294":72,"295":72,"296":110329,"297":110329,"298":110329,"299":110329,"300":1,"301":1,"302":1,"303":110329,"304":110329,"305":110329,"306":110329,"307":72,"308":72,"309":132,"310":132,"311":132,"312":132,"313":132,"314":132,"315":132,"316":132,"317":132,"318":132,"319":132,"320":132,"321":132,"322":132,"323":132,"324":132,"325":132,"326":132,"327":132,"328":132,"329":132,"330":132,"331":132,"332":132,"333":132,"334":132,"335":132,"336":132,"337":132,"338":132,"339":132,"340":132,"341":132,"342":132,"343":132,"344":26,"345":26,"346":49702,"347":49702,"348":49702,"349":49702,"350":1,"351":1,"352":1,"353":49702,"354":49702,"355":49702,"356":49702,"357":26,"358":26,"359":132,"360":132,"361":132,"362":132,"363":132,"364":132,"365":132,"366":132,"367":132,"368":132,"369":132,"370":132,"371":132,"372":132,"373":132,"374":132,"375":132,"376":132,"377":132,"378":132,"379":132,"380":132,"381":132,"382":132,"383":132,"384":132,"385":132,"386":132,"387":132,"388":132,"389":132,"390":132,"391":132,"392":132,"393":132,"394":132,"395":256,"396":256,"397":256,"398":256,"399":256,"400":124,"401":124,"402":223,"403":223,"404":223,"405":223,"406":223,"407":223,"408":223,"409":223,"410":223,"411":223,"412":223,"413":223,"414":6,"415":6,"416":6,"417":6,"418":223,"419":223,"420":223,"421":223,"422":223,"423":223,"424":74,"425":74,"426":100574,"427":100574,"428":100574,"429":100574,"430":2,"431":2,"432":2,"433":2,"434":2,"435":100574,"436":100574,"437":100574,"438":100574,"439":74,"440":74,"441":223,"442":223,"443":223,"444":223,"445":223,"446":223,"447":223,"448":223,"449":223,"450":223,"451":1,"452":1,"453":1,"454":1,"455":223,"456":223,"457":223,"458":223,"459":223,"460":223,"461":223,"462":223,"463":223,"464":223,"465":223,"466":223,"467":223,"468":223,"469":223,"470":223,"471":223,"472":6,"473":6,"474":6,"475":6,"476":223,"477":223,"478":223,"479":223,"480":223,"481":223,"482":47,"483":47,"484":81499,"485":81499,"486":81499,"487":81499,"488":2,"489":2,"490":2,"491":2,"492":2,"493":81499,"494":81499,"495":81499,"496":81499,"497":47,"498":47,"499":223,"500":223,"501":223,"502":223,"503":223,"504":223,"505":223,"506":223,"507":223,"508":223,"509":223,"510":223,"511":223,"512":223,"513":223,"514":223,"515":223,"516":223,"517":223,"518":223,"519":99,"520":99,"521":99,"522":99,"523":99,"524":99,"525":99,"526":99,"527":99,"528":99,"529":223,"530":223,"531":124,"532":124,"533":124,"534":124,"535":124,"536":124,"537":124,"538":124,"539":124,"540":124,"541":124,"542":3,"543":121,"544":124,"545":124,"546":124,"547":124,"548":124,"549":124,"550":124,"551":256,"552":256,"553":256,"554":256,"555":256,"556":256,"557":256,"558":256,"559":256,"560":256,"561":256,"562":256,"563":256,"564":256},"branchMap":{"0":{"type":"branch","line":26,"loc":{"start":{"line":26,"column":7},"end":{"line":565,"column":1}},"locations":[{"start":{"line":26,"column":7},"end":{"line":565,"column":1}}]},"1":{"type":"branch","line":276,"loc":{"start":{"line":276,"column":34},"end":{"line":395,"column":14}},"locations":[{"start":{"line":276,"column":34},"end":{"line":395,"column":14}}]},"2":{"type":"branch","line":294,"loc":{"start":{"line":294,"column":44},"end":{"line":294,"column":52}},"locations":[{"start":{"line":294,"column":44},"end":{"line":294,"column":52}}]},"3":{"type":"branch","line":294,"loc":{"start":{"line":294,"column":52},"end":{"line":309,"column":22}},"locations":[{"start":{"line":294,"column":52},"end":{"line":309,"column":22}}]},"4":{"type":"branch","line":344,"loc":{"start":{"line":344,"column":46},"end":{"line":344,"column":52}},"locations":[{"start":{"line":344,"column":46},"end":{"line":344,"column":52}}]},"5":{"type":"branch","line":344,"loc":{"start":{"line":344,"column":52},"end":{"line":359,"column":22}},"locations":[{"start":{"line":344,"column":52},"end":{"line":359,"column":22}}]},"6":{"type":"branch","line":372,"loc":{"start":{"line":372,"column":31},"end":{"line":372,"column":72}},"locations":[{"start":{"line":372,"column":31},"end":{"line":372,"column":72}}]},"7":{"type":"branch","line":372,"loc":{"start":{"line":372,"column":72},"end":{"line":372,"column":78}},"locations":[{"start":{"line":372,"column":72},"end":{"line":372,"column":78}}]},"8":{"type":"branch","line":388,"loc":{"start":{"line":388,"column":33},"end":{"line":388,"column":74}},"locations":[{"start":{"line":388,"column":33},"end":{"line":388,"column":74}}]},"9":{"type":"branch","line":388,"loc":{"start":{"line":388,"column":74},"end":{"line":388,"column":80}},"locations":[{"start":{"line":388,"column":74},"end":{"line":388,"column":80}}]},"10":{"type":"branch","line":390,"loc":{"start":{"line":390,"column":32},"end":{"line":390,"column":46}},"locations":[{"start":{"line":390,"column":32},"end":{"line":390,"column":46}}]},"11":{"type":"branch","line":400,"loc":{"start":{"line":400,"column":34},"end":{"line":551,"column":8}},"locations":[{"start":{"line":400,"column":34},"end":{"line":551,"column":8}}]},"12":{"type":"branch","line":543,"loc":{"start":{"line":543,"column":-1},"end":{"line":543,"column":48}},"locations":[{"start":{"line":543,"column":-1},"end":{"line":543,"column":48}}]},"13":{"type":"branch","line":544,"loc":{"start":{"line":544,"column":-1},"end":{"line":544,"column":45}},"locations":[{"start":{"line":544,"column":-1},"end":{"line":544,"column":45}}]},"14":{"type":"branch","line":547,"loc":{"start":{"line":547,"column":32},"end":{"line":547,"column":72}},"locations":[{"start":{"line":547,"column":32},"end":{"line":547,"column":72}}]},"15":{"type":"branch","line":547,"loc":{"start":{"line":547,"column":72},"end":{"line":547,"column":95}},"locations":[{"start":{"line":547,"column":72},"end":{"line":547,"column":95}}]},"16":{"type":"branch","line":43,"loc":{"start":{"line":43,"column":15},"end":{"line":44,"column":49}},"locations":[{"start":{"line":43,"column":15},"end":{"line":44,"column":49}}]},"17":{"type":"branch","line":44,"loc":{"start":{"line":44,"column":14},"end":{"line":44,"column":48}},"locations":[{"start":{"line":44,"column":14},"end":{"line":44,"column":48}}]},"18":{"type":"branch","line":45,"loc":{"start":{"line":45,"column":15},"end":{"line":46,"column":62}},"locations":[{"start":{"line":45,"column":15},"end":{"line":46,"column":62}}]},"19":{"type":"branch","line":46,"loc":{"start":{"line":46,"column":14},"end":{"line":46,"column":61}},"locations":[{"start":{"line":46,"column":14},"end":{"line":46,"column":61}}]},"20":{"type":"branch","line":60,"loc":{"start":{"line":60,"column":2},"end":{"line":85,"column":3}},"locations":[{"start":{"line":60,"column":2},"end":{"line":85,"column":3}}]},"21":{"type":"branch","line":63,"loc":{"start":{"line":63,"column":12},"end":{"line":81,"column":7}},"locations":[{"start":{"line":63,"column":12},"end":{"line":81,"column":7}}]},"22":{"type":"branch","line":66,"loc":{"start":{"line":66,"column":44},"end":{"line":66,"column":57}},"locations":[{"start":{"line":66,"column":44},"end":{"line":66,"column":57}}]},"23":{"type":"branch","line":67,"loc":{"start":{"line":67,"column":44},"end":{"line":67,"column":57}},"locations":[{"start":{"line":67,"column":44},"end":{"line":67,"column":57}}]},"24":{"type":"branch","line":69,"loc":{"start":{"line":69,"column":60},"end":{"line":69,"column":72}},"locations":[{"start":{"line":69,"column":60},"end":{"line":69,"column":72}}]},"25":{"type":"branch","line":70,"loc":{"start":{"line":70,"column":55},"end":{"line":70,"column":67}},"locations":[{"start":{"line":70,"column":55},"end":{"line":70,"column":67}}]},"26":{"type":"branch","line":73,"loc":{"start":{"line":73,"column":56},"end":{"line":73,"column":68}},"locations":[{"start":{"line":73,"column":56},"end":{"line":73,"column":68}}]},"27":{"type":"branch","line":75,"loc":{"start":{"line":75,"column":50},"end":{"line":75,"column":62}},"locations":[{"start":{"line":75,"column":50},"end":{"line":75,"column":62}}]},"28":{"type":"branch","line":76,"loc":{"start":{"line":76,"column":50},"end":{"line":76,"column":62}},"locations":[{"start":{"line":76,"column":50},"end":{"line":76,"column":62}}]},"29":{"type":"branch","line":77,"loc":{"start":{"line":77,"column":50},"end":{"line":77,"column":62}},"locations":[{"start":{"line":77,"column":50},"end":{"line":77,"column":62}}]},"30":{"type":"branch","line":78,"loc":{"start":{"line":78,"column":50},"end":{"line":78,"column":62}},"locations":[{"start":{"line":78,"column":50},"end":{"line":78,"column":62}}]},"31":{"type":"branch","line":79,"loc":{"start":{"line":79,"column":53},"end":{"line":79,"column":65}},"locations":[{"start":{"line":79,"column":53},"end":{"line":79,"column":65}}]},"32":{"type":"branch","line":82,"loc":{"start":{"line":82,"column":15},"end":{"line":82,"column":32}},"locations":[{"start":{"line":82,"column":15},"end":{"line":82,"column":32}}]},"33":{"type":"branch","line":83,"loc":{"start":{"line":83,"column":12},"end":{"line":83,"column":39}},"locations":[{"start":{"line":83,"column":12},"end":{"line":83,"column":39}}]},"34":{"type":"branch","line":84,"loc":{"start":{"line":84,"column":12},"end":{"line":84,"column":27}},"locations":[{"start":{"line":84,"column":12},"end":{"line":84,"column":27}}]},"35":{"type":"branch","line":88,"loc":{"start":{"line":88,"column":24},"end":{"line":92,"column":3}},"locations":[{"start":{"line":88,"column":24},"end":{"line":92,"column":3}}]},"36":{"type":"branch","line":93,"loc":{"start":{"line":93,"column":22},"end":{"line":97,"column":3}},"locations":[{"start":{"line":93,"column":22},"end":{"line":97,"column":3}}]},"37":{"type":"branch","line":100,"loc":{"start":{"line":100,"column":20},"end":{"line":106,"column":3}},"locations":[{"start":{"line":100,"column":20},"end":{"line":106,"column":3}}]},"38":{"type":"branch","line":101,"loc":{"start":{"line":101,"column":13},"end":{"line":105,"column":5}},"locations":[{"start":{"line":101,"column":13},"end":{"line":105,"column":5}}]},"39":{"type":"branch","line":107,"loc":{"start":{"line":107,"column":26},"end":{"line":115,"column":3}},"locations":[{"start":{"line":107,"column":26},"end":{"line":115,"column":3}}]},"40":{"type":"branch","line":110,"loc":{"start":{"line":110,"column":27},"end":{"line":114,"column":5}},"locations":[{"start":{"line":110,"column":27},"end":{"line":114,"column":5}}]},"41":{"type":"branch","line":116,"loc":{"start":{"line":116,"column":24},"end":{"line":124,"column":3}},"locations":[{"start":{"line":116,"column":24},"end":{"line":124,"column":3}}]},"42":{"type":"branch","line":119,"loc":{"start":{"line":119,"column":25},"end":{"line":123,"column":5}},"locations":[{"start":{"line":119,"column":25},"end":{"line":123,"column":5}}]},"43":{"type":"branch","line":125,"loc":{"start":{"line":125,"column":26},"end":{"line":125,"column":80}},"locations":[{"start":{"line":125,"column":26},"end":{"line":125,"column":80}}]},"44":{"type":"branch","line":126,"loc":{"start":{"line":126,"column":17},"end":{"line":130,"column":3}},"locations":[{"start":{"line":126,"column":17},"end":{"line":130,"column":3}}]},"45":{"type":"branch","line":127,"loc":{"start":{"line":127,"column":13},"end":{"line":127,"column":70}},"locations":[{"start":{"line":127,"column":13},"end":{"line":127,"column":70}}]},"46":{"type":"branch","line":128,"loc":{"start":{"line":128,"column":27},"end":{"line":128,"column":43}},"locations":[{"start":{"line":128,"column":27},"end":{"line":128,"column":43}}]},"47":{"type":"branch","line":129,"loc":{"start":{"line":129,"column":25},"end":{"line":129,"column":41}},"locations":[{"start":{"line":129,"column":25},"end":{"line":129,"column":41}}]},"48":{"type":"branch","line":131,"loc":{"start":{"line":131,"column":21},"end":{"line":135,"column":3}},"locations":[{"start":{"line":131,"column":21},"end":{"line":135,"column":3}}]},"49":{"type":"branch","line":132,"loc":{"start":{"line":132,"column":13},"end":{"line":132,"column":54}},"locations":[{"start":{"line":132,"column":13},"end":{"line":132,"column":54}}]},"50":{"type":"branch","line":132,"loc":{"start":{"line":132,"column":34},"end":{"line":132,"column":53}},"locations":[{"start":{"line":132,"column":34},"end":{"line":132,"column":53}}]},"51":{"type":"branch","line":133,"loc":{"start":{"line":133,"column":27},"end":{"line":133,"column":62}},"locations":[{"start":{"line":133,"column":27},"end":{"line":133,"column":62}}]},"52":{"type":"branch","line":133,"loc":{"start":{"line":133,"column":42},"end":{"line":133,"column":61}},"locations":[{"start":{"line":133,"column":42},"end":{"line":133,"column":61}}]},"53":{"type":"branch","line":134,"loc":{"start":{"line":134,"column":25},"end":{"line":134,"column":60}},"locations":[{"start":{"line":134,"column":25},"end":{"line":134,"column":60}}]},"54":{"type":"branch","line":134,"loc":{"start":{"line":134,"column":40},"end":{"line":134,"column":59}},"locations":[{"start":{"line":134,"column":40},"end":{"line":134,"column":59}}]},"55":{"type":"branch","line":138,"loc":{"start":{"line":138,"column":21},"end":{"line":141,"column":3}},"locations":[{"start":{"line":138,"column":21},"end":{"line":141,"column":3}}]},"56":{"type":"branch","line":144,"loc":{"start":{"line":144,"column":23},"end":{"line":156,"column":3}},"locations":[{"start":{"line":144,"column":23},"end":{"line":156,"column":3}}]},"57":{"type":"branch","line":149,"loc":{"start":{"line":149,"column":28},"end":{"line":149,"column":63}},"locations":[{"start":{"line":149,"column":28},"end":{"line":149,"column":63}}]},"58":{"type":"branch","line":149,"loc":{"start":{"line":149,"column":63},"end":{"line":149,"column":68}},"locations":[{"start":{"line":149,"column":63},"end":{"line":149,"column":68}}]},"59":{"type":"branch","line":150,"loc":{"start":{"line":150,"column":28},"end":{"line":150,"column":63}},"locations":[{"start":{"line":150,"column":28},"end":{"line":150,"column":63}}]},"60":{"type":"branch","line":150,"loc":{"start":{"line":150,"column":63},"end":{"line":150,"column":68}},"locations":[{"start":{"line":150,"column":63},"end":{"line":150,"column":68}}]},"61":{"type":"branch","line":151,"loc":{"start":{"line":151,"column":59},"end":{"line":151,"column":65}},"locations":[{"start":{"line":151,"column":59},"end":{"line":151,"column":65}}]},"62":{"type":"branch","line":151,"loc":{"start":{"line":151,"column":65},"end":{"line":151,"column":70}},"locations":[{"start":{"line":151,"column":65},"end":{"line":151,"column":70}}]},"63":{"type":"branch","line":153,"loc":{"start":{"line":153,"column":39},"end":{"line":153,"column":62}},"locations":[{"start":{"line":153,"column":39},"end":{"line":153,"column":62}}]},"64":{"type":"branch","line":153,"loc":{"start":{"line":153,"column":62},"end":{"line":153,"column":68}},"locations":[{"start":{"line":153,"column":62},"end":{"line":153,"column":68}}]},"65":{"type":"branch","line":167,"loc":{"start":{"line":167,"column":26},"end":{"line":174,"column":12}},"locations":[{"start":{"line":167,"column":26},"end":{"line":174,"column":12}}]},"66":{"type":"branch","line":169,"loc":{"start":{"line":169,"column":38},"end":{"line":173,"column":13}},"locations":[{"start":{"line":169,"column":38},"end":{"line":173,"column":13}}]},"67":{"type":"branch","line":177,"loc":{"start":{"line":177,"column":67},"end":{"line":190,"column":18}},"locations":[{"start":{"line":177,"column":67},"end":{"line":190,"column":18}}]},"68":{"type":"branch","line":183,"loc":{"start":{"line":183,"column":34},"end":{"line":183,"column":65}},"locations":[{"start":{"line":183,"column":34},"end":{"line":183,"column":65}}]},"69":{"type":"branch","line":183,"loc":{"start":{"line":183,"column":65},"end":{"line":183,"column":85}},"locations":[{"start":{"line":183,"column":65},"end":{"line":183,"column":85}}]},"70":{"type":"branch","line":180,"loc":{"start":{"line":180,"column":23},"end":{"line":180,"column":48}},"locations":[{"start":{"line":180,"column":23},"end":{"line":180,"column":48}}]},"71":{"type":"branch","line":207,"loc":{"start":{"line":207,"column":17},"end":{"line":207,"column":37}},"locations":[{"start":{"line":207,"column":17},"end":{"line":207,"column":37}}]},"72":{"type":"branch","line":217,"loc":{"start":{"line":217,"column":17},"end":{"line":217,"column":37}},"locations":[{"start":{"line":217,"column":17},"end":{"line":217,"column":37}}]},"73":{"type":"branch","line":237,"loc":{"start":{"line":237,"column":17},"end":{"line":237,"column":39}},"locations":[{"start":{"line":237,"column":17},"end":{"line":237,"column":39}}]},"74":{"type":"branch","line":247,"loc":{"start":{"line":247,"column":17},"end":{"line":247,"column":39}},"locations":[{"start":{"line":247,"column":17},"end":{"line":247,"column":39}}]},"75":{"type":"branch","line":264,"loc":{"start":{"line":264,"column":16},"end":{"line":264,"column":50}},"locations":[{"start":{"line":264,"column":16},"end":{"line":264,"column":50}}]},"76":{"type":"branch","line":288,"loc":{"start":{"line":288,"column":25},"end":{"line":288,"column":57}},"locations":[{"start":{"line":288,"column":25},"end":{"line":288,"column":57}}]},"77":{"type":"branch","line":296,"loc":{"start":{"line":296,"column":42},"end":{"line":307,"column":26}},"locations":[{"start":{"line":296,"column":42},"end":{"line":307,"column":26}}]},"78":{"type":"branch","line":300,"loc":{"start":{"line":300,"column":31},"end":{"line":303,"column":24}},"locations":[{"start":{"line":300,"column":31},"end":{"line":303,"column":24}}]},"79":{"type":"branch","line":338,"loc":{"start":{"line":338,"column":25},"end":{"line":338,"column":59}},"locations":[{"start":{"line":338,"column":25},"end":{"line":338,"column":59}}]},"80":{"type":"branch","line":346,"loc":{"start":{"line":346,"column":44},"end":{"line":357,"column":26}},"locations":[{"start":{"line":346,"column":44},"end":{"line":357,"column":26}}]},"81":{"type":"branch","line":350,"loc":{"start":{"line":350,"column":31},"end":{"line":353,"column":24}},"locations":[{"start":{"line":350,"column":31},"end":{"line":353,"column":24}}]},"82":{"type":"branch","line":373,"loc":{"start":{"line":373,"column":24},"end":{"line":373,"column":98}},"locations":[{"start":{"line":373,"column":24},"end":{"line":373,"column":98}}]},"83":{"type":"branch","line":373,"loc":{"start":{"line":373,"column":57},"end":{"line":373,"column":84}},"locations":[{"start":{"line":373,"column":57},"end":{"line":373,"column":84}}]},"84":{"type":"branch","line":373,"loc":{"start":{"line":373,"column":84},"end":{"line":373,"column":96}},"locations":[{"start":{"line":373,"column":84},"end":{"line":373,"column":96}}]},"85":{"type":"branch","line":389,"loc":{"start":{"line":389,"column":26},"end":{"line":389,"column":100}},"locations":[{"start":{"line":389,"column":26},"end":{"line":389,"column":100}}]},"86":{"type":"branch","line":389,"loc":{"start":{"line":389,"column":59},"end":{"line":389,"column":86}},"locations":[{"start":{"line":389,"column":59},"end":{"line":389,"column":86}}]},"87":{"type":"branch","line":389,"loc":{"start":{"line":389,"column":86},"end":{"line":389,"column":98}},"locations":[{"start":{"line":389,"column":86},"end":{"line":389,"column":98}}]},"88":{"type":"branch","line":402,"loc":{"start":{"line":402,"column":20},"end":{"line":531,"column":18}},"locations":[{"start":{"line":402,"column":20},"end":{"line":531,"column":18}}]},"89":{"type":"branch","line":424,"loc":{"start":{"line":424,"column":53},"end":{"line":424,"column":65}},"locations":[{"start":{"line":424,"column":53},"end":{"line":424,"column":65}}]},"90":{"type":"branch","line":424,"loc":{"start":{"line":424,"column":65},"end":{"line":441,"column":26}},"locations":[{"start":{"line":424,"column":65},"end":{"line":441,"column":26}}]},"91":{"type":"branch","line":482,"loc":{"start":{"line":482,"column":51},"end":{"line":482,"column":61}},"locations":[{"start":{"line":482,"column":51},"end":{"line":482,"column":61}}]},"92":{"type":"branch","line":482,"loc":{"start":{"line":482,"column":61},"end":{"line":499,"column":26}},"locations":[{"start":{"line":482,"column":61},"end":{"line":499,"column":26}}]},"93":{"type":"branch","line":511,"loc":{"start":{"line":511,"column":33},"end":{"line":511,"column":72}},"locations":[{"start":{"line":511,"column":33},"end":{"line":511,"column":72}}]},"94":{"type":"branch","line":511,"loc":{"start":{"line":511,"column":72},"end":{"line":511,"column":78}},"locations":[{"start":{"line":511,"column":72},"end":{"line":511,"column":78}}]},"95":{"type":"branch","line":519,"loc":{"start":{"line":519,"column":22},"end":{"line":529,"column":22}},"locations":[{"start":{"line":519,"column":22},"end":{"line":529,"column":22}}]},"96":{"type":"branch","line":414,"loc":{"start":{"line":414,"column":29},"end":{"line":418,"column":22}},"locations":[{"start":{"line":414,"column":29},"end":{"line":418,"column":22}}]},"97":{"type":"branch","line":419,"loc":{"start":{"line":419,"column":31},"end":{"line":419,"column":61}},"locations":[{"start":{"line":419,"column":31},"end":{"line":419,"column":61}}]},"98":{"type":"branch","line":426,"loc":{"start":{"line":426,"column":51},"end":{"line":439,"column":30}},"locations":[{"start":{"line":426,"column":51},"end":{"line":439,"column":30}}]},"99":{"type":"branch","line":430,"loc":{"start":{"line":430,"column":35},"end":{"line":435,"column":28}},"locations":[{"start":{"line":430,"column":35},"end":{"line":435,"column":28}}]},"100":{"type":"branch","line":451,"loc":{"start":{"line":451,"column":27},"end":{"line":455,"column":20}},"locations":[{"start":{"line":451,"column":27},"end":{"line":455,"column":20}}]},"101":{"type":"branch","line":472,"loc":{"start":{"line":472,"column":29},"end":{"line":476,"column":22}},"locations":[{"start":{"line":472,"column":29},"end":{"line":476,"column":22}}]},"102":{"type":"branch","line":477,"loc":{"start":{"line":477,"column":31},"end":{"line":477,"column":59}},"locations":[{"start":{"line":477,"column":31},"end":{"line":477,"column":59}}]},"103":{"type":"branch","line":484,"loc":{"start":{"line":484,"column":49},"end":{"line":497,"column":30}},"locations":[{"start":{"line":484,"column":49},"end":{"line":497,"column":30}}]},"104":{"type":"branch","line":488,"loc":{"start":{"line":488,"column":35},"end":{"line":493,"column":28}},"locations":[{"start":{"line":488,"column":35},"end":{"line":493,"column":28}}]},"105":{"type":"branch","line":512,"loc":{"start":{"line":512,"column":28},"end":{"line":512,"column":109}},"locations":[{"start":{"line":512,"column":28},"end":{"line":512,"column":109}}]},"106":{"type":"branch","line":512,"loc":{"start":{"line":512,"column":68},"end":{"line":512,"column":95}},"locations":[{"start":{"line":512,"column":68},"end":{"line":512,"column":95}}]},"107":{"type":"branch","line":512,"loc":{"start":{"line":512,"column":95},"end":{"line":512,"column":107}},"locations":[{"start":{"line":512,"column":95},"end":{"line":512,"column":107}}]},"108":{"type":"branch","line":524,"loc":{"start":{"line":524,"column":29},"end":{"line":524,"column":50}},"locations":[{"start":{"line":524,"column":29},"end":{"line":524,"column":50}}]}},"b":{"0":[256],"1":[132],"2":[75],"3":[72],"4":[26],"5":[26],"6":[5],"7":[127],"8":[4],"9":[128],"10":[127],"11":[124],"12":[3],"13":[121],"14":[3],"15":[121],"16":[8],"17":[8],"18":[2],"19":[2],"20":[139],"21":[1070022],"22":[6],"23":[1],"24":[124961],"25":[139],"26":[5282],"27":[151698],"28":[84120],"29":[42580],"30":[58693],"31":[65980],"32":[1070022],"33":[1569950],"34":[288111],"35":[52],"36":[21],"37":[80],"38":[80],"39":[35],"40":[35],"41":[31],"42":[31],"43":[10],"44":[18],"45":[18],"46":[18],"47":[18],"48":[1],"49":[1],"50":[2],"51":[1],"52":[2],"53":[1],"54":[2],"55":[2],"56":[13],"57":[1],"58":[12],"59":[1],"60":[12],"61":[2],"62":[11],"63":[5],"64":[8],"65":[6],"66":[1],"67":[768],"68":[256],"69":[512],"70":[34],"71":[1],"72":[6],"73":[1],"74":[2],"75":[1],"76":[5],"77":[110329],"78":[1],"79":[4],"80":[49702],"81":[1],"82":[4],"83":[3],"84":[1],"85":[5],"86":[3],"87":[2],"88":[223],"89":[74],"90":[74],"91":[47],"92":[47],"93":[21],"94":[202],"95":[99],"96":[6],"97":[35],"98":[100574],"99":[2],"100":[1],"101":[6],"102":[31],"103":[81499],"104":[2],"105":[10],"106":[7],"107":[3],"108":[1]},"fnMap":{"0":{"name":"FlightSelection","decl":{"start":{"line":26,"column":7},"end":{"line":565,"column":1}},"loc":{"start":{"line":26,"column":7},"end":{"line":565,"column":1}},"line":26},"1":{"name":"inc","decl":{"start":{"line":43,"column":15},"end":{"line":44,"column":49}},"loc":{"start":{"line":43,"column":15},"end":{"line":44,"column":49}},"line":43},"2":{"name":"dec","decl":{"start":{"line":45,"column":15},"end":{"line":46,"column":62}},"loc":{"start":{"line":45,"column":15},"end":{"line":46,"column":62}},"line":45},"3":{"name":"findAirport","decl":{"start":{"line":60,"column":2},"end":{"line":85,"column":3}},"loc":{"start":{"line":60,"column":2},"end":{"line":85,"column":3}},"line":60},"4":{"name":"onFromChange","decl":{"start":{"line":88,"column":24},"end":{"line":92,"column":3}},"loc":{"start":{"line":88,"column":24},"end":{"line":92,"column":3}},"line":88},"5":{"name":"onToChange","decl":{"start":{"line":93,"column":22},"end":{"line":97,"column":3}},"loc":{"start":{"line":93,"column":22},"end":{"line":97,"column":3}},"line":93},"6":{"name":"updateLeg","decl":{"start":{"line":100,"column":20},"end":{"line":106,"column":3}},"loc":{"start":{"line":100,"column":20},"end":{"line":106,"column":3}},"line":100},"7":{"name":"onLegFromChange","decl":{"start":{"line":107,"column":26},"end":{"line":115,"column":3}},"loc":{"start":{"line":107,"column":26},"end":{"line":115,"column":3}},"line":107},"8":{"name":"onLegToChange","decl":{"start":{"line":116,"column":24},"end":{"line":124,"column":3}},"loc":{"start":{"line":116,"column":24},"end":{"line":124,"column":3}},"line":116},"9":{"name":"onLegDateChange","decl":{"start":{"line":125,"column":26},"end":{"line":125,"column":80}},"loc":{"start":{"line":125,"column":26},"end":{"line":125,"column":80}},"line":125},"10":{"name":"addLeg","decl":{"start":{"line":126,"column":17},"end":{"line":130,"column":3}},"loc":{"start":{"line":126,"column":17},"end":{"line":130,"column":3}},"line":126},"11":{"name":"removeLeg","decl":{"start":{"line":131,"column":21},"end":{"line":135,"column":3}},"loc":{"start":{"line":131,"column":21},"end":{"line":135,"column":3}},"line":131},"12":{"name":"handleSwap","decl":{"start":{"line":138,"column":21},"end":{"line":141,"column":3}},"loc":{"start":{"line":138,"column":21},"end":{"line":141,"column":3}},"line":138},"13":{"name":"handleSearch","decl":{"start":{"line":144,"column":23},"end":{"line":156,"column":3}},"loc":{"start":{"line":144,"column":23},"end":{"line":156,"column":3}},"line":144},"14":{"name":"onValueChange","decl":{"start":{"line":167,"column":26},"end":{"line":174,"column":12}},"loc":{"start":{"line":167,"column":26},"end":{"line":174,"column":12}},"line":167},"15":{"name":"onClick","decl":{"start":{"line":180,"column":23},"end":{"line":180,"column":48}},"loc":{"start":{"line":180,"column":23},"end":{"line":180,"column":48}},"line":180},"16":{"name":"onClick","decl":{"start":{"line":207,"column":17},"end":{"line":207,"column":37}},"loc":{"start":{"line":207,"column":17},"end":{"line":207,"column":37}},"line":207},"17":{"name":"onClick","decl":{"start":{"line":217,"column":17},"end":{"line":217,"column":37}},"loc":{"start":{"line":217,"column":17},"end":{"line":217,"column":37}},"line":217},"18":{"name":"onClick","decl":{"start":{"line":237,"column":17},"end":{"line":237,"column":39}},"loc":{"start":{"line":237,"column":17},"end":{"line":237,"column":39}},"line":237},"19":{"name":"onClick","decl":{"start":{"line":247,"column":17},"end":{"line":247,"column":39}},"loc":{"start":{"line":247,"column":17},"end":{"line":247,"column":39}},"line":247},"20":{"name":"onChange","decl":{"start":{"line":264,"column":16},"end":{"line":264,"column":50}},"loc":{"start":{"line":264,"column":16},"end":{"line":264,"column":50}},"line":264},"21":{"name":"onFocus","decl":{"start":{"line":288,"column":25},"end":{"line":288,"column":57}},"loc":{"start":{"line":288,"column":25},"end":{"line":288,"column":57}},"line":288},"22":{"name":"onClick","decl":{"start":{"line":300,"column":31},"end":{"line":303,"column":24}},"loc":{"start":{"line":300,"column":31},"end":{"line":303,"column":24}},"line":300},"23":{"name":"onFocus","decl":{"start":{"line":338,"column":25},"end":{"line":338,"column":59}},"loc":{"start":{"line":338,"column":25},"end":{"line":338,"column":59}},"line":338},"24":{"name":"onClick","decl":{"start":{"line":350,"column":31},"end":{"line":353,"column":24}},"loc":{"start":{"line":350,"column":31},"end":{"line":353,"column":24}},"line":350},"25":{"name":"onChange","decl":{"start":{"line":373,"column":24},"end":{"line":373,"column":98}},"loc":{"start":{"line":373,"column":24},"end":{"line":373,"column":98}},"line":373},"26":{"name":"onChange","decl":{"start":{"line":389,"column":26},"end":{"line":389,"column":100}},"loc":{"start":{"line":389,"column":26},"end":{"line":389,"column":100}},"line":389},"27":{"name":"onFocus","decl":{"start":{"line":414,"column":29},"end":{"line":418,"column":22}},"loc":{"start":{"line":414,"column":29},"end":{"line":418,"column":22}},"line":414},"28":{"name":"onChange","decl":{"start":{"line":419,"column":31},"end":{"line":419,"column":61}},"loc":{"start":{"line":419,"column":31},"end":{"line":419,"column":61}},"line":419},"29":{"name":"onClick","decl":{"start":{"line":430,"column":35},"end":{"line":435,"column":28}},"loc":{"start":{"line":430,"column":35},"end":{"line":435,"column":28}},"line":430},"30":{"name":"onClick","decl":{"start":{"line":451,"column":27},"end":{"line":455,"column":20}},"loc":{"start":{"line":451,"column":27},"end":{"line":455,"column":20}},"line":451},"31":{"name":"onFocus","decl":{"start":{"line":472,"column":29},"end":{"line":476,"column":22}},"loc":{"start":{"line":472,"column":29},"end":{"line":476,"column":22}},"line":472},"32":{"name":"onChange","decl":{"start":{"line":477,"column":31},"end":{"line":477,"column":59}},"loc":{"start":{"line":477,"column":31},"end":{"line":477,"column":59}},"line":477},"33":{"name":"onClick","decl":{"start":{"line":488,"column":35},"end":{"line":493,"column":28}},"loc":{"start":{"line":488,"column":35},"end":{"line":493,"column":28}},"line":488},"34":{"name":"onChange","decl":{"start":{"line":512,"column":28},"end":{"line":512,"column":109}},"loc":{"start":{"line":512,"column":28},"end":{"line":512,"column":109}},"line":512},"35":{"name":"onClick","decl":{"start":{"line":524,"column":29},"end":{"line":524,"column":50}},"loc":{"start":{"line":524,"column":29},"end":{"line":524,"column":50}},"line":524}},"f":{"0":256,"1":8,"2":2,"3":139,"4":52,"5":21,"6":80,"7":35,"8":31,"9":10,"10":18,"11":1,"12":2,"13":13,"14":6,"15":34,"16":1,"17":6,"18":1,"19":2,"20":1,"21":5,"22":1,"23":4,"24":1,"25":4,"26":5,"27":6,"28":35,"29":2,"30":1,"31":6,"32":31,"33":2,"34":10,"35":1}}
[...]
{"line":290,"column":0},"end":{"line":290,"column":54}},"290":{"start":{"line":291,"column":0},"end":{"line":291,"column":12}},"291":{"start":{"line":292,"column":0},"end":{"line":292,"column":22}},"292":{"start":{"line":293,"column":0},"end":{"line":293,"column":26}},"293":{"start":{"line":294,"column":0},"end":{"line":294,"column":55}},"294":{"start":{"line":295,"column":0},"end":{"line":295,"column":89}},"295":{"start":{"line":296,"column":0},"end":{"line":296,"column":6}},"296":{"start":{"line":297,"column":0},"end":{"line":297,"column":44}},"297":{"start":{"line":298,"column":0},"end":{"line":298,"column":62}},"298":{"start":{"line":299,"column":0},"end":{"line":299,"column":39}},"299":{"start":{"line":300,"column":0},"end":{"line":300,"column":14}},"300":{"start":{"line":301,"column":0},"end":{"line":301,"column":16}},"301":{"start":{"line":302,"column":0},"end":{"line":302,"column":9}},"302":{"start":{"line":303,"column":0},"end":{"line":303,"column":14}},"303":{"start":{"line":304,"column":0},"end":{"line":304,"column":10}},"304":{"start":{"line":305,"column":0},"end":{"line":305,"column":0}},"305":{"start":{"line":306,"column":0},"end":{"line":306,"column":9}},"306":{"start":{"line":307,"column":0},"end":{"line":307,"column":58}},"307":{"start":{"line":308,"column":0},"end":{"line":308,"column":11}},"308":{"start":{"line":309,"column":0},"end":{"line":309,"column":19}},"309":{"start":{"line":310,"column":0},"end":{"line":310,"column":19}},"310":{"start":{"line":311,"column":0},"end":{"line":311,"column":22}},"311":{"start":{"line":312,"column":0},"end":{"line":312,"column":13}},"312":{"start":{"line":313,"column":0},"end":{"line":313,"column":15}},"313":{"start":{"line":314,"column":0},"end":{"line":314,"column":61}},"314":{"start":{"line":315,"column":0},"end":{"line":315,"column":89}},"315":{"start":{"line":316,"column":0},"end":{"line":316,"column":7}},"316":{"start":{"line":317,"column":0},"end":{"line":317,"column":10}},"317":{"start":{"line":318,"column":0},"end":{"line":318,"column":9}},"318":{"start":{"line":319,"column":0},"end":{"line":319,"column":0}},"319":{"start":{"line":320,"column":0},"end":{"line":320,"column":24}},"320":{"start":{"line":321,"column":0},"end":{"line":321,"column":45}},"321":{"start":{"line":322,"column":0},"end":{"line":322,"column":11}},"322":{"start":{"line":323,"column":0},"end":{"line":323,"column":27}},"323":{"start":{"line":324,"column":0},"end":{"line":324,"column":182}},"324":{"start":{"line":325,"column":0},"end":{"line":325,"column":5}},"325":{"start":{"line":326,"column":0},"end":{"line":326,"column":30}},"326":{"start":{"line":327,"column":0},"end":{"line":327,"column":13}},"327":{"start":{"line":328,"column":0},"end":{"line":328,"column":9}},"328":{"start":{"line":329,"column":0},"end":{"line":329,"column":0}},"329":{"start":{"line":330,"column":0},"end":{"line":330,"column":37}},"330":{"start":{"line":331,"column":0},"end":{"line":331,"column":42}},"331":{"start":{"line":332,"column":0},"end":{"line":332,"column":43}},"332":{"start":{"line":333,"column":0},"end":{"line":333,"column":13}},"333":{"start":{"line":334,"column":0},"end":{"line":334,"column":22}},"334":{"start":{"line":335,"column":0},"end":{"line":335,"column":42}},"335":{"start":{"line":336,"column":0},"end":{"line":336,"column":42}},"336":{"start":{"line":337,"column":0},"end":{"line":337,"column":8}},"337":{"start":{"line":338,"column":0},"end":{"line":338,"column":77}},"338":{"start":{"line":339,"column":0},"end":{"line":339,"column":6}},"339":{"start":{"line":340,"column":0},"end":{"line":340,"column":125}},"340":{"start":{"line":341,"column":0},"end":{"line":341,"column":129}},"341":{"start":{"line":342,"column":0},"end":{"line":342,"column":12}},"342":{"start":{"line":343,"column":0},"end":{"line":343,"column":37}},"343":{"start":{"line":344,"column":0},"end":{"line":344,"column":14}},"344":{"start":{"line":345,"column":0},"end":{"line":345,"column":10}},"345":{"start":{"line":346,"column":0},"end":{"line":346,"column":5}},"346":{"start":{"line":347,"column":0},"end":{"line":347,"column":8}},"347":{"start":{"line":348,"column":0},"end":{"line":348,"column":3}},"348":{"start":{"line":349,"column":0},"end":{"line":349,"column":1}}},"s":{"0":1,"1":1,"2":1,"3":1,"4":1,"5":1,"6":1,"7":1,"8":1,"9":1,"10":1,"11":1,"12":1,"13":1,"14":1,"15":1,"16":1,"17":1,"18":1,"19":1,"20":1,"21":1,"22":1,"23":1,"24":89,"25":89,"26":89,"27":89,"28":89,"29":89,"30":89,"31":89,"32":89,"33":89,"34":89,"35":89,"36":89,"37":89,"38":89,"39":89,"40":89,"41":89,"42":89,"43":89,"44":89,"45":8,"46":8,"47":1,"48":1,"49":1,"50":7,"51":8,"52":1,"53":1,"54":1,"55":6,"56":8,"57":1,"58":1,"59":1,"60":5,"61":8,"62":1,"63":1,"64":1,"65":4,"66":4,"67":8,"68":1,"69":1,"70":1,"71":3,"72":3,"73":3,"74":3,"75":3,"76":3,"77":3,"78":3,"79":3,"80":3,"81":3,"82":3,"83":3,"84":3,"85":3,"86":3,"87":3,"88":3,"89":3,"90":89,"91":89,"92":89,"93":89,"94":31,"95":31,"96":14,"97":14,"98":31,"99":17,"100":17,"101":31,"102":31,"103":31,"104":89,"105":89,"106":89,"107":89,"108":26,"109":26,"110":10,"111":10,"112":26,"113":16,"114":16,"115":26,"116":26,"117":26,"118":89,"119":89,"120":89,"121":89,"122":16,"123":1,"124":1,"125":1,"126":1,"127":1,"128":1,"129":16,"130":16,"131":16,"132":16,"133":16,"134":16,"135":89,"136":89,"137":89,"138":89,"139":89,"140":89,"141":89,"142":89,"143":89,"144":89,"145":89,"146":89,"147":89,"148":89,"149":89,"150":89,"151":89,"152":89,"153":89,"154":89,"155":89,"156":89,"157":89,"158":89,"159":89,"160":89,"161":89,"162":89,"163":89,"164":89,"165":89,"166":89,"167":89,"168":89,"169":89,"170":89,"171":5,"172":5,"173":5,"174":5,"175":5,"176":5,"177":1,"178":1,"179":1,"180":5,"181":5,"182":5,"183":5,"184":5,"185":5,"186":5,"187":5,"188":89,"189":89,"190":89,"191":89,"192":89,"193":89,"194":89,"195":89,"196":89,"197":89,"198":89,"199":89,"200":89,"201":89,"202":89,"203":89,"204":89,"205":89,"206":89,"207":89,"208":89,"209":89,"210":89,"211":89,"212":1,"213":1,"214":1,"215":1,"216":1,"217":1,"218":1,"219":1,"220":1,"221":1,"222":1,"223":1,"224":1,"225":1,"226":1,"227":1,"228":1,"229":89,"230":89,"231":89,"232":89,"233":89,"234":89,"235":89,"236":89,"237":89,"238":89,"239":89,"240":89,"241":89,"242":89,"243":89,"244":89,"245":89,"246":89,"247":89,"248":89,"249":89,"250":89,"251":89,"252":89,"253":89,"254":89,"255":89,"256":89,"257":89,"258":89,"259":89,"260":89,"261":89,"262":89,"263":89,"264":89,"265":89,"266":89,"267":89,"268":89,"269":89,"270":89,"271":89,"272":89,"273":89,"274":89,"275":89,"276":89,"277":89,"278":89,"279":89,"280":89,"281":89,"282":89,"283":89,"284":89,"285":89,"286":89,"287":89,"288":89,"289":89,"290":89,"291":89,"292":89,"293":89,"294":89,"295":89,"296":89,"297":89,"298":534,"299":534,"300":534,"301":89,"302":89,"303":89,"304":89,"305":89,"306":89,"307":89,"308":89,"309":89,"310":89,"311":89,"312":89,"313":89,"314":89,"315":89,"316":89,"317":89,"318":89,"319":89,"320":89,"321":89,"322":89,"323":89,"324":89,"325":89,"326":89,"327":89,"328":89,"329":89,"330":89,"331":23,"332":23,"333":23,"334":1,"335":1,"336":1,"337":23,"338":23,"339":23,"340":23,"341":23,"342":23,"343":23,"344":23,"345":89,"346":89,"347":89,"348":89},"branchMap":{"0":{"type":"branch","line":24,"loc":{"start":{"line":24,"column":7},"end":{"line":349,"column":1}},"locations":[{"start":{"line":24,"column":7},"end":{"line":349,"column":1}}]},"1":{"type":"branch","line":171,"loc":{"start":{"line":171,"column":22},"end":{"line":171,"column":54}},"locations":[{"start":{"line":171,"column":22},"end":{"line":171,"column":54}}]},"2":{"type":"branch","line":171,"loc":{"start":{"line":171,"column":54},"end":{"line":188,"column":13}},"locations":[{"start":{"line":171,"column":54},"end":{"line":188,"column":13}}]},"3":{"type":"branch","line":212,"loc":{"start":{"line":212,"column":23},"end":{"line":212,"column":56}},"locations":[{"start":{"line":212,"column":23},"end":{"line":212,"column":56}}]},"4":{"type":"branch","line":212,"loc":{"start":{"line":212,"column":56},"end":{"line":229,"column":13}},"locations":[{"start":{"line":212,"column":56},"end":{"line":229,"column":13}}]},"5":{"type":"branch","line":331,"loc":{"start":{"line":331,"column":18},"end":{"line":331,"column":37}},"locations":[{"start":{"line":331,"column":18},"end":{"line":331,"column":37}}]},"6":{"type":"branch","line":331,"loc":{"start":{"line":331,"column":37},"end":{"line":345,"column":10}},"locations":[{"start":{"line":331,"column":37},"end":{"line":345,"column":10}}]},"7":{"type":"branch","line":45,"loc":{"start":{"line":45,"column":22},"end":{"line":91,"column":2}},"locations":[{"start":{"line":45,"column":22},"end":{"line":91,"column":2}}]},"8":{"type":"branch","line":47,"loc":{"start":{"line":47,"column":23},"end":{"line":50,"column":3}},"locations":[{"start":{"line":47,"column":23},"end":{"line":50,"column":3}}]},"9":{"type":"branch","line":50,"loc":{"start":{"line":50,"column":2},"end":{"line":52,"column":24}},"locations":[{"start":{"line":50,"column":2},"end":{"line":52,"column":24}}]},"10":{"type":"branch","line":52,"loc":{"start":{"line":52,"column":24},"end":{"line":55,"column":3}},"locations":[{"start":{"line":52,"column":24},"end":{"line":55,"column":3}}]},"11":{"type":"branch","line":55,"loc":{"start":{"line":55,"column":2},"end":{"line":57,"column":19}},"locations":[{"start":{"line":55,"column":2},"end":{"line":57,"column":19}}]},"12":{"type":"branch","line":57,"loc":{"start":{"line":57,"column":19},"end":{"line":60,"column":3}},"locations":[{"start":{"line":57,"column":19},"end":{"line":60,"column":3}}]},"13":{"type":"branch","line":60,"loc":{"start":{"line":60,"column":2},"end":{"line":62,"column":20}},"locations":[{"start":{"line":60,"column":2},"end":{"line":62,"column":20}}]},"14":{"type":"branch","line":62,"loc":{"start":{"line":62,"column":20},"end":{"line":65,"column":3}},"locations":[{"start":{"line":62,"column":20},"end":{"line":65,"column":3}}]},"15":{"type":"branch","line":65,"loc":{"start":{"line":65,"column":2},"end":{"line":68,"column":53}},"locations":[{"start":{"line":65,"column":2},"end":{"line":68,"column":53}}]},"16":{"type":"branch","line":68,"loc":{"start":{"line":68,"column":53},"end":{"line":71,"column":3}},"locations":[{"start":{"line":68,"column":53},"end":{"line":71,"column":3}}]},"17":{"type":"branch","line":71,"loc":{"start":{"line":71,"column":2},"end":{"line":91,"column":2}},"locations":[{"start":{"line":71,"column":2},"end":{"line":91,"column":2}}]},"18":{"type":"branch","line":94,"loc":{"start":{"line":94,"column":11},"end":{"line":105,"column":2}},"locations":[{"start":{"line":94,"column":11},"end":{"line":105,"column":2}}]},"19":{"type":"branch","line":95,"loc":{"start":{"line":95,"column":27},"end":{"line":102,"column":3}},"locations":[{"start":{"line":95,"column":27},"end":{"line":102,"column":3}}]},"20":{"type":"branch","line":96,"loc":{"start":{"line":96,"column":34},"end":{"line":99,"column":4}},"locations":[{"start":{"line":96,"column":34},"end":{"line":99,"column":4}}]},"21":{"type":"branch","line":99,"loc":{"start":{"line":99,"column":4},"end":{"line":101,"column":4}},"locations":[{"start":{"line":99,"column":4},"end":{"line":101,"column":4}}]},"22":{"type":"branch","line":108,"loc":{"start":{"line":108,"column":11},"end":{"line":119,"column":2}},"locations":[{"start":{"line":108,"column":11},"end":{"line":119,"column":2}}]},"23":{"type":"branch","line":109,"loc":{"start":{"line":109,"column":27},"end":{"line":116,"column":3}},"locations":[{"start":{"line":109,"column":27},"end":{"line":116,"column":3}}]},"24":{"type":"branch","line":110,"loc":{"start":{"line":110,"column":35},"end":{"line":113,"column":4}},"locations":[{"start":{"line":110,"column":35},"end":{"line":113,"column":4}}]},"25":{"type":"branch","line":113,"loc":{"start":{"line":113,"column":4},"end":{"line":115,"column":4}},"locations":[{"start":{"line":113,"column":4},"end":{"line":115,"column":4}}]},"26":{"type":"branch","line":122,"loc":{"start":{"line":122,"column":11},"end":{"line":136,"column":2}},"locations":[{"start":{"line":122,"column":11},"end":{"line":136,"column":2}}]},"27":{"type":"branch","line":123,"loc":{"start":{"line":123,"column":30},"end":{"line":130,"column":3}},"locations":[{"start":{"line":123,"column":30},"end":{"line":130,"column":3}}]},"28":{"type":"branch","line":133,"loc":{"start":{"line":133,"column":9},"end":{"line":135,"column":3}},"locations":[{"start":{"line":133,"column":9},"end":{"line":135,"column":3}}]},"29":{"type":"branch","line":168,"loc":{"start":{"line":168,"column":18},"end":{"line":168,"column":58}},"locations":[{"start":{"line":168,"column":18},"end":{"line":168,"column":58}}]},"30":{"type":"branch","line":169,"loc":{"start":{"line":169,"column":16},"end":{"line":169,"column":47}},"locations":[{"start":{"line":169,"column":16},"end":{"line":169,"column":47}}]},"31":{"type":"branch","line":173,"loc":{"start":{"line":173,"column":31},"end":{"line":186,"column":15}},"locations":[{"start":{"line":173,"column":31},"end":{"line":186,"column":15}}]},"32":{"type":"branch","line":177,"loc":{"start":{"line":177,"column":19},"end":{"line":180,"column":12}},"locations":[{"start":{"line":177,"column":19},"end":{"line":180,"column":12}}]},"33":{"type":"branch","line":209,"loc":{"start":{"line":209,"column":18},"end":{"line":209,"column":59}},"locations":[{"start":{"line":209,"column":18},"end":{"line":209,"column":59}}]},"34":{"type":"branch","line":210,"loc":{"start":{"line":210,"column":16},"end":{"line":210,"column":48}},"locations":[{"start":{"line":210,"column":16},"end":{"line":210,"column":48}}]},"35":{"type":"branch","line":214,"loc":{"start":{"line":214,"column":32},"end":{"line":227,"column":15}},"locations":[{"start":{"line":214,"column":32},"end":{"line":227,"column":15}}]},"36":{"type":"branch","line":218,"loc":{"start":{"line":218,"column":19},"end":{"line":221,"column":12}},"locations":[{"start":{"line":218,"column":19},"end":{"line":221,"column":12}}]},"37":{"type":"branch","line":248,"loc":{"start":{"line":248,"column":17},"end":{"line":248,"column":53}},"locations":[{"start":{"line":248,"column":17},"end":{"line":248,"column":53}}]},"38":{"type":"branch","line":266,"loc":{"start":{"line":266,"column":17},"end":{"line":266,"column":54}},"locations":[{"start":{"line":266,"column":17},"end":{"line":266,"column":54}}]},"39":{"type":"branch","line":278,"loc":{"start":{"line":278,"column":17},"end":{"line":278,"column":61}},"locations":[{"start":{"line":278,"column":17},"end":{"line":278,"column":61}}]},"40":{"type":"branch","line":294,"loc":{"start":{"line":294,"column":17},"end":{"line":294,"column":55}},"locations":[{"start":{"line":294,"column":17},"end":{"line":294,"column":55}}]},"41":{"type":"branch","line":298,"loc":{"start":{"line":298,"column":23},"end":{"line":298,"column":45}},"locations":[{"start":{"line":298,"column":23},"end":{"line":298,"column":45}}]},"42":{"type":"branch","line":298,"loc":{"start":{"line":298,"column":52},"end":{"line":301,"column":16}},"locations":[{"start":{"line":298,"column":52},"end":{"line":301,"column":16}}]},"43":{"type":"branch","line":314,"loc":{"start":{"line":314,"column":17},"end":{"line":314,"column":61}},"locations":[{"start":{"line":314,"column":17},"end":{"line":314,"column":61}}]},"44":{"type":"branch","line":334,"loc":{"start":{"line":334,"column":15},"end":{"line":337,"column":8}},"locations":[{"start":{"line":334,"column":15},"end":{"line":337,"column":8}}]}},"b":{"0":[89],"1":[12],"2":[5],"3":[3],"4":[1],"5":[48],"6":[23],"7":[8],"8":[1],"9":[7],"10":[1],"11":[6],"12":[1],"13":[5],"14":[1],"15":[4],"16":[1],"17":[3],"18":[31],"19":[31],"20":[14],"21":[17],"22":[26],"23":[26],"24":[10],"25":[16],"26":[16],"27":[1],"28":[16],"29":[13],"30":[5],"31":[5],"32":[1],"33":[8],"34":[2],"35":[1],"36":[1],"37":[6],"38":[5],"39":[2],"40":[1],"41":[623],"42":[534],"43":[2],"44":[1]},"fnMap":{"0":{"name":"SelectVehicle","decl":{"start":{"line":24,"column":7},"end":{"line":349,"column":1}},"loc":{"start":{"line":24,"column":7},"end":{"line":349,"column":1}},"line":24},"1":{"name":"handleSearch","decl":{"start":{"line":45,"column":22},"end":{"line":91,"column":2}},"loc":{"start":{"line":45,"column":22},"end":{"line":91,"column":2}},"line":45},"2":{"name":"fetchSuggestions","decl":{"start":{"line":95,"column":27},"end":{"line":102,"column":3}},"loc":{"start":{"line":95,"column":27},"end":{"line":102,"column":3}},"line":95},"3":{"name":"fetchSuggestions","decl":{"start":{"line":109,"column":27},"end":{"line":116,"column":3}},"loc":{"start":{"line":109,"column":27},"end":{"line":116,"column":3}},"line":109},"4":{"name":"handleClickOutside","decl":{"start":{"line":123,"column":30},"end":{"line":130,"column":3}},"loc":{"start":{"line":123,"column":30},"end":{"line":130,"column":3}},"line":123},"5":{"name":"onChange","decl":{"start":{"line":168,"column":18},"end":{"line":168,"column":58}},"loc":{"start":{"line":168,"column":18},"end":{"line":168,"column":58}},"line":168},"6":{"name":"onFocus","decl":{"start":{"line":169,"column":16},"end":{"line":169,"column":47}},"loc":{"start":{"line":169,"column":16},"end":{"line":169,"column":47}},"line":169},"7":{"name":"onClick","decl":{"start":{"line":177,"column":19},"end":{"line":180,"column":12}},"loc":{"start":{"line":177,"column":19},"end":{"line":180,"column":12}},"line":177},"8":{"name":"onChange","decl":{"start":{"line":209,"column":18},"end":{"line":209,"column":59}},"loc":{"start":{"line":209,"column":18},"end":{"line":209,"column":59}},"line":209},"9":{"name":"onFocus","decl":{"start":{"line":210,"column":16},"end":{"line":210,"column":48}},"loc":{"start":{"line":210,"column":16},"end":{"line":210,"column":48}},"line":210},"10":{"name":"onClick","decl":{"start":{"line":218,"column":19},"end":{"line":221,"column":12}},"loc":{"start":{"line":218,"column":19},"end":{"line":221,"column":12}},"line":218},"11":{"name":"onChange","decl":{"start":{"line":248,"column":17},"end":{"line":248,"column":53}},"loc":{"start":{"line":248,"column":17},"end":{"line":248,"column":53}},"line":248},"12":{"name":"onChange","decl":{"start":{"line":266,"column":17},"end":{"line":266,"column":54}},"loc":{"start":{"line":266,"column":17},"end":{"line":266,"column":54}},"line":266},"13":{"name":"onChange","decl":{"start":{"line":278,"column":17},"end":{"line":278,"column":61}},"loc":{"start":{"line":278,"column":17},"end":{"line":278,"column":61}},"line":278},"14":{"name":"onChange","decl":{"start":{"line":294,"column":17},"end":{"line":294,"column":55}},"loc":{"start":{"line":294,"column":17},"end":{"line":294,"column":55}},"line":294},"15":{"name":"onChange","decl":{"start":{"line":314,"column":17},"end":{"line":314,"column":61}},"loc":{"start":{"line":314,"column":17},"end":{"line":314,"column":61}},"line":314},"16":{"name":"onClick","decl":{"start":{"line":334,"column":15},"end":{"line":337,"column":8}},"loc":{"start":{"line":334,"column":15},"end":{"line":337,"column":8}},"line":334}},"f":{"0":89,"1":8,"2":31,"3":26,"4":1,"5":13,"6":5,"7":1,"8":8,"9":2,"10":1,"11":6,"12":5,"13":2,"14":1,"15":2,"16":1}}
,"/Users/alanrivera/nextjs-project-setup/lib/utils.ts": {"path":"/Users/alanrivera/nextjs-project-setup/lib/utils.ts","all":false,"statementMap":{"0":{"start":{"line":1,"column":0},"end":{"line":1,"column":44}},"1":{"start":{"line":2,"column":0},"end":{"line":2,"column":40}},"2":{"start":{"line":3,"column":0},"end":{"line":3,"column":0}},"3":{"start":{"line":4,"column":0},"end":{"line":4,"column":45}},"4":{"start":{"line":5,"column":0},"end":{"line":5,"column":30}},"5":{"start":{"line":6,"column":0},"end":{"line":6,"column":1}}},"s":{"0":1,"1":1,"2":1,"3":1,"4":5386,"5":5386},"branchMap":{"0":{"type":"branch","line":4,"loc":{"start":{"line":4,"column":7},"end":{"line":6,"column":1}},"locations":[{"start":{"line":4,"column":7},"end":{"line":6,"column":1}}]}},"b":{"0":[5386]},"fnMap":{"0":{"name":"cn","decl":{"start":{"line":4,"column":7},"end":{"line":6,"column":1}},"loc":{"start":{"line":4,"column":7},"end":{"line":6,"column":1}},"line":4}},"f":{"0":5386}}
}
