TN:
SF:components/ui/button.tsx
FN:38,Button
FNF:1
FNH:1
FNDA:712,Button
DA:1,1
DA:2,1
DA:3,1
DA:4,1
DA:5,1
DA:6,1
DA:7,1
DA:8,1
DA:9,1
DA:10,1
DA:11,1
DA:12,1
DA:13,1
DA:14,1
DA:15,1
DA:16,1
DA:17,1
DA:18,1
DA:19,1
DA:20,1
DA:21,1
DA:22,1
DA:23,1
DA:24,1
DA:25,1
DA:26,1
DA:27,1
DA:28,1
DA:29,1
DA:30,1
DA:31,1
DA:32,1
DA:33,1
DA:34,1
DA:35,1
DA:36,1
DA:37,1
DA:38,712
DA:39,712
DA:40,712
DA:41,712
DA:42,712
DA:43,712
DA:44,712
DA:45,712
DA:46,712
DA:47,712
DA:48,712
DA:49,712
DA:50,712
DA:51,712
DA:52,712
DA:53,712
DA:54,712
DA:55,712
DA:56,712
DA:57,712
DA:58,1
DA:59,1
LF:59
LH:59
BRDA:38,0,0,712
BRDA:48,1,0,1
BRDA:48,2,0,711
BRF:3
BRH:3
end_of_record
TN:
SF:components/ui/flight-selection.tsx
FN:26,FlightSelection
FN:43,inc
FN:45,dec
FN:60,findAirport
FN:88,onFromChange
FN:93,onToChange
FN:100,updateLeg
FN:107,onLegFromChange
FN:116,onLegToChange
FN:125,onLegDateChange
FN:126,addLeg
FN:131,removeLeg
FN:138,handleSwap
FN:144,handleSearch
FN:167,onValueChange
FN:180,onClick
FN:207,onClick
FN:217,onClick
FN:237,onClick
FN:247,onClick
FN:264,onChange
FN:288,onFocus
FN:300,onClick
FN:338,onFocus
FN:350,onClick
FN:373,onChange
FN:389,onChange
FN:414,onFocus
FN:419,onChange
FN:430,onClick
FN:451,onClick
FN:472,onFocus
FN:477,onChange
FN:488,onClick
FN:512,onChange
FN:524,onClick
FNF:36
FNH:36
FNDA:256,FlightSelection
FNDA:8,inc
FNDA:2,dec
FNDA:139,findAirport
FNDA:52,onFromChange
FNDA:21,onToChange
FNDA:80,updateLeg
FNDA:35,onLegFromChange
FNDA:31,onLegToChange
FNDA:10,onLegDateChange
FNDA:18,addLeg
FNDA:1,removeLeg
FNDA:2,handleSwap
FNDA:13,handleSearch
FNDA:6,onValueChange
FNDA:34,onClick
FNDA:1,onClick
FNDA:6,onClick
FNDA:1,onClick
FNDA:2,onClick
FNDA:1,onChange
FNDA:5,onFocus
FNDA:1,onClick
FNDA:4,onFocus
FNDA:1,onClick
FNDA:4,onChange
FNDA:5,onChange
FNDA:6,onFocus
FNDA:35,onChange
FNDA:2,onClick
FNDA:1,onClick
FNDA:6,onFocus
FNDA:31,onChange
FNDA:2,onClick
FNDA:10,onChange
FNDA:1,onClick
DA:1,1
DA:2,1
DA:3,1
DA:4,1
DA:5,1
DA:6,1
DA:7,1
DA:8,1
DA:9,1
DA:10,1
DA:11,1
DA:12,1
DA:13,1
DA:14,1
DA:15,1
DA:16,1
DA:17,1
DA:18,1
DA:19,1
DA:20,1
DA:21,1
DA:22,1
DA:23,1
DA:24,1
DA:25,1
DA:26,1
DA:27,256
DA:28,256
DA:29,256
DA:30,256
DA:31,256
DA:32,256
DA:33,256
DA:34,256
DA:35,256
DA:36,256
DA:37,256
DA:38,256
DA:39,256
DA:40,256
DA:41,256
DA:42,256
DA:43,256
DA:44,256
DA:45,256
DA:46,256
DA:47,256
DA:48,256
DA:49,256
DA:50,256
DA:51,256
DA:52,256
DA:53,256
DA:54,256
DA:55,256
DA:56,256
DA:57,256
DA:58,256
DA:59,256
DA:60,256
DA:61,139
DA:62,139
DA:63,139
DA:64,1070022
DA:65,1070022
DA:66,1070022
DA:67,1070022
DA:68,1070022
DA:69,1070022
DA:70,1070022
DA:71,1070022
DA:72,1070022
DA:73,1070022
DA:74,1070022
DA:75,1070022
DA:76,1070022
DA:77,1070022
DA:78,1070022
DA:79,1070022
DA:80,1070022
DA:81,139
DA:82,139
DA:83,139
DA:84,139
DA:85,139
DA:86,256
DA:87,256
DA:88,256
DA:89,52
DA:90,52
DA:91,52
DA:92,256
DA:93,256
DA:94,21
DA:95,21
DA:96,21
DA:97,256
DA:98,256
DA:99,256
DA:100,256
DA:101,80
DA:102,80
DA:103,80
DA:104,80
DA:105,80
DA:106,256
DA:107,256
DA:108,35
DA:109,35
DA:110,35
DA:111,35
DA:112,35
DA:113,35
DA:114,35
DA:115,256
DA:116,256
DA:117,31
DA:118,31
DA:119,31
DA:120,31
DA:121,31
DA:122,31
DA:123,31
DA:124,256
DA:125,256
DA:126,256
DA:127,18
DA:128,18
DA:129,18
DA:130,256
DA:131,256
DA:132,1
DA:133,1
DA:134,1
DA:135,256
DA:136,256
DA:137,256
DA:138,256
DA:139,2
DA:140,2
DA:141,256
DA:142,256
DA:143,256
DA:144,256
DA:145,13
DA:146,13
DA:147,13
DA:148,13
DA:149,13
DA:150,13
DA:151,13
DA:152,13
DA:153,13
DA:154,13
DA:155,13
DA:156,256
DA:157,256
DA:158,256
DA:159,256
DA:160,256
DA:161,256
DA:162,256
DA:163,256
DA:164,256
DA:165,256
DA:166,256
DA:167,256
DA:168,6
DA:169,6
DA:170,1
DA:171,1
DA:172,1
DA:173,1
DA:174,6
DA:175,256
DA:176,256
DA:177,256
DA:178,768
DA:179,768
DA:180,768
DA:181,768
DA:182,768
DA:183,768
DA:184,768
DA:185,768
DA:186,768
DA:187,768
DA:188,768
DA:189,768
DA:190,768
DA:191,256
DA:192,256
DA:193,256
DA:194,256
DA:195,256
DA:196,256
DA:197,256
DA:198,256
DA:199,256
DA:200,256
DA:201,256
DA:202,256
DA:203,256
DA:204,256
DA:205,256
DA:206,256
DA:207,256
DA:208,256
DA:209,256
DA:210,256
DA:211,256
DA:212,256
DA:213,256
DA:214,256
DA:215,256
DA:216,256
DA:217,256
DA:218,256
DA:219,256
DA:220,256
DA:221,256
DA:222,256
DA:223,256
DA:224,256
DA:225,256
DA:226,256
DA:227,256
DA:228,256
DA:229,256
DA:230,256
DA:231,256
DA:232,256
DA:233,256
DA:234,256
DA:235,256
DA:236,256
DA:237,256
DA:238,256
DA:239,256
DA:240,256
DA:241,256
DA:242,256
DA:243,256
DA:244,256
DA:245,256
DA:246,256
DA:247,256
DA:248,256
DA:249,256
DA:250,256
DA:251,256
DA:252,256
DA:253,256
DA:254,256
DA:255,256
DA:256,256
DA:257,256
DA:258,256
DA:259,256
DA:260,256
DA:261,256
DA:262,256
DA:263,256
DA:264,256
DA:265,256
DA:266,256
DA:267,256
DA:268,256
DA:269,256
DA:270,256
DA:271,256
DA:272,256
DA:273,256
DA:274,256
DA:275,256
DA:276,256
DA:277,132
DA:278,132
DA:279,132
DA:280,132
DA:281,132
DA:282,132
DA:283,132
DA:284,132
DA:285,132
DA:286,132
DA:287,132
DA:288,132
DA:289,132
DA:290,132
DA:291,132
DA:292,132
DA:293,132
DA:294,132
DA:295,72
DA:296,72
DA:297,110329
DA:298,110329
DA:299,110329
DA:300,110329
DA:301,1
DA:302,1
DA:303,1
DA:304,110329
DA:305,110329
DA:306,110329
DA:307,110329
DA:308,72
DA:309,72
DA:310,132
DA:311,132
DA:312,132
DA:313,132
DA:314,132
DA:315,132
DA:316,132
DA:317,132
DA:318,132
DA:319,132
DA:320,132
DA:321,132
DA:322,132
DA:323,132
DA:324,132
DA:325,132
DA:326,132
DA:327,132
DA:328,132
DA:329,132
DA:330,132
DA:331,132
DA:332,132
DA:333,132
DA:334,132
DA:335,132
DA:336,132
DA:337,132
DA:338,132
DA:339,132
DA:340,132
DA:341,132
DA:342,132
DA:343,132
DA:344,132
DA:345,26
DA:346,26
DA:347,49702
DA:348,49702
DA:349,49702
DA:350,49702
DA:351,1
DA:352,1
DA:353,1
DA:354,49702
DA:355,49702
DA:356,49702
DA:357,49702
DA:358,26
DA:359,26
DA:360,132
DA:361,132
DA:362,132
DA:363,132
DA:364,132
DA:365,132
DA:366,132
DA:367,132
DA:368,132
DA:369,132
DA:370,132
DA:371,132
DA:372,132
DA:373,132
DA:374,132
DA:375,132
DA:376,132
DA:377,132
DA:378,132
DA:379,132
DA:380,132
DA:381,132
DA:382,132
DA:383,132
DA:384,132
DA:385,132
DA:386,132
DA:387,132
DA:388,132
DA:389,132
DA:390,132
DA:391,132
DA:392,132
DA:393,132
DA:394,132
DA:395,132
DA:396,256
DA:397,256
DA:398,256
DA:399,256
DA:400,256
DA:401,124
DA:402,124
DA:403,223
DA:404,223
DA:405,223
DA:406,223
DA:407,223
DA:408,223
DA:409,223
DA:410,223
DA:411,223
DA:412,223
DA:413,223
DA:414,223
DA:415,6
DA:416,6
DA:417,6
DA:418,6
DA:419,223
DA:420,223
DA:421,223
DA:422,223
DA:423,223
DA:424,223
DA:425,74
DA:426,74
DA:427,100574
DA:428,100574
DA:429,100574
DA:430,100574
DA:431,2
DA:432,2
DA:433,2
DA:434,2
DA:435,2
DA:436,100574
DA:437,100574
DA:438,100574
DA:439,100574
DA:440,74
DA:441,74
DA:442,223
DA:443,223
DA:444,223
DA:445,223
DA:446,223
DA:447,223
DA:448,223
DA:449,223
DA:450,223
DA:451,223
DA:452,1
DA:453,1
DA:454,1
DA:455,1
DA:456,223
DA:457,223
DA:458,223
DA:459,223
DA:460,223
DA:461,223
DA:462,223
DA:463,223
DA:464,223
DA:465,223
DA:466,223
DA:467,223
DA:468,223
DA:469,223
DA:470,223
DA:471,223
DA:472,223
DA:473,6
DA:474,6
DA:475,6
DA:476,6
DA:477,223
DA:478,223
DA:479,223
DA:480,223
DA:481,223
DA:482,223
DA:483,47
DA:484,47
DA:485,81499
DA:486,81499
DA:487,81499
DA:488,81499
DA:489,2
DA:490,2
DA:491,2
DA:492,2
DA:493,2
DA:494,81499
DA:495,81499
DA:496,81499
DA:497,81499
DA:498,47
DA:499,47
DA:500,223
DA:501,223
DA:502,223
DA:503,223
DA:504,223
DA:505,223
DA:506,223
DA:507,223
DA:508,223
DA:509,223
DA:510,223
DA:511,223
DA:512,223
DA:513,223
DA:514,223
DA:515,223
DA:516,223
DA:517,223
DA:518,223
DA:519,223
DA:520,99
DA:521,99
DA:522,99
DA:523,99
DA:524,99
DA:525,99
DA:526,99
DA:527,99
DA:528,99
DA:529,99
DA:530,223
DA:531,223
DA:532,124
DA:533,124
DA:534,124
DA:535,124
DA:536,124
DA:537,124
DA:538,124
DA:539,124
DA:540,124
DA:541,124
DA:542,124
DA:543,3
DA:544,121
DA:545,124
DA:546,124
DA:547,124
DA:548,124
DA:549,124
DA:550,124
DA:551,124
DA:552,256
DA:553,256
DA:554,256
DA:555,256
DA:556,256
DA:557,256
DA:558,256
DA:559,256
DA:560,256
DA:561,256
DA:562,256
DA:563,256
DA:564,256
DA:565,256
LF:565
LH:565
BRDA:26,0,0,256
BRDA:276,1,0,132
BRDA:294,2,0,75
BRDA:294,3,0,72
BRDA:344,4,0,26
BRDA:344,5,0,26
BRDA:372,6,0,5
BRDA:372,7,0,127
BRDA:388,8,0,4
BRDA:388,9,0,128
BRDA:390,10,0,127
BRDA:400,11,0,124
BRDA:543,12,0,3
BRDA:544,13,0,121
BRDA:547,14,0,3
BRDA:547,15,0,121
BRDA:43,16,0,8
BRDA:44,17,0,8
BRDA:45,18,0,2
BRDA:46,19,0,2
BRDA:60,20,0,139
BRDA:63,21,0,1070022
BRDA:66,22,0,6
BRDA:67,23,0,1
BRDA:69,24,0,124961
BRDA:70,25,0,139
BRDA:73,26,0,5282
BRDA:75,27,0,151698
BRDA:76,28,0,84120
BRDA:77,29,0,42580
BRDA:78,30,0,58693
BRDA:79,31,0,65980
BRDA:82,32,0,1070022
BRDA:83,33,0,1569950
BRDA:84,34,0,288111
BRDA:88,35,0,52
BRDA:93,36,0,21
BRDA:100,37,0,80
BRDA:101,38,0,80
BRDA:107,39,0,35
BRDA:110,40,0,35
BRDA:116,41,0,31
BRDA:119,42,0,31
BRDA:125,43,0,10
BRDA:126,44,0,18
BRDA:127,45,0,18
BRDA:128,46,0,18
BRDA:129,47,0,18
BRDA:131,48,0,1
BRDA:132,49,0,1
BRDA:132,50,0,2
BRDA:133,51,0,1
BRDA:133,52,0,2
BRDA:134,53,0,1
BRDA:134,54,0,2
BRDA:138,55,0,2
BRDA:144,56,0,13
BRDA:149,57,0,1
BRDA:149,58,0,12
BRDA:150,59,0,1
BRDA:150,60,0,12
BRDA:151,61,0,2
BRDA:151,62,0,11
BRDA:153,63,0,5
BRDA:153,64,0,8
BRDA:167,65,0,6
BRDA:169,66,0,1
BRDA:177,67,0,768
BRDA:183,68,0,256
BRDA:183,69,0,512
BRDA:180,70,0,34
BRDA:207,71,0,1
BRDA:217,72,0,6
BRDA:237,73,0,1
BRDA:247,74,0,2
BRDA:264,75,0,1
BRDA:288,76,0,5
BRDA:296,77,0,110329
BRDA:300,78,0,1
BRDA:338,79,0,4
BRDA:346,80,0,49702
BRDA:350,81,0,1
BRDA:373,82,0,4
BRDA:373,83,0,3
BRDA:373,84,0,1
BRDA:389,85,0,5
BRDA:389,86,0,3
BRDA:389,87,0,2
BRDA:402,88,0,223
BRDA:424,89,0,74
BRDA:424,90,0,74
BRDA:482,91,0,47
BRDA:482,92,0,47
BRDA:511,93,0,21
BRDA:511,94,0,202
BRDA:519,95,0,99
BRDA:414,96,0,6
BRDA:419,97,0,35
BRDA:426,98,0,100574
BRDA:430,99,0,2
BRDA:451,100,0,1
BRDA:472,101,0,6
BRDA:477,102,0,31
BRDA:484,103,0,81499
BRDA:488,104,0,2
BRDA:512,105,0,10
BRDA:512,106,0,7
BRDA:512,107,0,3
BRDA:524,108,0,1
BRF:109
BRH:109
end_of_record
TN:
SF:components/ui/label.tsx
FN:8,Label
FNF:1
FNH:1
FNDA:2758,Label
DA:1,1
DA:2,1
DA:3,1
DA:4,1
DA:5,1
DA:6,1
DA:7,1
DA:8,2758
DA:9,2758
DA:10,2758
DA:11,2758
DA:12,2758
DA:13,2758
DA:14,2758
DA:15,2758
DA:16,2758
DA:17,2758
DA:18,2758
DA:19,2758
DA:20,2758
DA:21,2758
DA:22,2758
DA:23,1
DA:24,1
LF:24
LH:24
BRDA:8,0,0,2758
BRF:1
BRH:1
end_of_record
TN:
SF:components/ui/radio-group.tsx
FN:9,RadioGroup
FN:22,RadioGroupItem
FNF:2
FNH:2
FNDA:256,RadioGroup
FNDA:768,RadioGroupItem
DA:1,1
DA:2,1
DA:3,1
DA:4,1
DA:5,1
DA:6,1
DA:7,1
DA:8,1
DA:9,256
DA:10,256
DA:11,256
DA:12,256
DA:13,256
DA:14,256
DA:15,256
DA:16,256
DA:17,256
DA:18,256
DA:19,256
DA:20,256
DA:21,1
DA:22,768
DA:23,768
DA:24,768
DA:25,768
DA:26,768
DA:27,768
DA:28,768
DA:29,768
DA:30,768
DA:31,768
DA:32,768
DA:33,768
DA:34,768
DA:35,768
DA:36,768
DA:37,768
DA:38,768
DA:39,768
DA:40,768
DA:41,768
DA:42,768
DA:43,768
DA:44,1
DA:45,1
LF:45
LH:45
BRDA:9,0,0,256
BRDA:22,1,0,768
BRF:2
BRH:2
end_of_record
TN:
SF:components/ui/search-carousel.tsx
FN:14,CarouselDemo
FNF:1
FNH:1
FNDA:2,CarouselDemo
DA:1,1
DA:2,1
DA:3,1
DA:4,1
DA:5,1
DA:6,1
DA:7,1
DA:8,1
DA:9,1
DA:10,1
DA:11,1
DA:12,1
DA:13,1
DA:14,1
DA:15,2
DA:16,2
DA:17,2
DA:18,2
DA:19,2
DA:20,2
DA:21,2
DA:22,2
DA:23,2
DA:24,2
DA:25,2
DA:26,2
DA:27,2
DA:28,2
DA:29,2
DA:30,2
DA:31,2
DA:32,2
LF:32
LH:32
BRDA:14,0,0,2
BRF:1
BRH:1
end_of_record
TN:
SF:components/ui/select-hotel.tsx
FN:7,SelectHotel
FN:16,handleClick
FN:60,onChange
FN:75,onChange
FN:196,onClick
FNF:5
FNH:5
FNDA:26,SelectHotel
FNDA:8,handleClick
FNDA:7,onChange
FNDA:7,onChange
FNDA:8,onClick
DA:1,1
DA:2,1
DA:3,1
DA:4,1
DA:5,1
DA:6,1
DA:7,1
DA:8,26
DA:9,26
DA:10,26
DA:11,26
DA:12,26
DA:13,26
DA:14,26
DA:15,26
DA:16,26
DA:17,8
DA:18,8
DA:19,8
DA:20,8
DA:21,8
DA:22,8
DA:23,8
DA:24,8
DA:25,8
DA:26,8
DA:27,26
DA:28,26
DA:29,26
DA:30,26
DA:31,26
DA:32,26
DA:33,26
DA:34,26
DA:35,26
DA:36,26
DA:37,26
DA:38,26
DA:39,26
DA:40,26
DA:41,26
DA:42,26
DA:43,26
DA:44,26
DA:45,26
DA:46,26
DA:47,26
DA:48,26
DA:49,26
DA:50,26
DA:51,26
DA:52,26
DA:53,26
DA:54,26
DA:55,26
DA:56,26
DA:57,26
DA:58,26
DA:59,26
DA:60,26
DA:61,26
DA:62,26
DA:63,26
DA:64,26
DA:65,26
DA:66,26
DA:67,26
DA:68,26
DA:69,26
DA:70,26
DA:71,26
DA:72,26
DA:73,26
DA:74,26
DA:75,26
DA:76,26
DA:77,26
DA:78,26
DA:79,26
DA:80,26
DA:81,26
DA:82,26
DA:83,26
DA:84,26
DA:85,26
DA:86,26
DA:87,26
DA:88,26
DA:89,26
DA:90,26
DA:91,26
DA:92,26
DA:93,26
DA:94,26
DA:95,26
DA:96,26
DA:97,26
DA:98,26
DA:99,26
DA:100,26
DA:101,26
DA:102,26
DA:103,26
DA:104,26
DA:105,26
DA:106,26
DA:107,26
DA:108,26
DA:109,26
DA:110,26
DA:111,26
DA:112,26
DA:113,26
DA:114,26
DA:115,26
DA:116,26
DA:117,26
DA:118,26
DA:119,26
DA:120,26
DA:121,26
DA:122,26
DA:123,26
DA:124,26
DA:125,26
DA:126,26
DA:127,26
DA:128,26
DA:129,26
DA:130,26
DA:131,26
DA:132,26
DA:133,26
DA:134,26
DA:135,26
DA:136,26
DA:137,26
DA:138,26
DA:139,26
DA:140,26
DA:141,26
DA:142,26
DA:143,26
DA:144,26
DA:145,26
DA:146,26
DA:147,26
DA:148,26
DA:149,26
DA:150,26
DA:151,26
DA:152,26
DA:153,26
DA:154,26
DA:155,26
DA:156,26
DA:157,26
DA:158,26
DA:159,26
DA:160,26
DA:161,26
DA:162,26
DA:163,26
DA:164,26
DA:165,26
DA:166,26
DA:167,26
DA:168,26
DA:169,26
DA:170,26
DA:171,26
DA:172,26
DA:173,26
DA:174,26
DA:175,26
DA:176,26
DA:177,26
DA:178,26
DA:179,26
DA:180,26
DA:181,26
DA:182,26
DA:183,26
DA:184,26
DA:185,26
DA:186,26
DA:187,26
DA:188,26
DA:189,26
DA:190,26
DA:191,26
DA:192,26
DA:193,26
DA:194,26
DA:195,26
DA:196,26
DA:197,8
DA:198,8
DA:199,8
DA:200,26
DA:201,26
DA:202,26
DA:203,26
DA:204,26
DA:205,26
DA:206,26
LF:206
LH:206
BRDA:7,0,0,26
BRDA:59,1,0,9
BRDA:59,2,0,17
BRDA:74,3,0,7
BRDA:74,4,0,19
BRDA:16,5,0,8
BRDA:20,6,0,2
BRDA:20,7,0,6
BRDA:21,8,0,2
BRDA:21,9,0,6
BRDA:60,10,0,7
BRDA:60,11,0,5
BRDA:60,12,0,2
BRDA:75,13,0,7
BRDA:75,14,0,5
BRDA:75,15,0,2
BRDA:196,16,0,8
BRF:17
BRH:17
end_of_record
TN:
SF:components/ui/select-vehicle.tsx
FN:24,SelectVehicle
FN:45,handleSearch
FN:95,fetchSuggestions
FN:109,fetchSuggestions
FN:123,handleClickOutside
FN:168,onChange
FN:169,onFocus
FN:177,onClick
FN:209,onChange
FN:210,onFocus
FN:218,onClick
FN:248,onChange
FN:266,onChange
FN:278,onChange
FN:294,onChange
FN:314,onChange
FN:334,onClick
FNF:17
FNH:17
FNDA:89,SelectVehicle
FNDA:8,handleSearch
FNDA:31,fetchSuggestions
FNDA:26,fetchSuggestions
FNDA:1,handleClickOutside
FNDA:13,onChange
FNDA:5,onFocus
FNDA:1,onClick
FNDA:8,onChange
FNDA:2,onFocus
FNDA:1,onClick
FNDA:6,onChange
FNDA:5,onChange
FNDA:2,onChange
FNDA:1,onChange
FNDA:2,onChange
FNDA:1,onClick
DA:1,1
DA:2,1
DA:3,1
DA:4,1
DA:5,1
DA:6,1
DA:7,1
DA:8,1
DA:9,1
DA:10,1
DA:11,1
DA:12,1
DA:13,1
DA:14,1
DA:15,1
DA:16,1
DA:17,1
DA:18,1
DA:19,1
DA:20,1
DA:21,1
DA:22,1
DA:23,1
DA:24,1
DA:25,89
DA:26,89
DA:27,89
DA:28,89
DA:29,89
DA:30,89
DA:31,89
DA:32,89
DA:33,89
DA:34,89
DA:35,89
DA:36,89
DA:37,89
DA:38,89
DA:39,89
DA:40,89
DA:41,89
DA:42,89
DA:43,89
DA:44,89
DA:45,89
DA:46,8
DA:47,8
DA:48,1
DA:49,1
DA:50,1
DA:51,7
DA:52,8
DA:53,1
DA:54,1
DA:55,1
DA:56,6
DA:57,8
DA:58,1
DA:59,1
DA:60,1
DA:61,5
DA:62,8
DA:63,1
DA:64,1
DA:65,1
DA:66,4
DA:67,4
DA:68,8
DA:69,1
DA:70,1
DA:71,1
DA:72,3
DA:73,3
DA:74,3
DA:75,3
DA:76,3
DA:77,3
DA:78,3
DA:79,3
DA:80,3
DA:81,3
DA:82,3
DA:83,3
DA:84,3
DA:85,3
DA:86,3
DA:87,3
DA:88,3
DA:89,3
DA:90,3
DA:91,89
DA:92,89
DA:93,89
DA:94,89
DA:95,31
DA:96,31
DA:97,14
DA:98,14
DA:99,31
DA:100,17
DA:101,17
DA:102,31
DA:103,31
DA:104,31
DA:105,89
DA:106,89
DA:107,89
DA:108,89
DA:109,26
DA:110,26
DA:111,10
DA:112,10
DA:113,26
DA:114,16
DA:115,16
DA:116,26
DA:117,26
DA:118,26
DA:119,89
DA:120,89
DA:121,89
DA:122,89
DA:123,16
DA:124,1
DA:125,1
DA:126,1
DA:127,1
DA:128,1
DA:129,1
DA:130,16
DA:131,16
DA:132,16
DA:133,16
DA:134,16
DA:135,16
DA:136,89
DA:137,89
DA:138,89
DA:139,89
DA:140,89
DA:141,89
DA:142,89
DA:143,89
DA:144,89
DA:145,89
DA:146,89
DA:147,89
DA:148,89
DA:149,89
DA:150,89
DA:151,89
DA:152,89
DA:153,89
DA:154,89
DA:155,89
DA:156,89
DA:157,89
DA:158,89
DA:159,89
DA:160,89
DA:161,89
DA:162,89
DA:163,89
DA:164,89
DA:165,89
DA:166,89
DA:167,89
DA:168,89
DA:169,89
DA:170,89
DA:171,89
DA:172,5
DA:173,5
DA:174,5
DA:175,5
DA:176,5
DA:177,5
DA:178,1
DA:179,1
DA:180,1
DA:181,5
DA:182,5
DA:183,5
DA:184,5
DA:185,5
DA:186,5
DA:187,5
DA:188,5
DA:189,89
DA:190,89
DA:191,89
DA:192,89
DA:193,89
DA:194,89
DA:195,89
DA:196,89
DA:197,89
DA:198,89
DA:199,89
DA:200,89
DA:201,89
DA:202,89
DA:203,89
DA:204,89
DA:205,89
DA:206,89
DA:207,89
DA:208,89
DA:209,89
DA:210,89
DA:211,89
DA:212,89
DA:213,1
DA:214,1
DA:215,1
DA:216,1
DA:217,1
DA:218,1
DA:219,1
DA:220,1
DA:221,1
DA:222,1
DA:223,1
DA:224,1
DA:225,1
DA:226,1
DA:227,1
DA:228,1
DA:229,1
DA:230,89
DA:231,89
DA:232,89
DA:233,89
DA:234,89
DA:235,89
DA:236,89
DA:237,89
DA:238,89
DA:239,89
DA:240,89
DA:241,89
DA:242,89
DA:243,89
DA:244,89
DA:245,89
DA:246,89
DA:247,89
DA:248,89
DA:249,89
DA:250,89
DA:251,89
DA:252,89
DA:253,89
DA:254,89
DA:255,89
DA:256,89
DA:257,89
DA:258,89
DA:259,89
DA:260,89
DA:261,89
DA:262,89
DA:263,89
DA:264,89
DA:265,89
DA:266,89
DA:267,89
DA:268,89
DA:269,89
DA:270,89
DA:271,89
DA:272,89
DA:273,89
DA:274,89
DA:275,89
DA:276,89
DA:277,89
DA:278,89
DA:279,89
DA:280,89
DA:281,89
DA:282,89
DA:283,89
DA:284,89
DA:285,89
DA:286,89
DA:287,89
DA:288,89
DA:289,89
DA:290,89
DA:291,89
DA:292,89
DA:293,89
DA:294,89
DA:295,89
DA:296,89
DA:297,89
DA:298,89
DA:299,534
DA:300,534
DA:301,534
DA:302,89
DA:303,89
DA:304,89
DA:305,89
DA:306,89
DA:307,89
DA:308,89
DA:309,89
DA:310,89
DA:311,89
DA:312,89
DA:313,89
DA:314,89
DA:315,89
DA:316,89
DA:317,89
DA:318,89
DA:319,89
DA:320,89
DA:321,89
DA:322,89
DA:323,89
DA:324,89
DA:325,89
DA:326,89
DA:327,89
DA:328,89
DA:329,89
DA:330,89
DA:331,89
DA:332,23
DA:333,23
DA:334,23
DA:335,1
DA:336,1
DA:337,1
DA:338,23
DA:339,23
DA:340,23
DA:341,23
DA:342,23
DA:343,23
DA:344,23
DA:345,23
DA:346,89
DA:347,89
DA:348,89
DA:349,89
LF:349
LH:349
BRDA:24,0,0,89
BRDA:171,1,0,12
BRDA:171,2,0,5
BRDA:212,3,0,3
BRDA:212,4,0,1
BRDA:331,5,0,48
BRDA:331,6,0,23
BRDA:45,7,0,8
BRDA:47,8,0,1
BRDA:50,9,0,7
BRDA:52,10,0,1
BRDA:55,11,0,6
BRDA:57,12,0,1
BRDA:60,13,0,5
BRDA:62,14,0,1
BRDA:65,15,0,4
BRDA:68,16,0,1
BRDA:71,17,0,3
BRDA:94,18,0,31
BRDA:95,19,0,31
BRDA:96,20,0,14
BRDA:99,21,0,17
BRDA:108,22,0,26
BRDA:109,23,0,26
BRDA:110,24,0,10
BRDA:113,25,0,16
BRDA:122,26,0,16
BRDA:123,27,0,1
BRDA:133,28,0,16
BRDA:168,29,0,13
BRDA:169,30,0,5
BRDA:173,31,0,5
BRDA:177,32,0,1
BRDA:209,33,0,8
BRDA:210,34,0,2
BRDA:214,35,0,1
BRDA:218,36,0,1
BRDA:248,37,0,6
BRDA:266,38,0,5
BRDA:278,39,0,2
BRDA:294,40,0,1
BRDA:298,41,0,623
BRDA:298,42,0,534
BRDA:314,43,0,2
BRDA:334,44,0,1
BRF:45
BRH:45
end_of_record
TN:
SF:lib/utils.ts
FN:4,cn
FNF:1
FNH:1
FNDA:5386,cn
DA:1,1
DA:2,1
DA:3,1
DA:4,1
DA:5,5386
DA:6,5386
LF:6
LH:6
BRDA:4,0,0,5386
BRF:1
BRH:1
end_of_record
